[2025-09-29T11:01:31.886+0000] {taskinstance.py:1159} INFO - Dependencies all met for dep_context=non-requeueable deps ti=<TaskInstance: spotify_etl_pipeline.gold_view manual__2025-09-29T11:01:11.359412+00:00 [queued]>
[2025-09-29T11:01:31.911+0000] {taskinstance.py:1159} INFO - Dependencies all met for dep_context=requeueable deps ti=<TaskInstance: spotify_etl_pipeline.gold_view manual__2025-09-29T11:01:11.359412+00:00 [queued]>
[2025-09-29T11:01:31.914+0000] {taskinstance.py:1361} INFO - Starting attempt 1 of 6
[2025-09-29T11:01:33.105+0000] {taskinstance.py:1382} INFO - Executing <Task(PythonOperator): gold_view> on 2025-09-29 11:01:11.359412+00:00
[2025-09-29T11:01:33.182+0000] {standard_task_runner.py:57} INFO - Started process 4770 to run task
[2025-09-29T11:01:33.226+0000] {standard_task_runner.py:84} INFO - Running: ['***', 'tasks', 'run', 'spotify_etl_pipeline', 'gold_view', 'manual__2025-09-29T11:01:11.359412+00:00', '--job-id', '2901', '--raw', '--subdir', 'DAGS_FOLDER/spotify_dag.py', '--cfg-path', '/tmp/tmpjyj64y45']
[2025-09-29T11:01:33.245+0000] {standard_task_runner.py:85} INFO - Job 2901: Subtask gold_view
[2025-09-29T11:01:34.651+0000] {task_command.py:415} INFO - Running <TaskInstance: spotify_etl_pipeline.gold_view manual__2025-09-29T11:01:11.359412+00:00 [running]> on host 8522660cfb6a
[2025-09-29T11:01:35.152+0000] {taskinstance.py:1660} INFO - Exporting env vars: AIRFLOW_CTX_DAG_OWNER='***' AIRFLOW_CTX_DAG_ID='spotify_etl_pipeline' AIRFLOW_CTX_TASK_ID='gold_view' AIRFLOW_CTX_EXECUTION_DATE='2025-09-29T11:01:11.359412+00:00' AIRFLOW_CTX_TRY_NUMBER='1' AIRFLOW_CTX_DAG_RUN_ID='manual__2025-09-29T11:01:11.359412+00:00'
[2025-09-29T11:01:35.191+0000] {logging_mixin.py:151} INFO - Executed sql/views/listening_history/view_monthly_genre_distribution.sql
[2025-09-29T11:01:35.199+0000] {logging_mixin.py:151} INFO - Executed sql/views/listening_history/view_monthly_genre_top_artists.sql
[2025-09-29T11:01:35.206+0000] {logging_mixin.py:151} INFO - Executed sql/views/listening_history/view_top_artists.sql
[2025-09-29T11:01:35.213+0000] {logging_mixin.py:151} INFO - Executed sql/views/listening_history/view_top_songs.sql
[2025-09-29T11:01:35.220+0000] {logging_mixin.py:151} INFO - Executed sql/views/listening_history/view_total_listening_by_day.sql
[2025-09-29T11:01:35.227+0000] {logging_mixin.py:151} INFO - Executed sql/views/listening_history/view_total_listening_overall.sql
[2025-09-29T11:01:35.236+0000] {logging_mixin.py:151} INFO - Executed sql/views/listening_history/view_top_songs_with_preview.sql
[2025-09-29T11:01:35.244+0000] {logging_mixin.py:151} INFO - Executed sql/views/listening_history/view_top_artists_with_preview.sql
[2025-09-29T11:01:35.253+0000] {logging_mixin.py:151} INFO - ✅ All SQL scripts executed successfully
[2025-09-29T11:01:35.254+0000] {python.py:194} INFO - Done. Returned value was: None
[2025-09-29T11:01:35.277+0000] {taskinstance.py:1400} INFO - Marking task as SUCCESS. dag_id=spotify_etl_pipeline, task_id=gold_view, execution_date=20250929T110111, start_date=20250929T110131, end_date=20250929T110135
[2025-09-29T11:01:35.348+0000] {local_task_job_runner.py:228} INFO - Task exited with return code 0
[2025-09-29T11:01:36.184+0000] {taskinstance.py:2784} INFO - 2 downstream tasks scheduled from follow-on schedule check
