[2025-09-14T12:00:18.654+0000] {taskinstance.py:1159} INFO - Dependencies all met for dep_context=non-requeueable deps ti=<TaskInstance: spotify_etl_pipeline.gold_transform scheduled__2025-09-14T11:00:00+00:00 [queued]>
[2025-09-14T12:00:18.661+0000] {taskinstance.py:1159} INFO - Dependencies all met for dep_context=requeueable deps ti=<TaskInstance: spotify_etl_pipeline.gold_transform scheduled__2025-09-14T11:00:00+00:00 [queued]>
[2025-09-14T12:00:18.661+0000] {taskinstance.py:1361} INFO - Starting attempt 1 of 6
[2025-09-14T12:00:18.670+0000] {taskinstance.py:1382} INFO - Executing <Task(PythonOperator): gold_transform> on 2025-09-14 11:00:00+00:00
[2025-09-14T12:00:18.676+0000] {standard_task_runner.py:57} INFO - Started process 11480 to run task
[2025-09-14T12:00:18.679+0000] {standard_task_runner.py:84} INFO - Running: ['***', 'tasks', 'run', 'spotify_etl_pipeline', 'gold_transform', 'scheduled__2025-09-14T11:00:00+00:00', '--job-id', '665', '--raw', '--subdir', 'DAGS_FOLDER/spotify_dag.py', '--cfg-path', '/tmp/tmp3alg2k41']
[2025-09-14T12:00:18.685+0000] {standard_task_runner.py:85} INFO - Job 665: Subtask gold_transform
[2025-09-14T12:00:18.725+0000] {task_command.py:415} INFO - Running <TaskInstance: spotify_etl_pipeline.gold_transform scheduled__2025-09-14T11:00:00+00:00 [running]> on host 0d0cd054d690
[2025-09-14T12:00:18.972+0000] {taskinstance.py:1660} INFO - Exporting env vars: AIRFLOW_CTX_DAG_OWNER='***' AIRFLOW_CTX_DAG_ID='spotify_etl_pipeline' AIRFLOW_CTX_TASK_ID='gold_transform' AIRFLOW_CTX_EXECUTION_DATE='2025-09-14T11:00:00+00:00' AIRFLOW_CTX_TRY_NUMBER='1' AIRFLOW_CTX_DAG_RUN_ID='scheduled__2025-09-14T11:00:00+00:00'
[2025-09-14T12:00:18.985+0000] {taskinstance.py:1943} ERROR - Task failed with exception
Traceback (most recent call last):
  File "/home/airflow/.local/lib/python3.8/site-packages/airflow/operators/python.py", line 192, in execute
    return_value = self.execute_callable()
  File "/home/airflow/.local/lib/python3.8/site-packages/airflow/operators/python.py", line 209, in execute_callable
    return self.python_callable(*self.op_args, **self.op_kwargs)
  File "/opt/airflow/etl/db_utils.py", line 11, in run_sql_scripts
    cur.execute(sql)
psycopg2.errors.DependentObjectsStillExist: cannot drop table gold.fact_listening_history because other objects depend on it
DETAIL:  view gold.view_top_songs depends on table gold.fact_listening_history
view gold.view_total_listening_by_day depends on table gold.fact_listening_history
view gold.view_total_listening_overall depends on table gold.fact_listening_history
view gold.view_top_artists depends on table gold.fact_listening_history
view gold.view_monthly_genre_distribution depends on table gold.fact_listening_history
view gold.view_monthly_genre_top_artists depends on table gold.fact_listening_history
HINT:  Use DROP ... CASCADE to drop the dependent objects too.

[2025-09-14T12:00:18.995+0000] {taskinstance.py:1400} INFO - Marking task as UP_FOR_RETRY. dag_id=spotify_etl_pipeline, task_id=gold_transform, execution_date=20250914T110000, start_date=20250914T120018, end_date=20250914T120018
[2025-09-14T12:00:19.003+0000] {standard_task_runner.py:104} ERROR - Failed to execute job 665 for task gold_transform (cannot drop table gold.fact_listening_history because other objects depend on it
DETAIL:  view gold.view_top_songs depends on table gold.fact_listening_history
view gold.view_total_listening_by_day depends on table gold.fact_listening_history
view gold.view_total_listening_overall depends on table gold.fact_listening_history
view gold.view_top_artists depends on table gold.fact_listening_history
view gold.view_monthly_genre_distribution depends on table gold.fact_listening_history
view gold.view_monthly_genre_top_artists depends on table gold.fact_listening_history
HINT:  Use DROP ... CASCADE to drop the dependent objects too.
; 11480)
[2025-09-14T12:00:19.041+0000] {local_task_job_runner.py:228} INFO - Task exited with return code 1
[2025-09-14T12:00:19.054+0000] {taskinstance.py:2784} INFO - 0 downstream tasks scheduled from follow-on schedule check
