[2025-09-12T05:26:07.852+0000] {taskinstance.py:1159} INFO - Dependencies all met for dep_context=non-requeueable deps ti=<TaskInstance: spotify_saved_tracks_etl_pipeline.extract_saved_tracks manual__2025-09-12T05:20:59.612932+00:00 [queued]>
[2025-09-12T05:26:07.861+0000] {taskinstance.py:1159} INFO - Dependencies all met for dep_context=requeueable deps ti=<TaskInstance: spotify_saved_tracks_etl_pipeline.extract_saved_tracks manual__2025-09-12T05:20:59.612932+00:00 [queued]>
[2025-09-12T05:26:07.862+0000] {taskinstance.py:1361} INFO - Starting attempt 1 of 2
[2025-09-12T05:26:07.968+0000] {taskinstance.py:1382} INFO - Executing <Task(PythonOperator): extract_saved_tracks> on 2025-09-12 05:20:59.612932+00:00
[2025-09-12T05:26:07.984+0000] {standard_task_runner.py:57} INFO - Started process 23882 to run task
[2025-09-12T05:26:07.992+0000] {standard_task_runner.py:84} INFO - Running: ['***', 'tasks', 'run', 'spotify_saved_tracks_etl_pipeline', 'extract_saved_tracks', 'manual__2025-09-12T05:20:59.612932+00:00', '--job-id', '297', '--raw', '--subdir', 'DAGS_FOLDER/spotify_saved_dag.py', '--cfg-path', '/tmp/tmpv3u7il6w']
[2025-09-12T05:26:08.005+0000] {standard_task_runner.py:85} INFO - Job 297: Subtask extract_saved_tracks
[2025-09-12T05:26:08.073+0000] {task_command.py:415} INFO - Running <TaskInstance: spotify_saved_tracks_etl_pipeline.extract_saved_tracks manual__2025-09-12T05:20:59.612932+00:00 [running]> on host 0d0cd054d690
[2025-09-12T05:26:08.277+0000] {taskinstance.py:1660} INFO - Exporting env vars: AIRFLOW_CTX_DAG_OWNER='***' AIRFLOW_CTX_DAG_ID='spotify_saved_tracks_etl_pipeline' AIRFLOW_CTX_TASK_ID='extract_saved_tracks' AIRFLOW_CTX_EXECUTION_DATE='2025-09-12T05:20:59.612932+00:00' AIRFLOW_CTX_TRY_NUMBER='1' AIRFLOW_CTX_DAG_RUN_ID='manual__2025-09-12T05:20:59.612932+00:00'
[2025-09-12T05:26:09.405+0000] {logging_mixin.py:151} INFO - Fetched 50 saved songs so far...
[2025-09-12T05:26:10.619+0000] {logging_mixin.py:151} INFO - Fetched 100 saved songs so far...
[2025-09-12T05:26:11.512+0000] {logging_mixin.py:151} INFO - Fetched 150 saved songs so far...
[2025-09-12T05:26:12.081+0000] {logging_mixin.py:151} INFO - Fetched 200 saved songs so far...
[2025-09-12T05:26:12.694+0000] {logging_mixin.py:151} INFO - Fetched 250 saved songs so far...
[2025-09-12T05:26:13.206+0000] {logging_mixin.py:151} INFO - Fetched 300 saved songs so far...
[2025-09-12T05:26:13.732+0000] {logging_mixin.py:151} INFO - Fetched 350 saved songs so far...
[2025-09-12T05:26:14.337+0000] {logging_mixin.py:151} INFO - Fetched 400 saved songs so far...
[2025-09-12T05:26:15.234+0000] {logging_mixin.py:151} INFO - Fetched 450 saved songs so far...
[2025-09-12T05:26:15.710+0000] {logging_mixin.py:151} INFO - Fetched 500 saved songs so far...
[2025-09-12T05:26:16.378+0000] {logging_mixin.py:151} INFO - Fetched 550 saved songs so far...
[2025-09-12T05:26:16.900+0000] {logging_mixin.py:151} INFO - Fetched 600 saved songs so far...
[2025-09-12T05:26:17.730+0000] {logging_mixin.py:151} INFO - Fetched 650 saved songs so far...
[2025-09-12T05:26:18.225+0000] {logging_mixin.py:151} INFO - Fetched 700 saved songs so far...
[2025-09-12T05:26:19.579+0000] {logging_mixin.py:151} INFO - Fetched 750 saved songs so far...
[2025-09-12T05:26:20.130+0000] {logging_mixin.py:151} INFO - Fetched 800 saved songs so far...
[2025-09-12T05:26:20.659+0000] {logging_mixin.py:151} INFO - Fetched 835 saved songs so far...
[2025-09-12T05:26:20.930+0000] {logging_mixin.py:151} INFO - ✅ Saved 835 tracks to data/saved_songs.csv
[2025-09-12T05:26:20.935+0000] {python.py:194} INFO - Done. Returned value was:                  added_at  ...   last_updated_datetime_utc
0    2025-09-12T05:26:05Z  ...  2025-09-12T05:26:09.399972
1    2025-09-12T04:52:43Z  ...  2025-09-12T05:26:09.400027
2    2025-09-12T04:39:30Z  ...  2025-09-12T05:26:09.400033
3    2025-09-12T04:34:16Z  ...  2025-09-12T05:26:09.400037
4    2025-09-12T02:58:49Z  ...  2025-09-12T05:26:09.400040
..                    ...  ...                         ...
830  2020-09-19T06:10:29Z  ...  2025-09-12T05:26:20.659774
831  2020-07-26T05:59:55Z  ...  2025-09-12T05:26:20.659776
832  2020-05-18T15:09:45Z  ...  2025-09-12T05:26:20.659778
833  2020-02-11T23:49:58Z  ...  2025-09-12T05:26:20.659780
834  2019-01-24T01:14:54Z  ...  2025-09-12T05:26:20.659782

[835 rows x 11 columns]
[2025-09-12T05:26:21.188+0000] {taskinstance.py:1400} INFO - Marking task as SUCCESS. dag_id=spotify_saved_tracks_etl_pipeline, task_id=extract_saved_tracks, execution_date=20250912T052059, start_date=20250912T052607, end_date=20250912T052621
[2025-09-12T05:26:21.259+0000] {local_task_job_runner.py:228} INFO - Task exited with return code 0
[2025-09-12T05:26:21.338+0000] {taskinstance.py:2784} INFO - 1 downstream tasks scheduled from follow-on schedule check
