[2025-09-29T11:01:24.926+0000] {taskinstance.py:1159} INFO - Dependencies all met for dep_context=non-requeueable deps ti=<TaskInstance: spotify_etl_pipeline.extract_songs manual__2025-09-29T11:01:11.359412+00:00 [queued]>
[2025-09-29T11:01:24.939+0000] {taskinstance.py:1159} INFO - Dependencies all met for dep_context=requeueable deps ti=<TaskInstance: spotify_etl_pipeline.extract_songs manual__2025-09-29T11:01:11.359412+00:00 [queued]>
[2025-09-29T11:01:24.940+0000] {taskinstance.py:1361} INFO - Starting attempt 1 of 6
[2025-09-29T11:01:24.957+0000] {taskinstance.py:1382} INFO - Executing <Task(PythonOperator): extract_songs> on 2025-09-29 11:01:11.359412+00:00
[2025-09-29T11:01:24.971+0000] {standard_task_runner.py:57} INFO - Started process 4762 to run task
[2025-09-29T11:01:24.975+0000] {standard_task_runner.py:84} INFO - Running: ['***', 'tasks', 'run', 'spotify_etl_pipeline', 'extract_songs', 'manual__2025-09-29T11:01:11.359412+00:00', '--job-id', '2898', '--raw', '--subdir', 'DAGS_FOLDER/spotify_dag.py', '--cfg-path', '/tmp/tmpo9vzp7ak']
[2025-09-29T11:01:24.980+0000] {standard_task_runner.py:85} INFO - Job 2898: Subtask extract_songs
[2025-09-29T11:01:26.224+0000] {task_command.py:415} INFO - Running <TaskInstance: spotify_etl_pipeline.extract_songs manual__2025-09-29T11:01:11.359412+00:00 [running]> on host 8522660cfb6a
[2025-09-29T11:01:26.420+0000] {taskinstance.py:1660} INFO - Exporting env vars: AIRFLOW_CTX_DAG_OWNER='***' AIRFLOW_CTX_DAG_ID='spotify_etl_pipeline' AIRFLOW_CTX_TASK_ID='extract_songs' AIRFLOW_CTX_EXECUTION_DATE='2025-09-29T11:01:11.359412+00:00' AIRFLOW_CTX_TRY_NUMBER='1' AIRFLOW_CTX_DAG_RUN_ID='manual__2025-09-29T11:01:11.359412+00:00'
[2025-09-29T11:01:31.634+0000] {logging_mixin.py:151} INFO - ✅ Saved 22 artist images to data/artist_images.csv
[2025-09-29T11:01:31.642+0000] {python.py:194} INFO - Done. Returned value was: (               played_at_utc  ...   last_updated_datetime_utc
0   2025-09-29T10:20:30.642Z  ...  2025-09-29T11:01:26.960647
1   2025-09-29T10:20:02.593Z  ...  2025-09-29T11:01:26.960672
2   2025-09-29T06:09:16.476Z  ...  2025-09-29T11:01:26.960678
3   2025-09-29T05:26:07.884Z  ...  2025-09-29T11:01:26.960684
4   2025-09-28T12:08:22.737Z  ...  2025-09-29T11:01:26.960690
5   2025-09-28T11:59:41.651Z  ...  2025-09-29T11:01:26.960694
6   2025-09-28T11:56:14.013Z  ...  2025-09-29T11:01:26.960698
7   2025-09-28T11:52:44.964Z  ...  2025-09-29T11:01:26.960702
8   2025-09-28T11:47:42.054Z  ...  2025-09-29T11:01:26.960706
9   2025-09-28T11:44:42.952Z  ...  2025-09-29T11:01:26.960711
10  2025-09-28T11:41:03.707Z  ...  2025-09-29T11:01:26.960715
11  2025-09-28T11:36:28.765Z  ...  2025-09-29T11:01:26.960719
12  2025-09-28T11:33:59.111Z  ...  2025-09-29T11:01:26.960721
13  2025-09-28T11:30:34.525Z  ...  2025-09-29T11:01:26.960725
14  2025-09-28T11:25:28.617Z  ...  2025-09-29T11:01:26.960729
15  2025-09-28T11:21:49.983Z  ...  2025-09-29T11:01:26.960733
16  2025-09-28T11:18:16.060Z  ...  2025-09-29T11:01:26.960735
17  2025-09-28T11:14:18.043Z  ...  2025-09-29T11:01:26.960738
18  2025-09-28T11:10:53.410Z  ...  2025-09-29T11:01:26.960742
19  2025-09-28T11:10:39.907Z  ...  2025-09-29T11:01:26.960760
20  2025-09-28T07:45:41.148Z  ...  2025-09-29T11:01:26.960764
21  2025-09-28T07:41:42.851Z  ...  2025-09-29T11:01:26.960768
22  2025-09-28T07:36:50.489Z  ...  2025-09-29T11:01:26.960772
23  2025-09-28T07:31:42.719Z  ...  2025-09-29T11:01:26.960775
24  2025-09-28T07:27:36.039Z  ...  2025-09-29T11:01:26.960778
25  2025-09-28T07:23:30.703Z  ...  2025-09-29T11:01:26.960786
26  2025-09-28T07:19:56.612Z  ...  2025-09-29T11:01:26.960814
27  2025-09-28T07:13:39.070Z  ...  2025-09-29T11:01:26.960823
28  2025-09-28T07:09:42.696Z  ...  2025-09-29T11:01:26.960827
29  2025-09-28T07:06:37.711Z  ...  2025-09-29T11:01:26.960829
30  2025-09-28T07:02:58.699Z  ...  2025-09-29T11:01:26.960840
31  2025-09-28T07:01:25.827Z  ...  2025-09-29T11:01:26.960845
32  2025-09-28T01:49:28.379Z  ...  2025-09-29T11:01:26.960847
33  2025-09-28T01:41:06.395Z  ...  2025-09-29T11:01:26.960850
34  2025-09-28T01:37:58.058Z  ...  2025-09-29T11:01:26.960852
35  2025-09-28T01:29:22.142Z  ...  2025-09-29T11:01:26.960855
36  2025-09-28T01:24:34.503Z  ...  2025-09-29T11:01:26.960857
37  2025-09-28T01:12:17.776Z  ...  2025-09-29T11:01:26.960860
38  2025-09-28T01:04:22.730Z  ...  2025-09-29T11:01:26.960862
39  2025-09-28T00:56:15.857Z  ...  2025-09-29T11:01:26.960864
40  2025-09-28T00:51:32.308Z  ...  2025-09-29T11:01:26.960866
41  2025-09-28T00:12:18.644Z  ...  2025-09-29T11:01:26.960868
42  2025-09-28T00:09:35.352Z  ...  2025-09-29T11:01:26.960871
43  2025-09-28T00:05:26.188Z  ...  2025-09-29T11:01:26.960873
44  2025-09-27T23:18:08.047Z  ...  2025-09-29T11:01:26.960876
45  2025-09-27T23:18:03.417Z  ...  2025-09-29T11:01:26.960878
46  2025-09-27T05:01:58.576Z  ...  2025-09-29T11:01:26.960880
47  2025-09-27T04:58:12.110Z  ...  2025-09-29T11:01:26.960882
48  2025-09-27T04:26:51.415Z  ...  2025-09-29T11:01:26.960885
49  2025-09-27T04:23:34.435Z  ...  2025-09-29T11:01:26.960887

[50 rows x 12 columns],                  artist_id  ...   last_updated_datetime_utc
0   76oIibS2wMO6znmOVWRTy2  ...  2025-09-29T11:01:27.320493
1   2snm3HmsnDUDxbIChdl2Oj  ...  2025-09-29T11:01:27.476288
2   24jrxG0tKcwgAzsLuPzyMi  ...  2025-09-29T11:01:27.638435
3   51ZbCFgOspWvhBjd1DUYEV  ...  2025-09-29T11:01:27.825011
4   3tvtGR8HzMHDbkLeZrFiBI  ...  2025-09-29T11:01:28.132212
5   7jXoGtR69J2iYCefc58MZX  ...  2025-09-29T11:01:28.321340
6   6Xy3W72s4bZ3aI5X6NTp3G  ...  2025-09-29T11:01:28.501350
7   2QcZxAgcs2I1q7CtCkl6MI  ...  2025-09-29T11:01:28.756039
8   5fEQLwq1BWWQNR8GzhOIvi  ...  2025-09-29T11:01:28.962829
9   66CXWjxzNUsdJxJ2JdwvnR  ...  2025-09-29T11:01:29.157373
10  06HL4z0CvFAxyc27GXpf02  ...  2025-09-29T11:01:29.324366
11  00FQb4jTyendYWaN8pK0wa  ...  2025-09-29T11:01:29.493261
12  2h93pZq0e7k5yf4dywlkpM  ...  2025-09-29T11:01:29.683003
13  1r9DuPTHiQ7hnRRZ99B8nL  ...  2025-09-29T11:01:29.860658
14  6KImCVD70vtIoJWnq6nGn3  ...  2025-09-29T11:01:30.069023
15  7tYKF4w9nC0nq9CsPZTHyP  ...  2025-09-29T11:01:30.367772
16  2SY6OktZyMLdOnscX3DCyS  ...  2025-09-29T11:01:30.565327
17  21QQNTzqULHjiaDKaZepRP  ...  2025-09-29T11:01:30.751457
18  3dI4Io8XE33J2o04ZwjR0Y  ...  2025-09-29T11:01:31.017248
19  2JBUyLiFvpFPWdZGqIGYLD  ...  2025-09-29T11:01:31.213376
20  0hDjKSKjl1DC7ovYTDJHe8  ...  2025-09-29T11:01:31.409369
21  3twuAojvYNrlWZpMkxLm3P  ...  2025-09-29T11:01:31.623928

[22 rows x 3 columns])
[2025-09-29T11:01:31.800+0000] {taskinstance.py:1400} INFO - Marking task as SUCCESS. dag_id=spotify_etl_pipeline, task_id=extract_songs, execution_date=20250929T110111, start_date=20250929T110124, end_date=20250929T110131
[2025-09-29T11:01:31.849+0000] {local_task_job_runner.py:228} INFO - Task exited with return code 0
[2025-09-29T11:01:32.878+0000] {taskinstance.py:2784} INFO - 0 downstream tasks scheduled from follow-on schedule check
