[2025-09-29T13:04:57.852+0000] {taskinstance.py:1159} INFO - Dependencies all met for dep_context=non-requeueable deps ti=<TaskInstance: spotify_etl_pipeline.gold_transform scheduled__2025-09-29T12:00:00+00:00 [queued]>
[2025-09-29T13:04:57.859+0000] {taskinstance.py:1159} INFO - Dependencies all met for dep_context=requeueable deps ti=<TaskInstance: spotify_etl_pipeline.gold_transform scheduled__2025-09-29T12:00:00+00:00 [queued]>
[2025-09-29T13:04:57.859+0000] {taskinstance.py:1361} INFO - Starting attempt 1 of 6
[2025-09-29T13:04:57.868+0000] {taskinstance.py:1382} INFO - Executing <Task(PythonOperator): gold_transform> on 2025-09-29 12:00:00+00:00
[2025-09-29T13:04:57.875+0000] {standard_task_runner.py:57} INFO - Started process 7911 to run task
[2025-09-29T13:04:57.878+0000] {standard_task_runner.py:84} INFO - Running: ['***', 'tasks', 'run', 'spotify_etl_pipeline', 'gold_transform', 'scheduled__2025-09-29T12:00:00+00:00', '--job-id', '2926', '--raw', '--subdir', 'DAGS_FOLDER/spotify_dag.py', '--cfg-path', '/tmp/tmpefmcadog']
[2025-09-29T13:04:57.881+0000] {standard_task_runner.py:85} INFO - Job 2926: Subtask gold_transform
[2025-09-29T13:04:58.289+0000] {task_command.py:415} INFO - Running <TaskInstance: spotify_etl_pipeline.gold_transform scheduled__2025-09-29T12:00:00+00:00 [running]> on host 8522660cfb6a
[2025-09-29T13:04:58.371+0000] {taskinstance.py:1660} INFO - Exporting env vars: AIRFLOW_CTX_DAG_OWNER='***' AIRFLOW_CTX_DAG_ID='spotify_etl_pipeline' AIRFLOW_CTX_TASK_ID='gold_transform' AIRFLOW_CTX_EXECUTION_DATE='2025-09-29T12:00:00+00:00' AIRFLOW_CTX_TRY_NUMBER='1' AIRFLOW_CTX_DAG_RUN_ID='scheduled__2025-09-29T12:00:00+00:00'
[2025-09-29T13:04:58.387+0000] {logging_mixin.py:151} INFO - Executed sql/gold/listening_history/fact_listening_history.sql
[2025-09-29T13:04:58.402+0000] {logging_mixin.py:151} INFO - Executed sql/gold/listening_history/dim_tracks.sql
[2025-09-29T13:04:58.410+0000] {logging_mixin.py:151} INFO - Executed sql/gold/listening_history/dim_artists.sql
[2025-09-29T13:04:58.418+0000] {logging_mixin.py:151} INFO - Executed sql/gold/listening_history/dim_albums.sql
[2025-09-29T13:04:58.422+0000] {logging_mixin.py:151} INFO - Executed sql/gold/listening_history/top_song_previews.sql
[2025-09-29T13:04:58.432+0000] {logging_mixin.py:151} INFO - Executed sql/gold/listening_history/top_artist_previews.sql
[2025-09-29T13:04:58.438+0000] {logging_mixin.py:151} INFO - ✅ All SQL scripts executed successfully
[2025-09-29T13:04:58.439+0000] {python.py:194} INFO - Done. Returned value was: None
[2025-09-29T13:04:58.446+0000] {taskinstance.py:1400} INFO - Marking task as SUCCESS. dag_id=spotify_etl_pipeline, task_id=gold_transform, execution_date=20250929T120000, start_date=20250929T130457, end_date=20250929T130458
[2025-09-29T13:04:58.480+0000] {local_task_job_runner.py:228} INFO - Task exited with return code 0
[2025-09-29T13:04:58.657+0000] {taskinstance.py:2784} INFO - 1 downstream tasks scheduled from follow-on schedule check
