[2025-09-24T15:00:30.817+0000] {taskinstance.py:1159} INFO - Dependencies all met for dep_context=non-requeueable deps ti=<TaskInstance: spotify_etl_pipeline.fetch_audio_previews scheduled__2025-09-24T14:00:00+00:00 [queued]>
[2025-09-24T15:00:30.829+0000] {taskinstance.py:1159} INFO - Dependencies all met for dep_context=requeueable deps ti=<TaskInstance: spotify_etl_pipeline.fetch_audio_previews scheduled__2025-09-24T14:00:00+00:00 [queued]>
[2025-09-24T15:00:30.829+0000] {taskinstance.py:1361} INFO - Starting attempt 1 of 6
[2025-09-24T15:00:30.839+0000] {taskinstance.py:1382} INFO - Executing <Task(PythonOperator): fetch_audio_previews> on 2025-09-24 14:00:00+00:00
[2025-09-24T15:00:30.845+0000] {standard_task_runner.py:57} INFO - Started process 5695 to run task
[2025-09-24T15:00:30.850+0000] {standard_task_runner.py:84} INFO - Running: ['***', 'tasks', 'run', 'spotify_etl_pipeline', 'fetch_audio_previews', 'scheduled__2025-09-24T14:00:00+00:00', '--job-id', '2107', '--raw', '--subdir', 'DAGS_FOLDER/spotify_dag.py', '--cfg-path', '/tmp/tmps249g61c']
[2025-09-24T15:00:30.852+0000] {standard_task_runner.py:85} INFO - Job 2107: Subtask fetch_audio_previews
[2025-09-24T15:00:31.074+0000] {task_command.py:415} INFO - Running <TaskInstance: spotify_etl_pipeline.fetch_audio_previews scheduled__2025-09-24T14:00:00+00:00 [running]> on host 155c836243e5
[2025-09-24T15:00:31.140+0000] {taskinstance.py:1660} INFO - Exporting env vars: AIRFLOW_CTX_DAG_OWNER='***' AIRFLOW_CTX_DAG_ID='spotify_etl_pipeline' AIRFLOW_CTX_TASK_ID='fetch_audio_previews' AIRFLOW_CTX_EXECUTION_DATE='2025-09-24T14:00:00+00:00' AIRFLOW_CTX_TRY_NUMBER='1' AIRFLOW_CTX_DAG_RUN_ID='scheduled__2025-09-24T14:00:00+00:00'
[2025-09-24T15:00:31.147+0000] {logging_mixin.py:151} INFO - Found 5 top songs. Fetching audio preview links from microservice.
[2025-09-24T15:00:38.558+0000] {logging_mixin.py:151} INFO - ✅ Saved 5 top song audio links to data/top_song_previews.csv
[2025-09-24T15:00:38.561+0000] {python.py:194} INFO - Done. Returned value was:                  track_id  ...   last_updated_datetime_utc
0  5kt5UfkL18qq7AxYOCyQlt  ...  2025-09-24T15:00:38.540040
1  7e9TMRRYkj9JZgIkIGPTfl  ...  2025-09-24T15:00:38.540117
2  1edKrqk7YCriloCaIi7ooC  ...  2025-09-24T15:00:38.540121
3  5z2wFoVRqnuxYmauqrKxdP  ...  2025-09-24T15:00:38.540122
4  3R558vzNPUNRHHlmu5FFBD  ...  2025-09-24T15:00:38.540123

[5 rows x 3 columns]
[2025-09-24T15:00:38.667+0000] {taskinstance.py:1400} INFO - Marking task as SUCCESS. dag_id=spotify_etl_pipeline, task_id=fetch_audio_previews, execution_date=20250924T140000, start_date=20250924T150030, end_date=20250924T150038
[2025-09-24T15:00:38.699+0000] {local_task_job_runner.py:228} INFO - Task exited with return code 0
[2025-09-24T15:00:38.727+0000] {taskinstance.py:2784} INFO - 1 downstream tasks scheduled from follow-on schedule check
