[2025-09-12T05:59:00.668+0000] {taskinstance.py:1159} INFO - Dependencies all met for dep_context=non-requeueable deps ti=<TaskInstance: spotify_saved_tracks_etl_pipeline.gold_saved_transform manual__2025-09-12T05:25:38.314730+00:00 [queued]>
[2025-09-12T05:59:00.674+0000] {taskinstance.py:1159} INFO - Dependencies all met for dep_context=requeueable deps ti=<TaskInstance: spotify_saved_tracks_etl_pipeline.gold_saved_transform manual__2025-09-12T05:25:38.314730+00:00 [queued]>
[2025-09-12T05:59:00.674+0000] {taskinstance.py:1361} INFO - Starting attempt 6 of 6
[2025-09-12T05:59:00.772+0000] {taskinstance.py:1382} INFO - Executing <Task(PythonOperator): gold_saved_transform> on 2025-09-12 05:25:38.314730+00:00
[2025-09-12T05:59:00.779+0000] {standard_task_runner.py:57} INFO - Started process 25088 to run task
[2025-09-12T05:59:00.783+0000] {standard_task_runner.py:84} INFO - Running: ['***', 'tasks', 'run', 'spotify_saved_tracks_etl_pipeline', 'gold_saved_transform', 'manual__2025-09-12T05:25:38.314730+00:00', '--job-id', '315', '--raw', '--subdir', 'DAGS_FOLDER/spotify_saved_dag.py', '--cfg-path', '/tmp/tmptlimkdcl']
[2025-09-12T05:59:00.786+0000] {standard_task_runner.py:85} INFO - Job 315: Subtask gold_saved_transform
[2025-09-12T05:59:00.909+0000] {task_command.py:415} INFO - Running <TaskInstance: spotify_saved_tracks_etl_pipeline.gold_saved_transform manual__2025-09-12T05:25:38.314730+00:00 [running]> on host 0d0cd054d690
[2025-09-12T05:59:00.969+0000] {taskinstance.py:1660} INFO - Exporting env vars: AIRFLOW_CTX_DAG_OWNER='***' AIRFLOW_CTX_DAG_ID='spotify_saved_tracks_etl_pipeline' AIRFLOW_CTX_TASK_ID='gold_saved_transform' AIRFLOW_CTX_EXECUTION_DATE='2025-09-12T05:25:38.314730+00:00' AIRFLOW_CTX_TRY_NUMBER='6' AIRFLOW_CTX_DAG_RUN_ID='manual__2025-09-12T05:25:38.314730+00:00'
[2025-09-12T05:59:00.979+0000] {taskinstance.py:1943} ERROR - Task failed with exception
Traceback (most recent call last):
  File "/home/airflow/.local/lib/python3.8/site-packages/airflow/operators/python.py", line 192, in execute
    return_value = self.execute_callable()
  File "/home/airflow/.local/lib/python3.8/site-packages/airflow/operators/python.py", line 209, in execute_callable
    return self.python_callable(*self.op_args, **self.op_kwargs)
  File "/opt/airflow/etl/db_utils.py", line 11, in run_sql_scripts
    cur.execute(sql)
psycopg2.errors.UndefinedTable: missing FROM-clause entry for table "s"
LINE 7:  s.track_id,
         ^

[2025-09-12T05:59:00.987+0000] {taskinstance.py:1400} INFO - Marking task as FAILED. dag_id=spotify_saved_tracks_etl_pipeline, task_id=gold_saved_transform, execution_date=20250912T052538, start_date=20250912T055900, end_date=20250912T055900
[2025-09-12T05:59:00.996+0000] {standard_task_runner.py:104} ERROR - Failed to execute job 315 for task gold_saved_transform (missing FROM-clause entry for table "s"
LINE 7:  s.track_id,
         ^
; 25088)
[2025-09-12T05:59:01.007+0000] {local_task_job_runner.py:228} INFO - Task exited with return code 1
[2025-09-12T05:59:01.027+0000] {taskinstance.py:2784} INFO - 0 downstream tasks scheduled from follow-on schedule check
