[2025-09-24T03:07:30.893+0000] {taskinstance.py:1159} INFO - Dependencies all met for dep_context=non-requeueable deps ti=<TaskInstance: spotify_etl_pipeline.extract_genres scheduled__2025-09-24T02:00:00+00:00 [queued]>
[2025-09-24T03:07:30.904+0000] {taskinstance.py:1159} INFO - Dependencies all met for dep_context=requeueable deps ti=<TaskInstance: spotify_etl_pipeline.extract_genres scheduled__2025-09-24T02:00:00+00:00 [queued]>
[2025-09-24T03:07:30.905+0000] {taskinstance.py:1361} INFO - Starting attempt 1 of 6
[2025-09-24T03:07:30.916+0000] {taskinstance.py:1382} INFO - Executing <Task(PythonOperator): extract_genres> on 2025-09-24 02:00:00+00:00
[2025-09-24T03:07:30.926+0000] {standard_task_runner.py:57} INFO - Started process 40401 to run task
[2025-09-24T03:07:30.932+0000] {standard_task_runner.py:84} INFO - Running: ['***', 'tasks', 'run', 'spotify_etl_pipeline', 'extract_genres', 'scheduled__2025-09-24T02:00:00+00:00', '--job-id', '1839', '--raw', '--subdir', 'DAGS_FOLDER/spotify_dag.py', '--cfg-path', '/tmp/tmp6cbpi91_']
[2025-09-24T03:07:30.945+0000] {standard_task_runner.py:85} INFO - Job 1839: Subtask extract_genres
[2025-09-24T03:07:31.057+0000] {task_command.py:415} INFO - Running <TaskInstance: spotify_etl_pipeline.extract_genres scheduled__2025-09-24T02:00:00+00:00 [running]> on host 8a603698361b
[2025-09-24T03:07:32.000+0000] {taskinstance.py:1660} INFO - Exporting env vars: AIRFLOW_CTX_DAG_OWNER='***' AIRFLOW_CTX_DAG_ID='spotify_etl_pipeline' AIRFLOW_CTX_TASK_ID='extract_genres' AIRFLOW_CTX_EXECUTION_DATE='2025-09-24T02:00:00+00:00' AIRFLOW_CTX_TRY_NUMBER='1' AIRFLOW_CTX_DAG_RUN_ID='scheduled__2025-09-24T02:00:00+00:00'
[2025-09-24T03:46:28.966+0000] {local_task_job_runner.py:205} ERROR - Heartbeat time limit exceeded!
[2025-09-24T03:46:29.032+0000] {process_utils.py:131} INFO - Sending 15 to group 40401. PIDs of all processes in the group: [40401]
[2025-09-24T03:46:29.033+0000] {process_utils.py:86} INFO - Sending the signal 15 to group 40401
[2025-09-24T03:46:29.047+0000] {taskinstance.py:1632} ERROR - Received SIGTERM. Terminating subprocesses.
[2025-09-24T03:46:29.198+0000] {taskinstance.py:1943} ERROR - Task failed with exception
Traceback (most recent call last):
  File "/home/airflow/.local/lib/python3.8/site-packages/airflow/operators/python.py", line 192, in execute
    return_value = self.execute_callable()
  File "/home/airflow/.local/lib/python3.8/site-packages/airflow/operators/python.py", line 209, in execute_callable
    return self.python_callable(*self.op_args, **self.op_kwargs)
  File "/opt/airflow/dags/spotify_dag.py", line 52, in extract_genres_task
    fetch_artist_genres(df["artist_id"].tolist())
  File "/opt/airflow/etl/extract.py", line 93, in fetch_artist_genres
    response = requests.get(url, headers=headers, timeout=30)
  File "/home/airflow/.local/lib/python3.8/site-packages/requests/api.py", line 73, in get
    return request("get", url, params=params, **kwargs)
  File "/home/airflow/.local/lib/python3.8/site-packages/requests/api.py", line 59, in request
    return session.request(method=method, url=url, **kwargs)
  File "/home/airflow/.local/lib/python3.8/site-packages/requests/sessions.py", line 589, in request
    resp = self.send(prep, **send_kwargs)
  File "/home/airflow/.local/lib/python3.8/site-packages/requests/sessions.py", line 703, in send
    r = adapter.send(request, **kwargs)
  File "/home/airflow/.local/lib/python3.8/site-packages/requests/adapters.py", line 486, in send
    resp = conn.urlopen(
  File "/home/airflow/.local/lib/python3.8/site-packages/urllib3/connectionpool.py", line 714, in urlopen
    httplib_response = self._make_request(
  File "/home/airflow/.local/lib/python3.8/site-packages/urllib3/connectionpool.py", line 403, in _make_request
    self._validate_conn(conn)
  File "/home/airflow/.local/lib/python3.8/site-packages/urllib3/connectionpool.py", line 1053, in _validate_conn
    conn.connect()
  File "/home/airflow/.local/lib/python3.8/site-packages/urllib3/connection.py", line 363, in connect
    self.sock = conn = self._new_conn()
  File "/home/airflow/.local/lib/python3.8/site-packages/urllib3/connection.py", line 174, in _new_conn
    conn = connection.create_connection(
  File "/home/airflow/.local/lib/python3.8/site-packages/urllib3/util/connection.py", line 72, in create_connection
    for res in socket.getaddrinfo(host, port, family, socket.SOCK_STREAM):
  File "/usr/local/lib/python3.8/socket.py", line 918, in getaddrinfo
    for res in _socket.getaddrinfo(host, port, family, type, proto, flags):
  File "/home/airflow/.local/lib/python3.8/site-packages/airflow/models/taskinstance.py", line 1634, in signal_handler
    raise AirflowException("Task received SIGTERM signal")
airflow.exceptions.AirflowException: Task received SIGTERM signal
[2025-09-24T03:46:29.286+0000] {taskinstance.py:1400} INFO - Marking task as UP_FOR_RETRY. dag_id=spotify_etl_pipeline, task_id=extract_genres, execution_date=20250924T020000, start_date=20250924T030730, end_date=20250924T034629
[2025-09-24T03:46:29.418+0000] {standard_task_runner.py:104} ERROR - Failed to execute job 1839 for task extract_genres (Task received SIGTERM signal; 40401)
[2025-09-24T03:46:29.608+0000] {process_utils.py:79} INFO - Process psutil.Process(pid=40401, status='terminated', exitcode=1, started='03:07:30') (40401) terminated with exit code 1
