[2025-09-30T10:00:08.367+0000] {taskinstance.py:1159} INFO - Dependencies all met for dep_context=non-requeueable deps ti=<TaskInstance: spotify_etl_pipeline.gold_transform scheduled__2025-09-30T09:00:00+00:00 [queued]>
[2025-09-30T10:00:08.374+0000] {taskinstance.py:1159} INFO - Dependencies all met for dep_context=requeueable deps ti=<TaskInstance: spotify_etl_pipeline.gold_transform scheduled__2025-09-30T09:00:00+00:00 [queued]>
[2025-09-30T10:00:08.374+0000] {taskinstance.py:1361} INFO - Starting attempt 1 of 6
[2025-09-30T10:00:08.383+0000] {taskinstance.py:1382} INFO - Executing <Task(PythonOperator): gold_transform> on 2025-09-30 09:00:00+00:00
[2025-09-30T10:00:08.389+0000] {standard_task_runner.py:57} INFO - Started process 25276 to run task
[2025-09-30T10:00:08.395+0000] {standard_task_runner.py:84} INFO - Running: ['***', 'tasks', 'run', 'spotify_etl_pipeline', 'gold_transform', 'scheduled__2025-09-30T09:00:00+00:00', '--job-id', '3071', '--raw', '--subdir', 'DAGS_FOLDER/spotify_dag.py', '--cfg-path', '/tmp/tmpm72d692l']
[2025-09-30T10:00:08.413+0000] {standard_task_runner.py:85} INFO - Job 3071: Subtask gold_transform
[2025-09-30T10:00:08.722+0000] {task_command.py:415} INFO - Running <TaskInstance: spotify_etl_pipeline.gold_transform scheduled__2025-09-30T09:00:00+00:00 [running]> on host 8522660cfb6a
[2025-09-30T10:00:08.802+0000] {taskinstance.py:1660} INFO - Exporting env vars: AIRFLOW_CTX_DAG_OWNER='***' AIRFLOW_CTX_DAG_ID='spotify_etl_pipeline' AIRFLOW_CTX_TASK_ID='gold_transform' AIRFLOW_CTX_EXECUTION_DATE='2025-09-30T09:00:00+00:00' AIRFLOW_CTX_TRY_NUMBER='1' AIRFLOW_CTX_DAG_RUN_ID='scheduled__2025-09-30T09:00:00+00:00'
[2025-09-30T10:00:08.832+0000] {logging_mixin.py:151} INFO - Executed sql/gold/listening_history/fact_listening_history.sql
[2025-09-30T10:00:08.841+0000] {logging_mixin.py:151} INFO - Executed sql/gold/listening_history/dim_tracks.sql
[2025-09-30T10:00:08.850+0000] {logging_mixin.py:151} INFO - Executed sql/gold/listening_history/dim_artists.sql
[2025-09-30T10:00:08.856+0000] {logging_mixin.py:151} INFO - Executed sql/gold/listening_history/dim_albums.sql
[2025-09-30T10:00:08.860+0000] {logging_mixin.py:151} INFO - Executed sql/gold/listening_history/top_song_previews.sql
[2025-09-30T10:00:08.865+0000] {logging_mixin.py:151} INFO - Executed sql/gold/listening_history/top_artist_previews.sql
[2025-09-30T10:00:08.873+0000] {logging_mixin.py:151} INFO - ✅ All SQL scripts executed successfully
[2025-09-30T10:00:08.874+0000] {python.py:194} INFO - Done. Returned value was: None
[2025-09-30T10:00:08.882+0000] {taskinstance.py:1400} INFO - Marking task as SUCCESS. dag_id=spotify_etl_pipeline, task_id=gold_transform, execution_date=20250930T090000, start_date=20250930T100008, end_date=20250930T100008
[2025-09-30T10:00:08.911+0000] {local_task_job_runner.py:228} INFO - Task exited with return code 0
[2025-09-30T10:00:09.040+0000] {taskinstance.py:2784} INFO - 1 downstream tasks scheduled from follow-on schedule check
