[2025-09-18T11:02:56.167+0000] {taskinstance.py:1159} INFO - Dependencies all met for dep_context=non-requeueable deps ti=<TaskInstance: spotify_etl_pipeline.gold_view scheduled__2025-09-18T10:00:00+00:00 [queued]>
[2025-09-18T11:02:56.174+0000] {taskinstance.py:1159} INFO - Dependencies all met for dep_context=requeueable deps ti=<TaskInstance: spotify_etl_pipeline.gold_view scheduled__2025-09-18T10:00:00+00:00 [queued]>
[2025-09-18T11:02:56.174+0000] {taskinstance.py:1361} INFO - Starting attempt 1 of 6
[2025-09-18T11:02:56.184+0000] {taskinstance.py:1382} INFO - Executing <Task(PythonOperator): gold_view> on 2025-09-18 10:00:00+00:00
[2025-09-18T11:02:56.190+0000] {standard_task_runner.py:57} INFO - Started process 1164 to run task
[2025-09-18T11:02:56.194+0000] {standard_task_runner.py:84} INFO - Running: ['***', 'tasks', 'run', 'spotify_etl_pipeline', 'gold_view', 'scheduled__2025-09-18T10:00:00+00:00', '--job-id', '1276', '--raw', '--subdir', 'DAGS_FOLDER/spotify_dag.py', '--cfg-path', '/tmp/tmp6mc4euf1']
[2025-09-18T11:02:56.198+0000] {standard_task_runner.py:85} INFO - Job 1276: Subtask gold_view
[2025-09-18T11:02:56.542+0000] {task_command.py:415} INFO - Running <TaskInstance: spotify_etl_pipeline.gold_view scheduled__2025-09-18T10:00:00+00:00 [running]> on host ee329644aa53
[2025-09-18T11:02:56.622+0000] {taskinstance.py:1660} INFO - Exporting env vars: AIRFLOW_CTX_DAG_OWNER='***' AIRFLOW_CTX_DAG_ID='spotify_etl_pipeline' AIRFLOW_CTX_TASK_ID='gold_view' AIRFLOW_CTX_EXECUTION_DATE='2025-09-18T10:00:00+00:00' AIRFLOW_CTX_TRY_NUMBER='1' AIRFLOW_CTX_DAG_RUN_ID='scheduled__2025-09-18T10:00:00+00:00'
[2025-09-18T11:02:56.639+0000] {logging_mixin.py:151} INFO - Executed sql/views/listening_history/view_monthly_genre_distribution.sql
[2025-09-18T11:02:56.640+0000] {logging_mixin.py:151} INFO - Executed sql/views/listening_history/view_monthly_genre_top_artists.sql
[2025-09-18T11:02:56.641+0000] {logging_mixin.py:151} INFO - Executed sql/views/listening_history/view_top_artists.sql
[2025-09-18T11:02:56.643+0000] {logging_mixin.py:151} INFO - Executed sql/views/listening_history/view_top_songs.sql
[2025-09-18T11:02:56.644+0000] {logging_mixin.py:151} INFO - Executed sql/views/listening_history/view_total_listening_by_day.sql
[2025-09-18T11:02:56.645+0000] {logging_mixin.py:151} INFO - Executed sql/views/listening_history/view_total_listening_overall.sql
[2025-09-18T11:02:56.646+0000] {logging_mixin.py:151} INFO - ✅ All SQL scripts executed successfully
[2025-09-18T11:02:56.646+0000] {python.py:194} INFO - Done. Returned value was: None
[2025-09-18T11:02:56.654+0000] {taskinstance.py:1400} INFO - Marking task as SUCCESS. dag_id=spotify_etl_pipeline, task_id=gold_view, execution_date=20250918T100000, start_date=20250918T110256, end_date=20250918T110256
[2025-09-18T11:02:56.680+0000] {local_task_job_runner.py:228} INFO - Task exited with return code 0
[2025-09-18T11:02:56.698+0000] {taskinstance.py:2784} INFO - 0 downstream tasks scheduled from follow-on schedule check
