[2025-09-24T03:07:18.206+0000] {taskinstance.py:1159} INFO - Dependencies all met for dep_context=non-requeueable deps ti=<TaskInstance: spotify_etl_pipeline.extract_songs scheduled__2025-09-24T02:00:00+00:00 [queued]>
[2025-09-24T03:07:18.214+0000] {taskinstance.py:1159} INFO - Dependencies all met for dep_context=requeueable deps ti=<TaskInstance: spotify_etl_pipeline.extract_songs scheduled__2025-09-24T02:00:00+00:00 [queued]>
[2025-09-24T03:07:18.215+0000] {taskinstance.py:1361} INFO - Starting attempt 1 of 6
[2025-09-24T03:07:18.227+0000] {taskinstance.py:1382} INFO - Executing <Task(PythonOperator): extract_songs> on 2025-09-24 02:00:00+00:00
[2025-09-24T03:07:18.245+0000] {standard_task_runner.py:57} INFO - Started process 40398 to run task
[2025-09-24T03:07:18.251+0000] {standard_task_runner.py:84} INFO - Running: ['***', 'tasks', 'run', 'spotify_etl_pipeline', 'extract_songs', 'scheduled__2025-09-24T02:00:00+00:00', '--job-id', '1838', '--raw', '--subdir', 'DAGS_FOLDER/spotify_dag.py', '--cfg-path', '/tmp/tmpp_cgxt2a']
[2025-09-24T03:07:18.264+0000] {standard_task_runner.py:85} INFO - Job 1838: Subtask extract_songs
[2025-09-24T03:07:18.341+0000] {task_command.py:415} INFO - Running <TaskInstance: spotify_etl_pipeline.extract_songs scheduled__2025-09-24T02:00:00+00:00 [running]> on host 8a603698361b
[2025-09-24T03:07:18.626+0000] {taskinstance.py:1660} INFO - Exporting env vars: AIRFLOW_CTX_DAG_OWNER='***' AIRFLOW_CTX_DAG_ID='spotify_etl_pipeline' AIRFLOW_CTX_TASK_ID='extract_songs' AIRFLOW_CTX_EXECUTION_DATE='2025-09-24T02:00:00+00:00' AIRFLOW_CTX_TRY_NUMBER='1' AIRFLOW_CTX_DAG_RUN_ID='scheduled__2025-09-24T02:00:00+00:00'
[2025-09-24T03:07:28.418+0000] {logging_mixin.py:151} INFO - ✅ Saved 31 artist images to data/artist_images.csv
[2025-09-24T03:07:28.440+0000] {python.py:194} INFO - Done. Returned value was: (               played_at_utc  ...   last_updated_datetime_utc
0   2025-09-23T12:25:43.235Z  ...  2025-09-24T03:07:19.143429
1   2025-09-23T12:20:39.087Z  ...  2025-09-24T03:07:19.143476
2   2025-09-23T08:17:47.120Z  ...  2025-09-24T03:07:19.143490
3   2025-09-23T08:14:10.280Z  ...  2025-09-24T03:07:19.143504
4   2025-09-23T08:12:03.317Z  ...  2025-09-24T03:07:19.143518
5   2025-09-23T08:07:40.669Z  ...  2025-09-24T03:07:19.143532
6   2025-09-23T08:04:50.611Z  ...  2025-09-24T03:07:19.143541
7   2025-09-23T08:00:23.299Z  ...  2025-09-24T03:07:19.143544
8   2025-09-23T07:56:39.036Z  ...  2025-09-24T03:07:19.143547
9   2025-09-23T07:47:43.546Z  ...  2025-09-24T03:07:19.143551
10  2025-09-23T07:44:01.282Z  ...  2025-09-24T03:07:19.143554
11  2025-09-23T07:41:49.878Z  ...  2025-09-24T03:07:19.143557
12  2025-09-23T07:37:19.179Z  ...  2025-09-24T03:07:19.143563
13  2025-09-23T07:32:28.687Z  ...  2025-09-24T03:07:19.143576
14  2025-09-23T07:28:06.481Z  ...  2025-09-24T03:07:19.143587
15  2025-09-23T06:38:55.767Z  ...  2025-09-24T03:07:19.143597
16  2025-09-23T06:34:44.757Z  ...  2025-09-24T03:07:19.143602
17  2025-09-23T06:29:25.923Z  ...  2025-09-24T03:07:19.143606
18  2025-09-23T06:25:19.296Z  ...  2025-09-24T03:07:19.143673
19  2025-09-23T06:20:56.457Z  ...  2025-09-24T03:07:19.143689
20  2025-09-23T06:17:11.166Z  ...  2025-09-24T03:07:19.143696
21  2025-09-23T05:43:46.326Z  ...  2025-09-24T03:07:19.143699
22  2025-09-23T05:26:00.242Z  ...  2025-09-24T03:07:19.143702
23  2025-09-23T04:11:38.221Z  ...  2025-09-24T03:07:19.143705
24  2025-09-23T04:08:52.217Z  ...  2025-09-24T03:07:19.143708
25  2025-09-23T04:05:08.654Z  ...  2025-09-24T03:07:19.143714
26  2025-09-23T04:00:13.215Z  ...  2025-09-24T03:07:19.143726
27  2025-09-23T03:52:11.798Z  ...  2025-09-24T03:07:19.143739
28  2025-09-23T03:47:29.840Z  ...  2025-09-24T03:07:19.143751
29  2025-09-23T03:43:13.241Z  ...  2025-09-24T03:07:19.143765
30  2025-09-23T03:39:25.893Z  ...  2025-09-24T03:07:19.143783
31  2025-09-23T03:31:23.762Z  ...  2025-09-24T03:07:19.143796
32  2025-09-22T11:23:27.064Z  ...  2025-09-24T03:07:19.143801
33  2025-09-22T11:15:22.269Z  ...  2025-09-24T03:07:19.143804
34  2025-09-22T11:11:40.636Z  ...  2025-09-24T03:07:19.143807
35  2025-09-22T05:54:00.264Z  ...  2025-09-24T03:07:19.143810
36  2025-09-22T05:50:17.840Z  ...  2025-09-24T03:07:19.143813
37  2025-09-22T05:45:54.439Z  ...  2025-09-24T03:07:19.143820
38  2025-09-22T05:41:34.494Z  ...  2025-09-24T03:07:19.143831
39  2025-09-22T05:32:51.023Z  ...  2025-09-24T03:07:19.143841
40  2025-09-22T05:29:48.944Z  ...  2025-09-24T03:07:19.143853
41  2025-09-22T05:25:17.247Z  ...  2025-09-24T03:07:19.143866
42  2025-09-22T05:20:29.837Z  ...  2025-09-24T03:07:19.143877
43  2025-09-22T05:16:32.600Z  ...  2025-09-24T03:07:19.143890
44  2025-09-22T05:12:31.467Z  ...  2025-09-24T03:07:19.143900
45  2025-09-22T05:08:32.876Z  ...  2025-09-24T03:07:19.143911
46  2025-09-22T05:07:25.416Z  ...  2025-09-24T03:07:19.143923
47  2025-09-22T05:02:44.045Z  ...  2025-09-24T03:07:19.143947
48  2025-09-22T05:00:27.146Z  ...  2025-09-24T03:07:19.143960
49  2025-09-22T04:53:57.706Z  ...  2025-09-24T03:07:19.143975

[50 rows x 12 columns],                  artist_id  ...   last_updated_datetime_utc
0   3df3XLKuqTQ6iOSmi0K3Wp  ...  2025-09-24T03:07:20.758538
1   28gf2piFx6cAKOMIwcky5a  ...  2025-09-24T03:07:21.016415
2   72X6FHxaShda0XeQw3vbeF  ...  2025-09-24T03:07:21.455867
3   6YlGm6QDrC3TOknYcHjt62  ...  2025-09-24T03:07:21.666404
4   1YrtUPrWcPfgdl9BaD9nhd  ...  2025-09-24T03:07:21.894566
5   2F5W6Rsxwzg0plQ0w8dSyt  ...  2025-09-24T03:07:22.111024
6   5GH4Ndf9p8BnxvpMWPxGot  ...  2025-09-24T03:07:22.402468
7   4gvjmrtzydbMpyJaXUtwvP  ...  2025-09-24T03:07:22.591856
8   2elBjNSdBE2Y3f0j1mjrql  ...  2025-09-24T03:07:22.919940
9   4pzAvicKWenQtv9zIQim47  ...  2025-09-24T03:07:23.179564
10  3KdU8KfkDy7xHmQS00B5wd  ...  2025-09-24T03:07:23.373102
11  6P5NO5hzJbuOqSdyPB7SJM  ...  2025-09-24T03:07:23.612595
12  74XFHRwlV6OrjEM0A2NCMF  ...  2025-09-24T03:07:23.814096
13  06HL4z0CvFAxyc27GXpf02  ...  2025-09-24T03:07:24.029329
14  0TtVGvZ6bN7aQTTAixMFYU  ...  2025-09-24T03:07:24.201235
15  4GsjZQZJ3viOq4Uw8wZDbW  ...  2025-09-24T03:07:24.362826
16  3dI4Io8XE33J2o04ZwjR0Y  ...  2025-09-24T03:07:24.555683
17  376pcuw4IgWBMOUwCr8kIm  ...  2025-09-24T03:07:24.764820
18  7Dx7RhX0mFuXhCOUgB01uM  ...  2025-09-24T03:07:25.210578
19  5qUYuf6cIHU241KxPyDMBp  ...  2025-09-24T03:07:25.677611
20  6jlz5QSUqbKE4vnzo2qfP1  ...  2025-09-24T03:07:25.957191
21  2QcZxAgcs2I1q7CtCkl6MI  ...  2025-09-24T03:07:26.293291
22  21QQNTzqULHjiaDKaZepRP  ...  2025-09-24T03:07:26.515600
23  6qqNVTkY8uBg9cP3Jd7DAH  ...  2025-09-24T03:07:26.874823
24  0UtXMxHMXhwQUI6G6TFDt1  ...  2025-09-24T03:07:27.048947
25  7jXoGtR69J2iYCefc58MZX  ...  2025-09-24T03:07:27.232366
26  1SCaQu3jTbcKIjy8aC7KHa  ...  2025-09-24T03:07:27.419537
27  2SY6OktZyMLdOnscX3DCyS  ...  2025-09-24T03:07:27.628773
28  75CM5fojYdKYD0xYSFh22Z  ...  2025-09-24T03:07:27.889399
29  1q7sCl0vg0EcaFdRz0XDGg  ...  2025-09-24T03:07:28.055480
30  7uzBKhYbCKBs53kDrO4Suc  ...  2025-09-24T03:07:28.377305

[31 rows x 3 columns])
[2025-09-24T03:07:28.839+0000] {taskinstance.py:1400} INFO - Marking task as SUCCESS. dag_id=spotify_etl_pipeline, task_id=extract_songs, execution_date=20250924T020000, start_date=20250924T030718, end_date=20250924T030728
[2025-09-24T03:07:28.924+0000] {local_task_job_runner.py:228} INFO - Task exited with return code 0
[2025-09-24T03:07:28.964+0000] {taskinstance.py:2784} INFO - 1 downstream tasks scheduled from follow-on schedule check
