[2025-09-29T09:14:39.979+0000] {taskinstance.py:1159} INFO - Dependencies all met for dep_context=non-requeueable deps ti=<TaskInstance: spotify_etl_pipeline.fetch_top_song_previews manual__2025-09-29T09:14:16.049987+00:00 [queued]>
[2025-09-29T09:14:39.993+0000] {taskinstance.py:1159} INFO - Dependencies all met for dep_context=requeueable deps ti=<TaskInstance: spotify_etl_pipeline.fetch_top_song_previews manual__2025-09-29T09:14:16.049987+00:00 [queued]>
[2025-09-29T09:14:39.995+0000] {taskinstance.py:1361} INFO - Starting attempt 1 of 6
[2025-09-29T09:14:40.043+0000] {taskinstance.py:1382} INFO - Executing <Task(PythonOperator): fetch_top_song_previews> on 2025-09-29 09:14:16.049987+00:00
[2025-09-29T09:14:40.061+0000] {standard_task_runner.py:57} INFO - Started process 969 to run task
[2025-09-29T09:14:40.083+0000] {standard_task_runner.py:84} INFO - Running: ['***', 'tasks', 'run', 'spotify_etl_pipeline', 'fetch_top_song_previews', 'manual__2025-09-29T09:14:16.049987+00:00', '--job-id', '2864', '--raw', '--subdir', 'DAGS_FOLDER/spotify_dag.py', '--cfg-path', '/tmp/tmpgn_45xny']
[2025-09-29T09:14:40.106+0000] {standard_task_runner.py:85} INFO - Job 2864: Subtask fetch_top_song_previews
[2025-09-29T09:14:41.056+0000] {task_command.py:415} INFO - Running <TaskInstance: spotify_etl_pipeline.fetch_top_song_previews manual__2025-09-29T09:14:16.049987+00:00 [running]> on host 8522660cfb6a
[2025-09-29T09:14:41.221+0000] {taskinstance.py:1660} INFO - Exporting env vars: AIRFLOW_CTX_DAG_OWNER='***' AIRFLOW_CTX_DAG_ID='spotify_etl_pipeline' AIRFLOW_CTX_TASK_ID='fetch_top_song_previews' AIRFLOW_CTX_EXECUTION_DATE='2025-09-29T09:14:16.049987+00:00' AIRFLOW_CTX_TRY_NUMBER='1' AIRFLOW_CTX_DAG_RUN_ID='manual__2025-09-29T09:14:16.049987+00:00'
[2025-09-29T09:14:41.244+0000] {logging_mixin.py:151} INFO - Found 5 top songs. Fetching audio preview links from microservice.
[2025-09-29T09:14:47.151+0000] {logging_mixin.py:151} INFO - ✅ Saved 5 top song audio links to data/top_song_previews.csv
[2025-09-29T09:14:47.165+0000] {python.py:194} INFO - Done. Returned value was:                  track_id  ...   last_updated_datetime_utc
0  5kt5UfkL18qq7AxYOCyQlt  ...  2025-09-29T09:14:46.990164
1  5z2wFoVRqnuxYmauqrKxdP  ...  2025-09-29T09:14:46.990272
2  3LOTdehsLMCm3u0CNJwsL3  ...  2025-09-29T09:14:46.990280
3  7e9TMRRYkj9JZgIkIGPTfl  ...  2025-09-29T09:14:46.990284
4  7xAVLrbnud6OrU6f4FmxDr  ...  2025-09-29T09:14:46.990289

[5 rows x 3 columns]
[2025-09-29T09:14:47.698+0000] {taskinstance.py:1400} INFO - Marking task as SUCCESS. dag_id=spotify_etl_pipeline, task_id=fetch_top_song_previews, execution_date=20250929T091416, start_date=20250929T091439, end_date=20250929T091447
[2025-09-29T09:14:47.828+0000] {local_task_job_runner.py:228} INFO - Task exited with return code 0
[2025-09-29T09:14:48.832+0000] {taskinstance.py:2784} INFO - 1 downstream tasks scheduled from follow-on schedule check
