[2025-09-24T12:22:56.809+0000] {taskinstance.py:1159} INFO - Dependencies all met for dep_context=non-requeueable deps ti=<TaskInstance: spotify_etl_pipeline.fetch_audio_previews manual__2025-09-24T12:20:22.090131+00:00 [queued]>
[2025-09-24T12:22:56.816+0000] {taskinstance.py:1159} INFO - Dependencies all met for dep_context=requeueable deps ti=<TaskInstance: spotify_etl_pipeline.fetch_audio_previews manual__2025-09-24T12:20:22.090131+00:00 [queued]>
[2025-09-24T12:22:56.816+0000] {taskinstance.py:1361} INFO - Starting attempt 1 of 6
[2025-09-24T12:22:56.828+0000] {taskinstance.py:1382} INFO - Executing <Task(PythonOperator): fetch_audio_previews> on 2025-09-24 12:20:22.090131+00:00
[2025-09-24T12:22:56.833+0000] {standard_task_runner.py:57} INFO - Started process 780 to run task
[2025-09-24T12:22:56.836+0000] {standard_task_runner.py:84} INFO - Running: ['***', 'tasks', 'run', 'spotify_etl_pipeline', 'fetch_audio_previews', 'manual__2025-09-24T12:20:22.090131+00:00', '--job-id', '2074', '--raw', '--subdir', 'DAGS_FOLDER/spotify_dag.py', '--cfg-path', '/tmp/tmpcdcz8qop']
[2025-09-24T12:22:56.838+0000] {standard_task_runner.py:85} INFO - Job 2074: Subtask fetch_audio_previews
[2025-09-24T12:22:56.992+0000] {task_command.py:415} INFO - Running <TaskInstance: spotify_etl_pipeline.fetch_audio_previews manual__2025-09-24T12:20:22.090131+00:00 [running]> on host 155c836243e5
[2025-09-24T12:22:57.055+0000] {taskinstance.py:1660} INFO - Exporting env vars: AIRFLOW_CTX_DAG_OWNER='***' AIRFLOW_CTX_DAG_ID='spotify_etl_pipeline' AIRFLOW_CTX_TASK_ID='fetch_audio_previews' AIRFLOW_CTX_EXECUTION_DATE='2025-09-24T12:20:22.090131+00:00' AIRFLOW_CTX_TRY_NUMBER='1' AIRFLOW_CTX_DAG_RUN_ID='manual__2025-09-24T12:20:22.090131+00:00'
[2025-09-24T12:22:57.061+0000] {logging_mixin.py:151} INFO - Found 5 top songs. Fetching audio preview links from microservice.
[2025-09-24T12:23:00.871+0000] {logging_mixin.py:151} INFO - ✅ Saved 5 top song audio links to data/top_song_previews.csv
[2025-09-24T12:23:00.874+0000] {python.py:194} INFO - Done. Returned value was:                  track_id  ...   last_updated_datetime_utc
0  5kt5UfkL18qq7AxYOCyQlt  ...  2025-09-24T12:23:00.830150
1  7e9TMRRYkj9JZgIkIGPTfl  ...  2025-09-24T12:23:00.830254
2  1edKrqk7YCriloCaIi7ooC  ...  2025-09-24T12:23:00.830273
3  5z2wFoVRqnuxYmauqrKxdP  ...  2025-09-24T12:23:00.830281
4  3R558vzNPUNRHHlmu5FFBD  ...  2025-09-24T12:23:00.830302

[5 rows x 3 columns]
[2025-09-24T12:23:00.956+0000] {taskinstance.py:1400} INFO - Marking task as SUCCESS. dag_id=spotify_etl_pipeline, task_id=fetch_audio_previews, execution_date=20250924T122022, start_date=20250924T122256, end_date=20250924T122300
[2025-09-24T12:23:00.996+0000] {local_task_job_runner.py:228} INFO - Task exited with return code 0
[2025-09-24T12:23:01.074+0000] {taskinstance.py:2784} INFO - 1 downstream tasks scheduled from follow-on schedule check
