[2025-09-30T03:00:59.187+0000] {taskinstance.py:1159} INFO - Dependencies all met for dep_context=non-requeueable deps ti=<TaskInstance: spotify_etl_pipeline.fetch_top_song_previews scheduled__2025-09-30T02:00:00+00:00 [queued]>
[2025-09-30T03:00:59.198+0000] {taskinstance.py:1159} INFO - Dependencies all met for dep_context=requeueable deps ti=<TaskInstance: spotify_etl_pipeline.fetch_top_song_previews scheduled__2025-09-30T02:00:00+00:00 [queued]>
[2025-09-30T03:00:59.200+0000] {taskinstance.py:1361} INFO - Starting attempt 1 of 6
[2025-09-30T03:00:59.214+0000] {taskinstance.py:1382} INFO - Executing <Task(PythonOperator): fetch_top_song_previews> on 2025-09-30 02:00:00+00:00
[2025-09-30T03:00:59.220+0000] {standard_task_runner.py:57} INFO - Started process 12866 to run task
[2025-09-30T03:00:59.223+0000] {standard_task_runner.py:84} INFO - Running: ['***', 'tasks', 'run', 'spotify_etl_pipeline', 'fetch_top_song_previews', 'scheduled__2025-09-30T02:00:00+00:00', '--job-id', '2982', '--raw', '--subdir', 'DAGS_FOLDER/spotify_dag.py', '--cfg-path', '/tmp/tmpjo1d0lsl']
[2025-09-30T03:00:59.225+0000] {standard_task_runner.py:85} INFO - Job 2982: Subtask fetch_top_song_previews
[2025-09-30T03:00:59.455+0000] {task_command.py:415} INFO - Running <TaskInstance: spotify_etl_pipeline.fetch_top_song_previews scheduled__2025-09-30T02:00:00+00:00 [running]> on host 8522660cfb6a
[2025-09-30T03:00:59.554+0000] {taskinstance.py:1660} INFO - Exporting env vars: AIRFLOW_CTX_DAG_OWNER='***' AIRFLOW_CTX_DAG_ID='spotify_etl_pipeline' AIRFLOW_CTX_TASK_ID='fetch_top_song_previews' AIRFLOW_CTX_EXECUTION_DATE='2025-09-30T02:00:00+00:00' AIRFLOW_CTX_TRY_NUMBER='1' AIRFLOW_CTX_DAG_RUN_ID='scheduled__2025-09-30T02:00:00+00:00'
[2025-09-30T03:00:59.569+0000] {logging_mixin.py:151} INFO - Found 5 top songs. Fetching audio preview links from microservice.
[2025-09-30T03:01:03.793+0000] {logging_mixin.py:151} INFO - ✅ Saved 5 top song audio links to data/top_song_previews.csv
[2025-09-30T03:01:03.803+0000] {python.py:194} INFO - Done. Returned value was:                  track_id  ...   last_updated_datetime_utc
0  5kt5UfkL18qq7AxYOCyQlt  ...  2025-09-30T03:01:03.768325
1  5z2wFoVRqnuxYmauqrKxdP  ...  2025-09-30T03:01:03.768347
2  3LOTdehsLMCm3u0CNJwsL3  ...  2025-09-30T03:01:03.768353
3  7e9TMRRYkj9JZgIkIGPTfl  ...  2025-09-30T03:01:03.768365
4  1edKrqk7YCriloCaIi7ooC  ...  2025-09-30T03:01:03.768369

[5 rows x 3 columns]
[2025-09-30T03:01:03.912+0000] {taskinstance.py:1400} INFO - Marking task as SUCCESS. dag_id=spotify_etl_pipeline, task_id=fetch_top_song_previews, execution_date=20250930T020000, start_date=20250930T030059, end_date=20250930T030103
[2025-09-30T03:01:03.974+0000] {local_task_job_runner.py:228} INFO - Task exited with return code 0
[2025-09-30T03:01:04.037+0000] {taskinstance.py:2784} INFO - 1 downstream tasks scheduled from follow-on schedule check
