[2025-09-24T04:17:59.440+0000] {taskinstance.py:1159} INFO - Dependencies all met for dep_context=non-requeueable deps ti=<TaskInstance: spotify_etl_pipeline.gold_view manual__2025-09-24T04:17:26.877915+00:00 [queued]>
[2025-09-24T04:17:59.447+0000] {taskinstance.py:1159} INFO - Dependencies all met for dep_context=requeueable deps ti=<TaskInstance: spotify_etl_pipeline.gold_view manual__2025-09-24T04:17:26.877915+00:00 [queued]>
[2025-09-24T04:17:59.448+0000] {taskinstance.py:1361} INFO - Starting attempt 1 of 6
[2025-09-24T04:17:59.457+0000] {taskinstance.py:1382} INFO - Executing <Task(PythonOperator): gold_view> on 2025-09-24 04:17:26.877915+00:00
[2025-09-24T04:17:59.462+0000] {standard_task_runner.py:57} INFO - Started process 41631 to run task
[2025-09-24T04:17:59.465+0000] {standard_task_runner.py:84} INFO - Running: ['***', 'tasks', 'run', 'spotify_etl_pipeline', 'gold_view', 'manual__2025-09-24T04:17:26.877915+00:00', '--job-id', '1883', '--raw', '--subdir', 'DAGS_FOLDER/spotify_dag.py', '--cfg-path', '/tmp/tmp7r4fajk0']
[2025-09-24T04:17:59.468+0000] {standard_task_runner.py:85} INFO - Job 1883: Subtask gold_view
[2025-09-24T04:17:59.521+0000] {task_command.py:415} INFO - Running <TaskInstance: spotify_etl_pipeline.gold_view manual__2025-09-24T04:17:26.877915+00:00 [running]> on host 8a603698361b
[2025-09-24T04:17:59.718+0000] {taskinstance.py:1660} INFO - Exporting env vars: AIRFLOW_CTX_DAG_OWNER='***' AIRFLOW_CTX_DAG_ID='spotify_etl_pipeline' AIRFLOW_CTX_TASK_ID='gold_view' AIRFLOW_CTX_EXECUTION_DATE='2025-09-24T04:17:26.877915+00:00' AIRFLOW_CTX_TRY_NUMBER='1' AIRFLOW_CTX_DAG_RUN_ID='manual__2025-09-24T04:17:26.877915+00:00'
[2025-09-24T04:17:59.731+0000] {logging_mixin.py:151} INFO - Executed sql/views/listening_history/view_monthly_genre_distribution.sql
[2025-09-24T04:17:59.733+0000] {logging_mixin.py:151} INFO - Executed sql/views/listening_history/view_monthly_genre_top_artists.sql
[2025-09-24T04:17:59.735+0000] {logging_mixin.py:151} INFO - Executed sql/views/listening_history/view_top_artists.sql
[2025-09-24T04:17:59.737+0000] {logging_mixin.py:151} INFO - Executed sql/views/listening_history/view_top_songs.sql
[2025-09-24T04:17:59.738+0000] {logging_mixin.py:151} INFO - Executed sql/views/listening_history/view_total_listening_by_day.sql
[2025-09-24T04:17:59.740+0000] {logging_mixin.py:151} INFO - Executed sql/views/listening_history/view_total_listening_overall.sql
[2025-09-24T04:17:59.744+0000] {logging_mixin.py:151} INFO - ✅ All SQL scripts executed successfully
[2025-09-24T04:17:59.744+0000] {python.py:194} INFO - Done. Returned value was: None
[2025-09-24T04:17:59.753+0000] {taskinstance.py:1400} INFO - Marking task as SUCCESS. dag_id=spotify_etl_pipeline, task_id=gold_view, execution_date=20250924T041726, start_date=20250924T041759, end_date=20250924T041759
[2025-09-24T04:17:59.777+0000] {local_task_job_runner.py:228} INFO - Task exited with return code 0
[2025-09-24T04:17:59.790+0000] {taskinstance.py:2784} INFO - 0 downstream tasks scheduled from follow-on schedule check
