[2025-09-18T13:05:21.892+0000] {taskinstance.py:1159} INFO - Dependencies all met for dep_context=non-requeueable deps ti=<TaskInstance: spotify_etl_pipeline.gold_view scheduled__2025-09-18T12:00:00+00:00 [queued]>
[2025-09-18T13:05:21.899+0000] {taskinstance.py:1159} INFO - Dependencies all met for dep_context=requeueable deps ti=<TaskInstance: spotify_etl_pipeline.gold_view scheduled__2025-09-18T12:00:00+00:00 [queued]>
[2025-09-18T13:05:21.899+0000] {taskinstance.py:1361} INFO - Starting attempt 1 of 6
[2025-09-18T13:05:21.908+0000] {taskinstance.py:1382} INFO - Executing <Task(PythonOperator): gold_view> on 2025-09-18 12:00:00+00:00
[2025-09-18T13:05:21.914+0000] {standard_task_runner.py:57} INFO - Started process 2696 to run task
[2025-09-18T13:05:21.917+0000] {standard_task_runner.py:84} INFO - Running: ['***', 'tasks', 'run', 'spotify_etl_pipeline', 'gold_view', 'scheduled__2025-09-18T12:00:00+00:00', '--job-id', '1292', '--raw', '--subdir', 'DAGS_FOLDER/spotify_dag.py', '--cfg-path', '/tmp/tmptslto91x']
[2025-09-18T13:05:21.921+0000] {standard_task_runner.py:85} INFO - Job 1292: Subtask gold_view
[2025-09-18T13:05:22.106+0000] {task_command.py:415} INFO - Running <TaskInstance: spotify_etl_pipeline.gold_view scheduled__2025-09-18T12:00:00+00:00 [running]> on host ee329644aa53
[2025-09-18T13:05:22.182+0000] {taskinstance.py:1660} INFO - Exporting env vars: AIRFLOW_CTX_DAG_OWNER='***' AIRFLOW_CTX_DAG_ID='spotify_etl_pipeline' AIRFLOW_CTX_TASK_ID='gold_view' AIRFLOW_CTX_EXECUTION_DATE='2025-09-18T12:00:00+00:00' AIRFLOW_CTX_TRY_NUMBER='1' AIRFLOW_CTX_DAG_RUN_ID='scheduled__2025-09-18T12:00:00+00:00'
[2025-09-18T13:05:22.189+0000] {logging_mixin.py:151} INFO - Executed sql/views/listening_history/view_monthly_genre_distribution.sql
[2025-09-18T13:05:22.191+0000] {logging_mixin.py:151} INFO - Executed sql/views/listening_history/view_monthly_genre_top_artists.sql
[2025-09-18T13:05:22.192+0000] {logging_mixin.py:151} INFO - Executed sql/views/listening_history/view_top_artists.sql
[2025-09-18T13:05:22.193+0000] {logging_mixin.py:151} INFO - Executed sql/views/listening_history/view_top_songs.sql
[2025-09-18T13:05:22.194+0000] {logging_mixin.py:151} INFO - Executed sql/views/listening_history/view_total_listening_by_day.sql
[2025-09-18T13:05:22.195+0000] {logging_mixin.py:151} INFO - Executed sql/views/listening_history/view_total_listening_overall.sql
[2025-09-18T13:05:22.196+0000] {logging_mixin.py:151} INFO - ✅ All SQL scripts executed successfully
[2025-09-18T13:05:22.196+0000] {python.py:194} INFO - Done. Returned value was: None
[2025-09-18T13:05:22.203+0000] {taskinstance.py:1400} INFO - Marking task as SUCCESS. dag_id=spotify_etl_pipeline, task_id=gold_view, execution_date=20250918T120000, start_date=20250918T130521, end_date=20250918T130522
[2025-09-18T13:05:22.228+0000] {local_task_job_runner.py:228} INFO - Task exited with return code 0
[2025-09-18T13:05:22.241+0000] {taskinstance.py:2784} INFO - 0 downstream tasks scheduled from follow-on schedule check
