[2025-10-01T03:00:11.599+0000] {taskinstance.py:1159} INFO - Dependencies all met for dep_context=non-requeueable deps ti=<TaskInstance: spotify_etl_pipeline.gold_transform scheduled__2025-10-01T02:00:00+00:00 [queued]>
[2025-10-01T03:00:11.605+0000] {taskinstance.py:1159} INFO - Dependencies all met for dep_context=requeueable deps ti=<TaskInstance: spotify_etl_pipeline.gold_transform scheduled__2025-10-01T02:00:00+00:00 [queued]>
[2025-10-01T03:00:11.606+0000] {taskinstance.py:1361} INFO - Starting attempt 1 of 6
[2025-10-01T03:00:11.615+0000] {taskinstance.py:1382} INFO - Executing <Task(PythonOperator): gold_transform> on 2025-10-01 02:00:00+00:00
[2025-10-01T03:00:11.623+0000] {standard_task_runner.py:57} INFO - Started process 52051 to run task
[2025-10-01T03:00:11.626+0000] {standard_task_runner.py:84} INFO - Running: ['***', 'tasks', 'run', 'spotify_etl_pipeline', 'gold_transform', 'scheduled__2025-10-01T02:00:00+00:00', '--job-id', '3167', '--raw', '--subdir', 'DAGS_FOLDER/spotify_dag.py', '--cfg-path', '/tmp/tmpmk69cir7']
[2025-10-01T03:00:11.630+0000] {standard_task_runner.py:85} INFO - Job 3167: Subtask gold_transform
[2025-10-01T03:00:11.997+0000] {task_command.py:415} INFO - Running <TaskInstance: spotify_etl_pipeline.gold_transform scheduled__2025-10-01T02:00:00+00:00 [running]> on host 8522660cfb6a
[2025-10-01T03:00:12.079+0000] {taskinstance.py:1660} INFO - Exporting env vars: AIRFLOW_CTX_DAG_OWNER='***' AIRFLOW_CTX_DAG_ID='spotify_etl_pipeline' AIRFLOW_CTX_TASK_ID='gold_transform' AIRFLOW_CTX_EXECUTION_DATE='2025-10-01T02:00:00+00:00' AIRFLOW_CTX_TRY_NUMBER='1' AIRFLOW_CTX_DAG_RUN_ID='scheduled__2025-10-01T02:00:00+00:00'
[2025-10-01T03:00:12.112+0000] {logging_mixin.py:151} INFO - Executed sql/gold/listening_history/fact_listening_history.sql
[2025-10-01T03:00:12.121+0000] {logging_mixin.py:151} INFO - Executed sql/gold/listening_history/dim_tracks.sql
[2025-10-01T03:00:12.128+0000] {logging_mixin.py:151} INFO - Executed sql/gold/listening_history/dim_artists.sql
[2025-10-01T03:00:12.134+0000] {logging_mixin.py:151} INFO - Executed sql/gold/listening_history/dim_albums.sql
[2025-10-01T03:00:12.138+0000] {logging_mixin.py:151} INFO - Executed sql/gold/listening_history/top_song_previews.sql
[2025-10-01T03:00:12.142+0000] {logging_mixin.py:151} INFO - Executed sql/gold/listening_history/top_artist_previews.sql
[2025-10-01T03:00:12.151+0000] {logging_mixin.py:151} INFO - ✅ All SQL scripts executed successfully
[2025-10-01T03:00:12.155+0000] {python.py:194} INFO - Done. Returned value was: None
[2025-10-01T03:00:12.163+0000] {taskinstance.py:1400} INFO - Marking task as SUCCESS. dag_id=spotify_etl_pipeline, task_id=gold_transform, execution_date=20251001T020000, start_date=20251001T030011, end_date=20251001T030012
[2025-10-01T03:00:12.188+0000] {local_task_job_runner.py:228} INFO - Task exited with return code 0
[2025-10-01T03:00:12.338+0000] {taskinstance.py:2784} INFO - 1 downstream tasks scheduled from follow-on schedule check
