[2025-09-24T06:06:29.914+0000] {taskinstance.py:1159} INFO - Dependencies all met for dep_context=non-requeueable deps ti=<TaskInstance: spotify_etl_pipeline.gold_view manual__2025-09-24T06:05:46.388350+00:00 [queued]>
[2025-09-24T06:06:29.923+0000] {taskinstance.py:1159} INFO - Dependencies all met for dep_context=requeueable deps ti=<TaskInstance: spotify_etl_pipeline.gold_view manual__2025-09-24T06:05:46.388350+00:00 [queued]>
[2025-09-24T06:06:29.923+0000] {taskinstance.py:1361} INFO - Starting attempt 1 of 6
[2025-09-24T06:06:29.935+0000] {taskinstance.py:1382} INFO - Executing <Task(PythonOperator): gold_view> on 2025-09-24 06:05:46.388350+00:00
[2025-09-24T06:06:29.945+0000] {standard_task_runner.py:57} INFO - Started process 45516 to run task
[2025-09-24T06:06:29.948+0000] {standard_task_runner.py:84} INFO - Running: ['***', 'tasks', 'run', 'spotify_etl_pipeline', 'gold_view', 'manual__2025-09-24T06:05:46.388350+00:00', '--job-id', '1934', '--raw', '--subdir', 'DAGS_FOLDER/spotify_dag.py', '--cfg-path', '/tmp/tmpe2i80crx']
[2025-09-24T06:06:29.951+0000] {standard_task_runner.py:85} INFO - Job 1934: Subtask gold_view
[2025-09-24T06:06:30.026+0000] {task_command.py:415} INFO - Running <TaskInstance: spotify_etl_pipeline.gold_view manual__2025-09-24T06:05:46.388350+00:00 [running]> on host 8a603698361b
[2025-09-24T06:06:30.367+0000] {taskinstance.py:1660} INFO - Exporting env vars: AIRFLOW_CTX_DAG_OWNER='***' AIRFLOW_CTX_DAG_ID='spotify_etl_pipeline' AIRFLOW_CTX_TASK_ID='gold_view' AIRFLOW_CTX_EXECUTION_DATE='2025-09-24T06:05:46.388350+00:00' AIRFLOW_CTX_TRY_NUMBER='1' AIRFLOW_CTX_DAG_RUN_ID='manual__2025-09-24T06:05:46.388350+00:00'
[2025-09-24T06:06:30.381+0000] {logging_mixin.py:151} INFO - Executed sql/views/listening_history/view_monthly_genre_distribution.sql
[2025-09-24T06:06:30.384+0000] {logging_mixin.py:151} INFO - Executed sql/views/listening_history/view_monthly_genre_top_artists.sql
[2025-09-24T06:06:30.388+0000] {logging_mixin.py:151} INFO - Executed sql/views/listening_history/view_top_artists.sql
[2025-09-24T06:06:30.391+0000] {taskinstance.py:1943} ERROR - Task failed with exception
Traceback (most recent call last):
  File "/home/airflow/.local/lib/python3.8/site-packages/airflow/operators/python.py", line 192, in execute
    return_value = self.execute_callable()
  File "/home/airflow/.local/lib/python3.8/site-packages/airflow/operators/python.py", line 209, in execute_callable
    return self.python_callable(*self.op_args, **self.op_kwargs)
  File "/opt/airflow/etl/db_utils.py", line 11, in run_sql_scripts
    cur.execute(sql)
psycopg2.errors.InvalidTableDefinition: cannot change name of view column "song_name" to "track_id"
HINT:  Use ALTER VIEW ... RENAME COLUMN ... to change name of view column instead.

[2025-09-24T06:06:30.403+0000] {taskinstance.py:1400} INFO - Marking task as UP_FOR_RETRY. dag_id=spotify_etl_pipeline, task_id=gold_view, execution_date=20250924T060546, start_date=20250924T060629, end_date=20250924T060630
[2025-09-24T06:06:30.412+0000] {standard_task_runner.py:104} ERROR - Failed to execute job 1934 for task gold_view (cannot change name of view column "song_name" to "track_id"
HINT:  Use ALTER VIEW ... RENAME COLUMN ... to change name of view column instead.
; 45516)
[2025-09-24T06:06:30.432+0000] {local_task_job_runner.py:228} INFO - Task exited with return code 1
[2025-09-24T06:06:30.457+0000] {taskinstance.py:2784} INFO - 0 downstream tasks scheduled from follow-on schedule check
