[2025-09-15T09:54:08.097+0000] {taskinstance.py:1159} INFO - Dependencies all met for dep_context=non-requeueable deps ti=<TaskInstance: spotify_saved_tracks_etl_pipeline.gold_saved_transform manual__2025-09-15T09:47:50.933492+00:00 [queued]>
[2025-09-15T09:54:08.103+0000] {taskinstance.py:1159} INFO - Dependencies all met for dep_context=requeueable deps ti=<TaskInstance: spotify_saved_tracks_etl_pipeline.gold_saved_transform manual__2025-09-15T09:47:50.933492+00:00 [queued]>
[2025-09-15T09:54:08.104+0000] {taskinstance.py:1361} INFO - Starting attempt 2 of 6
[2025-09-15T09:54:08.191+0000] {taskinstance.py:1382} INFO - Executing <Task(PythonOperator): gold_saved_transform> on 2025-09-15 09:47:50.933492+00:00
[2025-09-15T09:54:08.200+0000] {standard_task_runner.py:57} INFO - Started process 442 to run task
[2025-09-15T09:54:08.202+0000] {standard_task_runner.py:84} INFO - Running: ['***', 'tasks', 'run', 'spotify_saved_tracks_etl_pipeline', 'gold_saved_transform', 'manual__2025-09-15T09:47:50.933492+00:00', '--job-id', '863', '--raw', '--subdir', 'DAGS_FOLDER/spotify_saved_dag.py', '--cfg-path', '/tmp/tmpoqcvzgcp']
[2025-09-15T09:54:08.204+0000] {standard_task_runner.py:85} INFO - Job 863: Subtask gold_saved_transform
[2025-09-15T09:54:08.241+0000] {task_command.py:415} INFO - Running <TaskInstance: spotify_saved_tracks_etl_pipeline.gold_saved_transform manual__2025-09-15T09:47:50.933492+00:00 [running]> on host 537418afed42
[2025-09-15T09:54:08.295+0000] {taskinstance.py:1660} INFO - Exporting env vars: AIRFLOW_CTX_DAG_OWNER='***' AIRFLOW_CTX_DAG_ID='spotify_saved_tracks_etl_pipeline' AIRFLOW_CTX_TASK_ID='gold_saved_transform' AIRFLOW_CTX_EXECUTION_DATE='2025-09-15T09:47:50.933492+00:00' AIRFLOW_CTX_TRY_NUMBER='2' AIRFLOW_CTX_DAG_RUN_ID='manual__2025-09-15T09:47:50.933492+00:00'
[2025-09-15T09:54:08.311+0000] {logging_mixin.py:151} INFO - Executed sql/gold/saved_tracks/fact_saved_songs.sql
[2025-09-15T09:54:08.317+0000] {taskinstance.py:1943} ERROR - Task failed with exception
Traceback (most recent call last):
  File "/home/airflow/.local/lib/python3.8/site-packages/airflow/operators/python.py", line 192, in execute
    return_value = self.execute_callable()
  File "/home/airflow/.local/lib/python3.8/site-packages/airflow/operators/python.py", line 209, in execute_callable
    return self.python_callable(*self.op_args, **self.op_kwargs)
  File "/opt/airflow/etl/db_utils.py", line 11, in run_sql_scripts
    cur.execute(sql)
psycopg2.errors.DatatypeMismatch: column "song_duration_sec" is of type numeric but expression is of type text
LINE 9:     artist_id,
            ^
HINT:  You will need to rewrite or cast the expression.

[2025-09-15T09:54:08.324+0000] {taskinstance.py:1400} INFO - Marking task as UP_FOR_RETRY. dag_id=spotify_saved_tracks_etl_pipeline, task_id=gold_saved_transform, execution_date=20250915T094750, start_date=20250915T095408, end_date=20250915T095408
[2025-09-15T09:54:08.334+0000] {standard_task_runner.py:104} ERROR - Failed to execute job 863 for task gold_saved_transform (column "song_duration_sec" is of type numeric but expression is of type text
LINE 9:     artist_id,
            ^
HINT:  You will need to rewrite or cast the expression.
; 442)
[2025-09-15T09:54:08.345+0000] {local_task_job_runner.py:228} INFO - Task exited with return code 1
[2025-09-15T09:54:08.368+0000] {taskinstance.py:2784} INFO - 0 downstream tasks scheduled from follow-on schedule check
