[2025-09-24T03:46:40.413+0000] {taskinstance.py:1159} INFO - Dependencies all met for dep_context=non-requeueable deps ti=<TaskInstance: spotify_etl_pipeline.extract_songs scheduled__2025-09-23T15:00:00+00:00 [queued]>
[2025-09-24T03:46:40.513+0000] {taskinstance.py:1159} INFO - Dependencies all met for dep_context=requeueable deps ti=<TaskInstance: spotify_etl_pipeline.extract_songs scheduled__2025-09-23T15:00:00+00:00 [queued]>
[2025-09-24T03:46:40.515+0000] {taskinstance.py:1361} INFO - Starting attempt 3 of 6
[2025-09-24T03:46:40.590+0000] {taskinstance.py:1382} INFO - Executing <Task(PythonOperator): extract_songs> on 2025-09-23 15:00:00+00:00
[2025-09-24T03:46:40.760+0000] {standard_task_runner.py:57} INFO - Started process 40422 to run task
[2025-09-24T03:46:40.841+0000] {standard_task_runner.py:84} INFO - Running: ['***', 'tasks', 'run', 'spotify_etl_pipeline', 'extract_songs', 'scheduled__2025-09-23T15:00:00+00:00', '--job-id', '1840', '--raw', '--subdir', 'DAGS_FOLDER/spotify_dag.py', '--cfg-path', '/tmp/tmpurrm87jl']
[2025-09-24T03:46:40.863+0000] {standard_task_runner.py:85} INFO - Job 1840: Subtask extract_songs
[2025-09-24T03:46:41.629+0000] {task_command.py:415} INFO - Running <TaskInstance: spotify_etl_pipeline.extract_songs scheduled__2025-09-23T15:00:00+00:00 [running]> on host 8a603698361b
[2025-09-24T03:46:43.072+0000] {taskinstance.py:1660} INFO - Exporting env vars: AIRFLOW_CTX_DAG_OWNER='***' AIRFLOW_CTX_DAG_ID='spotify_etl_pipeline' AIRFLOW_CTX_TASK_ID='extract_songs' AIRFLOW_CTX_EXECUTION_DATE='2025-09-23T15:00:00+00:00' AIRFLOW_CTX_TRY_NUMBER='3' AIRFLOW_CTX_DAG_RUN_ID='scheduled__2025-09-23T15:00:00+00:00'
[2025-09-24T03:46:52.778+0000] {logging_mixin.py:151} INFO - ✅ Saved 31 artist images to data/artist_images.csv
[2025-09-24T03:46:52.802+0000] {python.py:194} INFO - Done. Returned value was: (               played_at_utc  ...   last_updated_datetime_utc
0   2025-09-23T12:25:43.235Z  ...  2025-09-24T03:46:44.875064
1   2025-09-23T12:20:39.087Z  ...  2025-09-24T03:46:44.875175
2   2025-09-23T08:17:47.120Z  ...  2025-09-24T03:46:44.875184
3   2025-09-23T08:14:10.280Z  ...  2025-09-24T03:46:44.875189
4   2025-09-23T08:12:03.317Z  ...  2025-09-24T03:46:44.875194
5   2025-09-23T08:07:40.669Z  ...  2025-09-24T03:46:44.875198
6   2025-09-23T08:04:50.611Z  ...  2025-09-24T03:46:44.875202
7   2025-09-23T08:00:23.299Z  ...  2025-09-24T03:46:44.875207
8   2025-09-23T07:56:39.036Z  ...  2025-09-24T03:46:44.875229
9   2025-09-23T07:47:43.546Z  ...  2025-09-24T03:46:44.875234
10  2025-09-23T07:44:01.282Z  ...  2025-09-24T03:46:44.875239
11  2025-09-23T07:41:49.878Z  ...  2025-09-24T03:46:44.875243
12  2025-09-23T07:37:19.179Z  ...  2025-09-24T03:46:44.875247
13  2025-09-23T07:32:28.687Z  ...  2025-09-24T03:46:44.875251
14  2025-09-23T07:28:06.481Z  ...  2025-09-24T03:46:44.875254
15  2025-09-23T06:38:55.767Z  ...  2025-09-24T03:46:44.875274
16  2025-09-23T06:34:44.757Z  ...  2025-09-24T03:46:44.875280
17  2025-09-23T06:29:25.923Z  ...  2025-09-24T03:46:44.875284
18  2025-09-23T06:25:19.296Z  ...  2025-09-24T03:46:44.875288
19  2025-09-23T06:20:56.457Z  ...  2025-09-24T03:46:44.875292
20  2025-09-23T06:17:11.166Z  ...  2025-09-24T03:46:44.875296
21  2025-09-23T05:43:46.326Z  ...  2025-09-24T03:46:44.875300
22  2025-09-23T05:26:00.242Z  ...  2025-09-24T03:46:44.875307
23  2025-09-23T04:11:38.221Z  ...  2025-09-24T03:46:44.875314
24  2025-09-23T04:08:52.217Z  ...  2025-09-24T03:46:44.875317
25  2025-09-23T04:05:08.654Z  ...  2025-09-24T03:46:44.875321
26  2025-09-23T04:00:13.215Z  ...  2025-09-24T03:46:44.875325
27  2025-09-23T03:52:11.798Z  ...  2025-09-24T03:46:44.875330
28  2025-09-23T03:47:29.840Z  ...  2025-09-24T03:46:44.875334
29  2025-09-23T03:43:13.241Z  ...  2025-09-24T03:46:44.875338
30  2025-09-23T03:39:25.893Z  ...  2025-09-24T03:46:44.875341
31  2025-09-23T03:31:23.762Z  ...  2025-09-24T03:46:44.875345
32  2025-09-22T11:23:27.064Z  ...  2025-09-24T03:46:44.875349
33  2025-09-22T11:15:22.269Z  ...  2025-09-24T03:46:44.875353
34  2025-09-22T11:11:40.636Z  ...  2025-09-24T03:46:44.875356
35  2025-09-22T05:54:00.264Z  ...  2025-09-24T03:46:44.875360
36  2025-09-22T05:50:17.840Z  ...  2025-09-24T03:46:44.875364
37  2025-09-22T05:45:54.439Z  ...  2025-09-24T03:46:44.875368
38  2025-09-22T05:41:34.494Z  ...  2025-09-24T03:46:44.875371
39  2025-09-22T05:32:51.023Z  ...  2025-09-24T03:46:44.875375
40  2025-09-22T05:29:48.944Z  ...  2025-09-24T03:46:44.875378
41  2025-09-22T05:25:17.247Z  ...  2025-09-24T03:46:44.875382
42  2025-09-22T05:20:29.837Z  ...  2025-09-24T03:46:44.875385
43  2025-09-22T05:16:32.600Z  ...  2025-09-24T03:46:44.875389
44  2025-09-22T05:12:31.467Z  ...  2025-09-24T03:46:44.875392
45  2025-09-22T05:08:32.876Z  ...  2025-09-24T03:46:44.875395
46  2025-09-22T05:07:25.416Z  ...  2025-09-24T03:46:44.875414
47  2025-09-22T05:02:44.045Z  ...  2025-09-24T03:46:44.875419
48  2025-09-22T05:00:27.146Z  ...  2025-09-24T03:46:44.875422
49  2025-09-22T04:53:57.706Z  ...  2025-09-24T03:46:44.875426

[50 rows x 12 columns],                  artist_id  ...   last_updated_datetime_utc
0   3df3XLKuqTQ6iOSmi0K3Wp  ...  2025-09-24T03:46:45.983441
1   28gf2piFx6cAKOMIwcky5a  ...  2025-09-24T03:46:46.153740
2   72X6FHxaShda0XeQw3vbeF  ...  2025-09-24T03:46:46.383967
3   6YlGm6QDrC3TOknYcHjt62  ...  2025-09-24T03:46:46.635592
4   1YrtUPrWcPfgdl9BaD9nhd  ...  2025-09-24T03:46:46.802005
5   2F5W6Rsxwzg0plQ0w8dSyt  ...  2025-09-24T03:46:47.033894
6   5GH4Ndf9p8BnxvpMWPxGot  ...  2025-09-24T03:46:47.253575
7   4gvjmrtzydbMpyJaXUtwvP  ...  2025-09-24T03:46:47.452596
8   2elBjNSdBE2Y3f0j1mjrql  ...  2025-09-24T03:46:47.750799
9   4pzAvicKWenQtv9zIQim47  ...  2025-09-24T03:46:48.444467
10  3KdU8KfkDy7xHmQS00B5wd  ...  2025-09-24T03:46:48.661935
11  6P5NO5hzJbuOqSdyPB7SJM  ...  2025-09-24T03:46:48.873825
12  74XFHRwlV6OrjEM0A2NCMF  ...  2025-09-24T03:46:49.118219
13  06HL4z0CvFAxyc27GXpf02  ...  2025-09-24T03:46:49.399688
14  0TtVGvZ6bN7aQTTAixMFYU  ...  2025-09-24T03:46:49.602237
15  4GsjZQZJ3viOq4Uw8wZDbW  ...  2025-09-24T03:46:49.788337
16  3dI4Io8XE33J2o04ZwjR0Y  ...  2025-09-24T03:46:49.980383
17  376pcuw4IgWBMOUwCr8kIm  ...  2025-09-24T03:46:50.156626
18  7Dx7RhX0mFuXhCOUgB01uM  ...  2025-09-24T03:46:50.320488
19  5qUYuf6cIHU241KxPyDMBp  ...  2025-09-24T03:46:50.510636
20  6jlz5QSUqbKE4vnzo2qfP1  ...  2025-09-24T03:46:50.747224
21  2QcZxAgcs2I1q7CtCkl6MI  ...  2025-09-24T03:46:50.962880
22  21QQNTzqULHjiaDKaZepRP  ...  2025-09-24T03:46:51.135946
23  6qqNVTkY8uBg9cP3Jd7DAH  ...  2025-09-24T03:46:51.349055
24  0UtXMxHMXhwQUI6G6TFDt1  ...  2025-09-24T03:46:51.586419
25  7jXoGtR69J2iYCefc58MZX  ...  2025-09-24T03:46:51.781263
26  1SCaQu3jTbcKIjy8aC7KHa  ...  2025-09-24T03:46:51.960466
27  2SY6OktZyMLdOnscX3DCyS  ...  2025-09-24T03:46:52.147514
28  75CM5fojYdKYD0xYSFh22Z  ...  2025-09-24T03:46:52.352820
29  1q7sCl0vg0EcaFdRz0XDGg  ...  2025-09-24T03:46:52.556026
30  7uzBKhYbCKBs53kDrO4Suc  ...  2025-09-24T03:46:52.758757

[31 rows x 3 columns])
[2025-09-24T03:46:52.993+0000] {taskinstance.py:1400} INFO - Marking task as SUCCESS. dag_id=spotify_etl_pipeline, task_id=extract_songs, execution_date=20250923T150000, start_date=20250924T034640, end_date=20250924T034652
[2025-09-24T03:46:53.096+0000] {local_task_job_runner.py:228} INFO - Task exited with return code 0
[2025-09-24T03:46:53.160+0000] {taskinstance.py:2784} INFO - 1 downstream tasks scheduled from follow-on schedule check
