[2025-09-24T06:05:54.558+0000] {taskinstance.py:1159} INFO - Dependencies all met for dep_context=non-requeueable deps ti=<TaskInstance: spotify_etl_pipeline.extract_songs manual__2025-09-24T06:05:46.388350+00:00 [queued]>
[2025-09-24T06:05:54.565+0000] {taskinstance.py:1159} INFO - Dependencies all met for dep_context=requeueable deps ti=<TaskInstance: spotify_etl_pipeline.extract_songs manual__2025-09-24T06:05:46.388350+00:00 [queued]>
[2025-09-24T06:05:54.565+0000] {taskinstance.py:1361} INFO - Starting attempt 1 of 6
[2025-09-24T06:05:54.575+0000] {taskinstance.py:1382} INFO - Executing <Task(PythonOperator): extract_songs> on 2025-09-24 06:05:46.388350+00:00
[2025-09-24T06:05:54.605+0000] {standard_task_runner.py:57} INFO - Started process 45477 to run task
[2025-09-24T06:05:54.613+0000] {standard_task_runner.py:84} INFO - Running: ['***', 'tasks', 'run', 'spotify_etl_pipeline', 'extract_songs', 'manual__2025-09-24T06:05:46.388350+00:00', '--job-id', '1927', '--raw', '--subdir', 'DAGS_FOLDER/spotify_dag.py', '--cfg-path', '/tmp/tmp0e2xcw9e']
[2025-09-24T06:05:54.616+0000] {standard_task_runner.py:85} INFO - Job 1927: Subtask extract_songs
[2025-09-24T06:05:55.023+0000] {task_command.py:415} INFO - Running <TaskInstance: spotify_etl_pipeline.extract_songs manual__2025-09-24T06:05:46.388350+00:00 [running]> on host 8a603698361b
[2025-09-24T06:05:55.099+0000] {taskinstance.py:1660} INFO - Exporting env vars: AIRFLOW_CTX_DAG_OWNER='***' AIRFLOW_CTX_DAG_ID='spotify_etl_pipeline' AIRFLOW_CTX_TASK_ID='extract_songs' AIRFLOW_CTX_EXECUTION_DATE='2025-09-24T06:05:46.388350+00:00' AIRFLOW_CTX_TRY_NUMBER='1' AIRFLOW_CTX_DAG_RUN_ID='manual__2025-09-24T06:05:46.388350+00:00'
[2025-09-24T06:06:02.417+0000] {logging_mixin.py:151} INFO - ✅ Saved 30 artist images to data/artist_images.csv
[2025-09-24T06:06:02.445+0000] {python.py:194} INFO - Done. Returned value was: (               played_at_utc  ...   last_updated_datetime_utc
0   2025-09-24T06:05:34.582Z  ...  2025-09-24T06:05:55.894601
1   2025-09-24T06:00:39.959Z  ...  2025-09-24T06:05:55.894623
2   2025-09-24T05:56:44.293Z  ...  2025-09-24T06:05:55.894628
3   2025-09-24T05:52:13.070Z  ...  2025-09-24T06:05:55.894633
4   2025-09-24T05:47:37.972Z  ...  2025-09-24T06:05:55.894638
5   2025-09-24T05:45:09.404Z  ...  2025-09-24T06:05:55.894642
6   2025-09-24T05:39:20.527Z  ...  2025-09-24T06:05:55.894650
7   2025-09-24T04:45:41.904Z  ...  2025-09-24T06:05:55.894654
8   2025-09-24T04:29:23.385Z  ...  2025-09-24T06:05:55.894658
9   2025-09-24T04:00:26.479Z  ...  2025-09-24T06:05:55.894662
10  2025-09-24T03:56:17.004Z  ...  2025-09-24T06:05:55.894666
11  2025-09-24T03:51:24.226Z  ...  2025-09-24T06:05:55.894670
12  2025-09-23T12:25:43.235Z  ...  2025-09-24T06:05:55.894673
13  2025-09-23T12:20:39.087Z  ...  2025-09-24T06:05:55.894677
14  2025-09-23T08:17:47.120Z  ...  2025-09-24T06:05:55.894680
15  2025-09-23T08:14:10.280Z  ...  2025-09-24T06:05:55.894684
16  2025-09-23T08:12:03.317Z  ...  2025-09-24T06:05:55.894688
17  2025-09-23T08:07:40.669Z  ...  2025-09-24T06:05:55.894692
18  2025-09-23T08:04:50.611Z  ...  2025-09-24T06:05:55.894704
19  2025-09-23T08:00:23.299Z  ...  2025-09-24T06:05:55.894709
20  2025-09-23T07:56:39.036Z  ...  2025-09-24T06:05:55.894713
21  2025-09-23T07:47:43.546Z  ...  2025-09-24T06:05:55.894716
22  2025-09-23T07:44:01.282Z  ...  2025-09-24T06:05:55.894721
23  2025-09-23T07:41:49.878Z  ...  2025-09-24T06:05:55.894724
24  2025-09-23T07:37:19.179Z  ...  2025-09-24T06:05:55.894728
25  2025-09-23T07:32:28.687Z  ...  2025-09-24T06:05:55.894732
26  2025-09-23T07:28:06.481Z  ...  2025-09-24T06:05:55.894736
27  2025-09-23T06:38:55.767Z  ...  2025-09-24T06:05:55.894740
28  2025-09-23T06:34:44.757Z  ...  2025-09-24T06:05:55.894745
29  2025-09-23T06:29:25.923Z  ...  2025-09-24T06:05:55.894748
30  2025-09-23T06:25:19.296Z  ...  2025-09-24T06:05:55.894751
31  2025-09-23T06:20:56.457Z  ...  2025-09-24T06:05:55.894755
32  2025-09-23T06:17:11.166Z  ...  2025-09-24T06:05:55.894758
33  2025-09-23T05:43:46.326Z  ...  2025-09-24T06:05:55.894762
34  2025-09-23T05:26:00.242Z  ...  2025-09-24T06:05:55.894765
35  2025-09-23T04:11:38.221Z  ...  2025-09-24T06:05:55.894769
36  2025-09-23T04:08:52.217Z  ...  2025-09-24T06:05:55.894773
37  2025-09-23T04:05:08.654Z  ...  2025-09-24T06:05:55.894776
38  2025-09-23T04:00:13.215Z  ...  2025-09-24T06:05:55.894781
39  2025-09-23T03:52:11.798Z  ...  2025-09-24T06:05:55.894784
40  2025-09-23T03:47:29.840Z  ...  2025-09-24T06:05:55.894788
41  2025-09-23T03:43:13.241Z  ...  2025-09-24T06:05:55.894792
42  2025-09-23T03:39:25.893Z  ...  2025-09-24T06:05:55.894795
43  2025-09-23T03:31:23.762Z  ...  2025-09-24T06:05:55.894799
44  2025-09-22T11:23:27.064Z  ...  2025-09-24T06:05:55.894802
45  2025-09-22T11:15:22.269Z  ...  2025-09-24T06:05:55.894805
46  2025-09-22T11:11:40.636Z  ...  2025-09-24T06:05:55.894808
47  2025-09-22T05:54:00.264Z  ...  2025-09-24T06:05:55.894812
48  2025-09-22T05:50:17.840Z  ...  2025-09-24T06:05:55.894815
49  2025-09-22T05:45:54.439Z  ...  2025-09-24T06:05:55.894818

[50 rows x 12 columns],                  artist_id  ...   last_updated_datetime_utc
0   1r9DuPTHiQ7hnRRZ99B8nL  ...  2025-09-24T06:05:56.260977
1   3df3XLKuqTQ6iOSmi0K3Wp  ...  2025-09-24T06:05:56.459009
2   28gf2piFx6cAKOMIwcky5a  ...  2025-09-24T06:05:56.631803
3   72X6FHxaShda0XeQw3vbeF  ...  2025-09-24T06:05:56.813351
4   6YlGm6QDrC3TOknYcHjt62  ...  2025-09-24T06:05:56.970598
5   76oIibS2wMO6znmOVWRTy2  ...  2025-09-24T06:05:57.172175
6   1YrtUPrWcPfgdl9BaD9nhd  ...  2025-09-24T06:05:57.362564
7   2F5W6Rsxwzg0plQ0w8dSyt  ...  2025-09-24T06:05:57.548835
8   5GH4Ndf9p8BnxvpMWPxGot  ...  2025-09-24T06:05:57.737449
9   4gvjmrtzydbMpyJaXUtwvP  ...  2025-09-24T06:05:57.900215
10  2elBjNSdBE2Y3f0j1mjrql  ...  2025-09-24T06:05:58.169106
11  4pzAvicKWenQtv9zIQim47  ...  2025-09-24T06:05:58.402097
12  3KdU8KfkDy7xHmQS00B5wd  ...  2025-09-24T06:05:58.584211
13  74XFHRwlV6OrjEM0A2NCMF  ...  2025-09-24T06:05:58.804812
14  06HL4z0CvFAxyc27GXpf02  ...  2025-09-24T06:05:59.021012
15  0TtVGvZ6bN7aQTTAixMFYU  ...  2025-09-24T06:05:59.231849
16  3dI4Io8XE33J2o04ZwjR0Y  ...  2025-09-24T06:05:59.417994
17  40tNK2YedBV2jRFAHxpifB  ...  2025-09-24T06:05:59.682585
18  376pcuw4IgWBMOUwCr8kIm  ...  2025-09-24T06:05:59.884652
19  7Dx7RhX0mFuXhCOUgB01uM  ...  2025-09-24T06:06:00.095947
20  5qUYuf6cIHU241KxPyDMBp  ...  2025-09-24T06:06:00.310075
21  6jlz5QSUqbKE4vnzo2qfP1  ...  2025-09-24T06:06:00.506417
22  70paW48PtCtUjtndElrjrL  ...  2025-09-24T06:06:00.721093
23  2QcZxAgcs2I1q7CtCkl6MI  ...  2025-09-24T06:06:00.929027
24  6qqNVTkY8uBg9cP3Jd7DAH  ...  2025-09-24T06:06:01.396728
25  7jXoGtR69J2iYCefc58MZX  ...  2025-09-24T06:06:01.580093
26  1SCaQu3jTbcKIjy8aC7KHa  ...  2025-09-24T06:06:01.736978
27  0rTP0x4vRFSDbhtqcCqc8K  ...  2025-09-24T06:06:01.920293
28  75CM5fojYdKYD0xYSFh22Z  ...  2025-09-24T06:06:02.120137
29  1q7sCl0vg0EcaFdRz0XDGg  ...  2025-09-24T06:06:02.330077

[30 rows x 3 columns])
[2025-09-24T06:06:02.619+0000] {taskinstance.py:1400} INFO - Marking task as SUCCESS. dag_id=spotify_etl_pipeline, task_id=extract_songs, execution_date=20250924T060546, start_date=20250924T060554, end_date=20250924T060602
[2025-09-24T06:06:02.700+0000] {local_task_job_runner.py:228} INFO - Task exited with return code 0
[2025-09-24T06:06:03.154+0000] {taskinstance.py:2784} INFO - 1 downstream tasks scheduled from follow-on schedule check
