[2025-09-30T02:00:18.007+0000] {taskinstance.py:1159} INFO - Dependencies all met for dep_context=non-requeueable deps ti=<TaskInstance: spotify_etl_pipeline.fetch_top_artist_previews scheduled__2025-09-29T15:00:00+00:00 [queued]>
[2025-09-30T02:00:18.021+0000] {taskinstance.py:1159} INFO - Dependencies all met for dep_context=requeueable deps ti=<TaskInstance: spotify_etl_pipeline.fetch_top_artist_previews scheduled__2025-09-29T15:00:00+00:00 [queued]>
[2025-09-30T02:00:18.022+0000] {taskinstance.py:1361} INFO - Starting attempt 1 of 6
[2025-09-30T02:00:18.052+0000] {taskinstance.py:1382} INFO - Executing <Task(PythonOperator): fetch_top_artist_previews> on 2025-09-29 15:00:00+00:00
[2025-09-30T02:00:18.063+0000] {standard_task_runner.py:57} INFO - Started process 11870 to run task
[2025-09-30T02:00:18.070+0000] {standard_task_runner.py:84} INFO - Running: ['***', 'tasks', 'run', 'spotify_etl_pipeline', 'fetch_top_artist_previews', 'scheduled__2025-09-29T15:00:00+00:00', '--job-id', '2969', '--raw', '--subdir', 'DAGS_FOLDER/spotify_dag.py', '--cfg-path', '/tmp/tmpmfbb0175']
[2025-09-30T02:00:18.076+0000] {standard_task_runner.py:85} INFO - Job 2969: Subtask fetch_top_artist_previews
[2025-09-30T02:00:18.879+0000] {task_command.py:415} INFO - Running <TaskInstance: spotify_etl_pipeline.fetch_top_artist_previews scheduled__2025-09-29T15:00:00+00:00 [running]> on host 8522660cfb6a
[2025-09-30T02:00:19.008+0000] {taskinstance.py:1660} INFO - Exporting env vars: AIRFLOW_CTX_DAG_OWNER='***' AIRFLOW_CTX_DAG_ID='spotify_etl_pipeline' AIRFLOW_CTX_TASK_ID='fetch_top_artist_previews' AIRFLOW_CTX_EXECUTION_DATE='2025-09-29T15:00:00+00:00' AIRFLOW_CTX_TRY_NUMBER='1' AIRFLOW_CTX_DAG_RUN_ID='scheduled__2025-09-29T15:00:00+00:00'
[2025-09-30T02:00:19.023+0000] {logging_mixin.py:151} INFO - Found top song for Kevin Penkin (Rank 1). Fetching audio preview.
[2025-09-30T02:00:20.334+0000] {logging_mixin.py:151} INFO - Found top song for Taylor Swift (Rank 2). Fetching audio preview.
[2025-09-30T02:00:21.248+0000] {logging_mixin.py:151} INFO - Found top song for Eason Chan (Rank 3). Fetching audio preview.
[2025-09-30T02:00:22.112+0000] {logging_mixin.py:151} INFO - ✅ Saved audio links for 3 top artist songs to data/top_n_artist_song_audio_previews.csv
[2025-09-30T02:00:22.113+0000] {python.py:194} INFO - Done. Returned value was:    artist_rank  ...   last_updated_datetime_utc
0            1  ...  2025-09-30T02:00:20.321245
1            2  ...  2025-09-30T02:00:21.235149
2            3  ...  2025-09-30T02:00:22.096068

[3 rows x 6 columns]
[2025-09-30T02:00:22.212+0000] {taskinstance.py:1400} INFO - Marking task as SUCCESS. dag_id=spotify_etl_pipeline, task_id=fetch_top_artist_previews, execution_date=20250929T150000, start_date=20250930T020018, end_date=20250930T020022
[2025-09-30T02:00:22.303+0000] {local_task_job_runner.py:228} INFO - Task exited with return code 0
[2025-09-30T02:00:22.355+0000] {taskinstance.py:2784} INFO - 0 downstream tasks scheduled from follow-on schedule check
