[2025-09-14T03:23:18.450+0000] {taskinstance.py:1159} INFO - Dependencies all met for dep_context=non-requeueable deps ti=<TaskInstance: spotify_etl_pipeline.gold_transform scheduled__2025-09-14T02:00:00+00:00 [queued]>
[2025-09-14T03:23:18.458+0000] {taskinstance.py:1159} INFO - Dependencies all met for dep_context=requeueable deps ti=<TaskInstance: spotify_etl_pipeline.gold_transform scheduled__2025-09-14T02:00:00+00:00 [queued]>
[2025-09-14T03:23:18.458+0000] {taskinstance.py:1361} INFO - Starting attempt 4 of 6
[2025-09-14T03:23:18.474+0000] {taskinstance.py:1382} INFO - Executing <Task(PythonOperator): gold_transform> on 2025-09-14 02:00:00+00:00
[2025-09-14T03:23:18.479+0000] {standard_task_runner.py:57} INFO - Started process 2537 to run task
[2025-09-14T03:23:18.482+0000] {standard_task_runner.py:84} INFO - Running: ['***', 'tasks', 'run', 'spotify_etl_pipeline', 'gold_transform', 'scheduled__2025-09-14T02:00:00+00:00', '--job-id', '560', '--raw', '--subdir', 'DAGS_FOLDER/spotify_dag.py', '--cfg-path', '/tmp/tmp9lvyipp2']
[2025-09-14T03:23:18.485+0000] {standard_task_runner.py:85} INFO - Job 560: Subtask gold_transform
[2025-09-14T03:23:18.524+0000] {task_command.py:415} INFO - Running <TaskInstance: spotify_etl_pipeline.gold_transform scheduled__2025-09-14T02:00:00+00:00 [running]> on host 0d0cd054d690
[2025-09-14T03:23:18.809+0000] {taskinstance.py:1660} INFO - Exporting env vars: AIRFLOW_CTX_DAG_OWNER='***' AIRFLOW_CTX_DAG_ID='spotify_etl_pipeline' AIRFLOW_CTX_TASK_ID='gold_transform' AIRFLOW_CTX_EXECUTION_DATE='2025-09-14T02:00:00+00:00' AIRFLOW_CTX_TRY_NUMBER='4' AIRFLOW_CTX_DAG_RUN_ID='scheduled__2025-09-14T02:00:00+00:00'
[2025-09-14T03:23:18.816+0000] {taskinstance.py:1943} ERROR - Task failed with exception
Traceback (most recent call last):
  File "/home/airflow/.local/lib/python3.8/site-packages/airflow/operators/python.py", line 192, in execute
    return_value = self.execute_callable()
  File "/home/airflow/.local/lib/python3.8/site-packages/airflow/operators/python.py", line 209, in execute_callable
    return self.python_callable(*self.op_args, **self.op_kwargs)
  File "/opt/airflow/etl/db_utils.py", line 11, in run_sql_scripts
    cur.execute(sql)
psycopg2.errors.DependentObjectsStillExist: cannot drop table gold.fact_listening_history because other objects depend on it
DETAIL:  view gold.view_top_songs depends on table gold.fact_listening_history
view gold.view_total_listening_by_day depends on table gold.fact_listening_history
view gold.view_total_listening_overall depends on table gold.fact_listening_history
view gold.view_top_artists depends on table gold.fact_listening_history
view gold.view_monthly_genre_distribution depends on table gold.fact_listening_history
view gold.view_monthly_genre_top_artists depends on table gold.fact_listening_history
HINT:  Use DROP ... CASCADE to drop the dependent objects too.

[2025-09-14T03:23:18.823+0000] {taskinstance.py:1400} INFO - Marking task as UP_FOR_RETRY. dag_id=spotify_etl_pipeline, task_id=gold_transform, execution_date=20250914T020000, start_date=20250914T032318, end_date=20250914T032318
[2025-09-14T03:23:18.832+0000] {standard_task_runner.py:104} ERROR - Failed to execute job 560 for task gold_transform (cannot drop table gold.fact_listening_history because other objects depend on it
DETAIL:  view gold.view_top_songs depends on table gold.fact_listening_history
view gold.view_total_listening_by_day depends on table gold.fact_listening_history
view gold.view_total_listening_overall depends on table gold.fact_listening_history
view gold.view_top_artists depends on table gold.fact_listening_history
view gold.view_monthly_genre_distribution depends on table gold.fact_listening_history
view gold.view_monthly_genre_top_artists depends on table gold.fact_listening_history
HINT:  Use DROP ... CASCADE to drop the dependent objects too.
; 2537)
[2025-09-14T03:23:18.849+0000] {local_task_job_runner.py:228} INFO - Task exited with return code 1
[2025-09-14T03:23:18.862+0000] {taskinstance.py:2784} INFO - 0 downstream tasks scheduled from follow-on schedule check
