[2025-09-29T15:08:08.161+0000] {taskinstance.py:1159} INFO - Dependencies all met for dep_context=non-requeueable deps ti=<TaskInstance: spotify_etl_pipeline.fetch_top_song_previews scheduled__2025-09-29T14:00:00+00:00 [queued]>
[2025-09-29T15:08:08.171+0000] {taskinstance.py:1159} INFO - Dependencies all met for dep_context=requeueable deps ti=<TaskInstance: spotify_etl_pipeline.fetch_top_song_previews scheduled__2025-09-29T14:00:00+00:00 [queued]>
[2025-09-29T15:08:08.173+0000] {taskinstance.py:1361} INFO - Starting attempt 1 of 6
[2025-09-29T15:08:08.196+0000] {taskinstance.py:1382} INFO - Executing <Task(PythonOperator): fetch_top_song_previews> on 2025-09-29 14:00:00+00:00
[2025-09-29T15:08:08.208+0000] {standard_task_runner.py:57} INFO - Started process 11242 to run task
[2025-09-29T15:08:08.216+0000] {standard_task_runner.py:84} INFO - Running: ['***', 'tasks', 'run', 'spotify_etl_pipeline', 'fetch_top_song_previews', 'scheduled__2025-09-29T14:00:00+00:00', '--job-id', '2956', '--raw', '--subdir', 'DAGS_FOLDER/spotify_dag.py', '--cfg-path', '/tmp/tmp1gf_gqn9']
[2025-09-29T15:08:08.222+0000] {standard_task_runner.py:85} INFO - Job 2956: Subtask fetch_top_song_previews
[2025-09-29T15:08:09.188+0000] {task_command.py:415} INFO - Running <TaskInstance: spotify_etl_pipeline.fetch_top_song_previews scheduled__2025-09-29T14:00:00+00:00 [running]> on host 8522660cfb6a
[2025-09-29T15:08:09.463+0000] {taskinstance.py:1660} INFO - Exporting env vars: AIRFLOW_CTX_DAG_OWNER='***' AIRFLOW_CTX_DAG_ID='spotify_etl_pipeline' AIRFLOW_CTX_TASK_ID='fetch_top_song_previews' AIRFLOW_CTX_EXECUTION_DATE='2025-09-29T14:00:00+00:00' AIRFLOW_CTX_TRY_NUMBER='1' AIRFLOW_CTX_DAG_RUN_ID='scheduled__2025-09-29T14:00:00+00:00'
[2025-09-29T15:08:09.474+0000] {logging_mixin.py:151} INFO - Found 5 top songs. Fetching audio preview links from microservice.
[2025-09-29T15:08:14.602+0000] {logging_mixin.py:151} INFO - ✅ Saved 5 top song audio links to data/top_song_previews.csv
[2025-09-29T15:08:14.609+0000] {python.py:194} INFO - Done. Returned value was:                  track_id  ...   last_updated_datetime_utc
0  5kt5UfkL18qq7AxYOCyQlt  ...  2025-09-29T15:08:14.571174
1  5z2wFoVRqnuxYmauqrKxdP  ...  2025-09-29T15:08:14.571197
2  3LOTdehsLMCm3u0CNJwsL3  ...  2025-09-29T15:08:14.571200
3  7e9TMRRYkj9JZgIkIGPTfl  ...  2025-09-29T15:08:14.571204
4  1edKrqk7YCriloCaIi7ooC  ...  2025-09-29T15:08:14.571209

[5 rows x 3 columns]
[2025-09-29T15:08:14.731+0000] {taskinstance.py:1400} INFO - Marking task as SUCCESS. dag_id=spotify_etl_pipeline, task_id=fetch_top_song_previews, execution_date=20250929T140000, start_date=20250929T150808, end_date=20250929T150814
[2025-09-29T15:08:14.770+0000] {local_task_job_runner.py:228} INFO - Task exited with return code 0
[2025-09-29T15:08:15.059+0000] {taskinstance.py:2784} INFO - 1 downstream tasks scheduled from follow-on schedule check
