[2025-09-16T03:19:14.809+0000] {taskinstance.py:1159} INFO - Dependencies all met for dep_context=non-requeueable deps ti=<TaskInstance: spotify_saved_tracks_etl_pipeline.extract_saved_tracks manual__2025-09-16T03:19:11.428253+00:00 [queued]>
[2025-09-16T03:19:14.816+0000] {taskinstance.py:1159} INFO - Dependencies all met for dep_context=requeueable deps ti=<TaskInstance: spotify_saved_tracks_etl_pipeline.extract_saved_tracks manual__2025-09-16T03:19:11.428253+00:00 [queued]>
[2025-09-16T03:19:14.817+0000] {taskinstance.py:1361} INFO - Starting attempt 1 of 6
[2025-09-16T03:19:14.946+0000] {taskinstance.py:1382} INFO - Executing <Task(PythonOperator): extract_saved_tracks> on 2025-09-16 03:19:11.428253+00:00
[2025-09-16T03:19:14.954+0000] {standard_task_runner.py:57} INFO - Started process 29821 to run task
[2025-09-16T03:19:14.958+0000] {standard_task_runner.py:84} INFO - Running: ['***', 'tasks', 'run', 'spotify_saved_tracks_etl_pipeline', 'extract_saved_tracks', 'manual__2025-09-16T03:19:11.428253+00:00', '--job-id', '972', '--raw', '--subdir', 'DAGS_FOLDER/spotify_saved_dag.py', '--cfg-path', '/tmp/tmp7fliflja']
[2025-09-16T03:19:14.960+0000] {standard_task_runner.py:85} INFO - Job 972: Subtask extract_saved_tracks
[2025-09-16T03:19:14.998+0000] {task_command.py:415} INFO - Running <TaskInstance: spotify_saved_tracks_etl_pipeline.extract_saved_tracks manual__2025-09-16T03:19:11.428253+00:00 [running]> on host 537418afed42
[2025-09-16T03:19:15.047+0000] {taskinstance.py:1660} INFO - Exporting env vars: AIRFLOW_CTX_DAG_OWNER='***' AIRFLOW_CTX_DAG_ID='spotify_saved_tracks_etl_pipeline' AIRFLOW_CTX_TASK_ID='extract_saved_tracks' AIRFLOW_CTX_EXECUTION_DATE='2025-09-16T03:19:11.428253+00:00' AIRFLOW_CTX_TRY_NUMBER='1' AIRFLOW_CTX_DAG_RUN_ID='manual__2025-09-16T03:19:11.428253+00:00'
[2025-09-16T03:19:15.916+0000] {logging_mixin.py:151} INFO - Fetched 50 saved songs so far...
[2025-09-16T03:19:16.440+0000] {logging_mixin.py:151} INFO - Fetched 100 saved songs so far...
[2025-09-16T03:19:16.945+0000] {logging_mixin.py:151} INFO - Fetched 150 saved songs so far...
[2025-09-16T03:19:17.484+0000] {logging_mixin.py:151} INFO - Fetched 200 saved songs so far...
[2025-09-16T03:19:17.964+0000] {logging_mixin.py:151} INFO - Fetched 250 saved songs so far...
[2025-09-16T03:19:18.460+0000] {logging_mixin.py:151} INFO - Fetched 300 saved songs so far...
[2025-09-16T03:19:19.091+0000] {logging_mixin.py:151} INFO - Fetched 350 saved songs so far...
[2025-09-16T03:19:19.561+0000] {logging_mixin.py:151} INFO - Fetched 400 saved songs so far...
[2025-09-16T03:19:20.248+0000] {logging_mixin.py:151} INFO - Fetched 450 saved songs so far...
[2025-09-16T03:19:20.967+0000] {logging_mixin.py:151} INFO - Fetched 500 saved songs so far...
[2025-09-16T03:19:21.496+0000] {logging_mixin.py:151} INFO - Fetched 550 saved songs so far...
[2025-09-16T03:19:22.016+0000] {logging_mixin.py:151} INFO - Fetched 600 saved songs so far...
[2025-09-16T03:19:22.450+0000] {logging_mixin.py:151} INFO - Fetched 650 saved songs so far...
[2025-09-16T03:19:22.978+0000] {logging_mixin.py:151} INFO - Fetched 700 saved songs so far...
[2025-09-16T03:19:23.439+0000] {logging_mixin.py:151} INFO - Fetched 750 saved songs so far...
[2025-09-16T03:19:23.932+0000] {logging_mixin.py:151} INFO - Fetched 800 saved songs so far...
[2025-09-16T03:19:24.416+0000] {logging_mixin.py:151} INFO - Fetched 842 saved songs so far...
[2025-09-16T03:19:24.751+0000] {logging_mixin.py:151} INFO - ✅ Saved 842 tracks to data/saved_songs.csv
[2025-09-16T03:19:24.753+0000] {python.py:194} INFO - Done. Returned value was:                  added_at  ...   last_updated_datetime_utc
0    2025-09-13T06:33:51Z  ...  2025-09-16T03:19:15.915846
1    2025-09-13T06:30:51Z  ...  2025-09-16T03:19:15.915874
2    2025-09-13T05:57:39Z  ...  2025-09-16T03:19:15.915879
3    2025-09-13T04:59:17Z  ...  2025-09-16T03:19:15.915882
4    2025-09-13T04:54:03Z  ...  2025-09-16T03:19:15.915884
..                    ...  ...                         ...
837  2020-09-19T06:10:29Z  ...  2025-09-16T03:19:24.416445
838  2020-07-26T05:59:55Z  ...  2025-09-16T03:19:24.416448
839  2020-05-18T15:09:45Z  ...  2025-09-16T03:19:24.416452
840  2020-02-11T23:49:58Z  ...  2025-09-16T03:19:24.416455
841  2019-01-24T01:14:54Z  ...  2025-09-16T03:19:24.416459

[842 rows x 11 columns]
[2025-09-16T03:19:25.006+0000] {taskinstance.py:1400} INFO - Marking task as SUCCESS. dag_id=spotify_saved_tracks_etl_pipeline, task_id=extract_saved_tracks, execution_date=20250916T031911, start_date=20250916T031914, end_date=20250916T031925
[2025-09-16T03:19:25.072+0000] {local_task_job_runner.py:228} INFO - Task exited with return code 0
[2025-09-16T03:19:25.131+0000] {taskinstance.py:2784} INFO - 1 downstream tasks scheduled from follow-on schedule check
