[2025-09-14T13:02:29.822+0000] {taskinstance.py:1159} INFO - Dependencies all met for dep_context=non-requeueable deps ti=<TaskInstance: spotify_etl_pipeline.extract_songs scheduled__2025-09-14T12:00:00+00:00 [queued]>
[2025-09-14T13:02:29.829+0000] {taskinstance.py:1159} INFO - Dependencies all met for dep_context=requeueable deps ti=<TaskInstance: spotify_etl_pipeline.extract_songs scheduled__2025-09-14T12:00:00+00:00 [queued]>
[2025-09-14T13:02:29.829+0000] {taskinstance.py:1361} INFO - Starting attempt 1 of 6
[2025-09-14T13:02:29.839+0000] {taskinstance.py:1382} INFO - Executing <Task(PythonOperator): extract_songs> on 2025-09-14 12:00:00+00:00
[2025-09-14T13:02:29.846+0000] {standard_task_runner.py:57} INFO - Started process 12225 to run task
[2025-09-14T13:02:29.855+0000] {standard_task_runner.py:84} INFO - Running: ['***', 'tasks', 'run', 'spotify_etl_pipeline', 'extract_songs', 'scheduled__2025-09-14T12:00:00+00:00', '--job-id', '672', '--raw', '--subdir', 'DAGS_FOLDER/spotify_dag.py', '--cfg-path', '/tmp/tmpvwjy5ls8']
[2025-09-14T13:02:29.866+0000] {standard_task_runner.py:85} INFO - Job 672: Subtask extract_songs
[2025-09-14T13:02:29.924+0000] {task_command.py:415} INFO - Running <TaskInstance: spotify_etl_pipeline.extract_songs scheduled__2025-09-14T12:00:00+00:00 [running]> on host 0d0cd054d690
[2025-09-14T13:02:30.280+0000] {taskinstance.py:1660} INFO - Exporting env vars: AIRFLOW_CTX_DAG_OWNER='***' AIRFLOW_CTX_DAG_ID='spotify_etl_pipeline' AIRFLOW_CTX_TASK_ID='extract_songs' AIRFLOW_CTX_EXECUTION_DATE='2025-09-14T12:00:00+00:00' AIRFLOW_CTX_TRY_NUMBER='1' AIRFLOW_CTX_DAG_RUN_ID='scheduled__2025-09-14T12:00:00+00:00'
[2025-09-14T13:02:30.914+0000] {python.py:194} INFO - Done. Returned value was:                played_at_utc  ...   last_updated_datetime_utc
0   2025-09-14T02:39:14.092Z  ...  2025-09-14T13:02:30.891525
1   2025-09-14T02:34:12.247Z  ...  2025-09-14T13:02:30.891554
2   2025-09-14T02:29:53.776Z  ...  2025-09-14T13:02:30.891559
3   2025-09-14T02:24:59.486Z  ...  2025-09-14T13:02:30.891563
4   2025-09-14T02:21:28.902Z  ...  2025-09-14T13:02:30.891567
5   2025-09-14T02:20:28.223Z  ...  2025-09-14T13:02:30.891571
6   2025-09-14T02:16:23.950Z  ...  2025-09-14T13:02:30.891575
7   2025-09-14T02:13:36.464Z  ...  2025-09-14T13:02:30.891579
8   2025-09-14T02:08:52.048Z  ...  2025-09-14T13:02:30.891583
9   2025-09-14T02:08:51.838Z  ...  2025-09-14T13:02:30.891587
10  2025-09-14T01:14:34.685Z  ...  2025-09-14T13:02:30.891623
11  2025-09-14T01:09:47.800Z  ...  2025-09-14T13:02:30.891630
12  2025-09-14T01:02:16.010Z  ...  2025-09-14T13:02:30.891634
13  2025-09-14T00:56:09.296Z  ...  2025-09-14T13:02:30.891638
14  2025-09-14T00:53:18.711Z  ...  2025-09-14T13:02:30.891641
15  2025-09-14T00:36:57.414Z  ...  2025-09-14T13:02:30.891645
16  2025-09-14T00:24:04.373Z  ...  2025-09-14T13:02:30.891649
17  2025-09-14T00:10:48.215Z  ...  2025-09-14T13:02:30.891653
18  2025-09-14T00:06:04.108Z  ...  2025-09-14T13:02:30.891656
19  2025-09-13T22:43:23.827Z  ...  2025-09-14T13:02:30.891660
20  2025-09-13T22:39:02.083Z  ...  2025-09-14T13:02:30.891663
21  2025-09-13T22:38:52.203Z  ...  2025-09-14T13:02:30.891667
22  2025-09-13T06:53:04.100Z  ...  2025-09-14T13:02:30.891671
23  2025-09-13T06:49:26.109Z  ...  2025-09-14T13:02:30.891674
24  2025-09-13T06:45:17.800Z  ...  2025-09-14T13:02:30.891678
25  2025-09-13T06:42:00.022Z  ...  2025-09-14T13:02:30.891681
26  2025-09-13T06:36:51.580Z  ...  2025-09-14T13:02:30.891685
27  2025-09-13T06:33:21.200Z  ...  2025-09-14T13:02:30.891689
28  2025-09-13T06:29:16.026Z  ...  2025-09-14T13:02:30.891693
29  2025-09-13T06:24:24.584Z  ...  2025-09-14T13:02:30.891696
30  2025-09-13T06:19:14.743Z  ...  2025-09-14T13:02:30.891700
31  2025-09-13T06:14:57.029Z  ...  2025-09-14T13:02:30.891703
32  2025-09-13T06:10:34.600Z  ...  2025-09-14T13:02:30.891707
33  2025-09-13T06:06:15.358Z  ...  2025-09-14T13:02:30.891710
34  2025-09-13T06:02:30.961Z  ...  2025-09-14T13:02:30.891714
35  2025-09-13T05:54:38.768Z  ...  2025-09-14T13:02:30.891717
36  2025-09-13T05:49:36.757Z  ...  2025-09-14T13:02:30.891721
37  2025-09-13T05:45:11.280Z  ...  2025-09-14T13:02:30.891725
38  2025-09-13T05:41:11.159Z  ...  2025-09-14T13:02:30.891729
39  2025-09-13T05:37:18.775Z  ...  2025-09-14T13:02:30.891732
40  2025-09-13T05:30:09.406Z  ...  2025-09-14T13:02:30.891736
41  2025-09-13T05:26:45.579Z  ...  2025-09-14T13:02:30.891772
42  2025-09-13T05:22:38.681Z  ...  2025-09-14T13:02:30.891780
43  2025-09-13T05:19:48.428Z  ...  2025-09-14T13:02:30.891783
44  2025-09-13T05:16:42.779Z  ...  2025-09-14T13:02:30.891787
45  2025-09-13T05:12:30.903Z  ...  2025-09-14T13:02:30.891790
46  2025-09-13T05:04:16.407Z  ...  2025-09-14T13:02:30.891794
47  2025-09-13T04:46:24.584Z  ...  2025-09-14T13:02:30.891798

[48 rows x 12 columns]
[2025-09-14T13:02:31.006+0000] {taskinstance.py:1400} INFO - Marking task as SUCCESS. dag_id=spotify_etl_pipeline, task_id=extract_songs, execution_date=20250914T120000, start_date=20250914T130229, end_date=20250914T130231
[2025-09-14T13:02:31.051+0000] {local_task_job_runner.py:228} INFO - Task exited with return code 0
[2025-09-14T13:02:31.086+0000] {taskinstance.py:2784} INFO - 1 downstream tasks scheduled from follow-on schedule check
