[2025-09-16T02:49:25.164+0000] {taskinstance.py:1159} INFO - Dependencies all met for dep_context=non-requeueable deps ti=<TaskInstance: spotify_etl_pipeline.gold_view manual__2025-09-16T02:48:53.611197+00:00 [queued]>
[2025-09-16T02:49:25.175+0000] {taskinstance.py:1159} INFO - Dependencies all met for dep_context=requeueable deps ti=<TaskInstance: spotify_etl_pipeline.gold_view manual__2025-09-16T02:48:53.611197+00:00 [queued]>
[2025-09-16T02:49:25.176+0000] {taskinstance.py:1361} INFO - Starting attempt 1 of 6
[2025-09-16T02:49:25.194+0000] {taskinstance.py:1382} INFO - Executing <Task(PythonOperator): gold_view> on 2025-09-16 02:48:53.611197+00:00
[2025-09-16T02:49:25.221+0000] {standard_task_runner.py:57} INFO - Started process 28756 to run task
[2025-09-16T02:49:25.230+0000] {standard_task_runner.py:84} INFO - Running: ['***', 'tasks', 'run', 'spotify_etl_pipeline', 'gold_view', 'manual__2025-09-16T02:48:53.611197+00:00', '--job-id', '959', '--raw', '--subdir', 'DAGS_FOLDER/spotify_dag.py', '--cfg-path', '/tmp/tmp3q1whtok']
[2025-09-16T02:49:25.235+0000] {standard_task_runner.py:85} INFO - Job 959: Subtask gold_view
[2025-09-16T02:49:25.358+0000] {task_command.py:415} INFO - Running <TaskInstance: spotify_etl_pipeline.gold_view manual__2025-09-16T02:48:53.611197+00:00 [running]> on host 537418afed42
[2025-09-16T02:49:26.046+0000] {taskinstance.py:1660} INFO - Exporting env vars: AIRFLOW_CTX_DAG_OWNER='***' AIRFLOW_CTX_DAG_ID='spotify_etl_pipeline' AIRFLOW_CTX_TASK_ID='gold_view' AIRFLOW_CTX_EXECUTION_DATE='2025-09-16T02:48:53.611197+00:00' AIRFLOW_CTX_TRY_NUMBER='1' AIRFLOW_CTX_DAG_RUN_ID='manual__2025-09-16T02:48:53.611197+00:00'
[2025-09-16T02:49:26.066+0000] {logging_mixin.py:151} INFO - Executed sql/views/listening_history/view_monthly_genre_distribution.sql
[2025-09-16T02:49:26.069+0000] {logging_mixin.py:151} INFO - Executed sql/views/listening_history/view_monthly_genre_top_artists.sql
[2025-09-16T02:49:26.071+0000] {logging_mixin.py:151} INFO - Executed sql/views/listening_history/view_top_artists.sql
[2025-09-16T02:49:26.074+0000] {logging_mixin.py:151} INFO - Executed sql/views/listening_history/view_top_songs.sql
[2025-09-16T02:49:26.075+0000] {logging_mixin.py:151} INFO - Executed sql/views/listening_history/view_total_listening_by_day.sql
[2025-09-16T02:49:26.080+0000] {logging_mixin.py:151} INFO - Executed sql/views/listening_history/view_total_listening_overall.sql
[2025-09-16T02:49:26.084+0000] {logging_mixin.py:151} INFO - ✅ All SQL scripts executed successfully
[2025-09-16T02:49:26.085+0000] {python.py:194} INFO - Done. Returned value was: None
[2025-09-16T02:49:26.098+0000] {taskinstance.py:1400} INFO - Marking task as SUCCESS. dag_id=spotify_etl_pipeline, task_id=gold_view, execution_date=20250916T024853, start_date=20250916T024925, end_date=20250916T024926
[2025-09-16T02:49:26.138+0000] {local_task_job_runner.py:228} INFO - Task exited with return code 0
[2025-09-16T02:49:26.181+0000] {taskinstance.py:2784} INFO - 0 downstream tasks scheduled from follow-on schedule check
