[2025-09-28T06:07:22.390+0000] {taskinstance.py:1159} INFO - Dependencies all met for dep_context=non-requeueable deps ti=<TaskInstance: spotify_etl_pipeline.fetch_audio_previews scheduled__2025-09-28T05:00:00+00:00 [queued]>
[2025-09-28T06:07:22.396+0000] {taskinstance.py:1159} INFO - Dependencies all met for dep_context=requeueable deps ti=<TaskInstance: spotify_etl_pipeline.fetch_audio_previews scheduled__2025-09-28T05:00:00+00:00 [queued]>
[2025-09-28T06:07:22.397+0000] {taskinstance.py:1361} INFO - Starting attempt 1 of 6
[2025-09-28T06:07:22.405+0000] {taskinstance.py:1382} INFO - Executing <Task(PythonOperator): fetch_audio_previews> on 2025-09-28 05:00:00+00:00
[2025-09-28T06:07:22.409+0000] {standard_task_runner.py:57} INFO - Started process 83161 to run task
[2025-09-28T06:07:22.412+0000] {standard_task_runner.py:84} INFO - Running: ['***', 'tasks', 'run', 'spotify_etl_pipeline', 'fetch_audio_previews', 'scheduled__2025-09-28T05:00:00+00:00', '--job-id', '2637', '--raw', '--subdir', 'DAGS_FOLDER/spotify_dag.py', '--cfg-path', '/tmp/tmp1l3k47eo']
[2025-09-28T06:07:22.414+0000] {standard_task_runner.py:85} INFO - Job 2637: Subtask fetch_audio_previews
[2025-09-28T06:07:22.646+0000] {task_command.py:415} INFO - Running <TaskInstance: spotify_etl_pipeline.fetch_audio_previews scheduled__2025-09-28T05:00:00+00:00 [running]> on host 8522660cfb6a
[2025-09-28T06:07:22.718+0000] {taskinstance.py:1660} INFO - Exporting env vars: AIRFLOW_CTX_DAG_OWNER='***' AIRFLOW_CTX_DAG_ID='spotify_etl_pipeline' AIRFLOW_CTX_TASK_ID='fetch_audio_previews' AIRFLOW_CTX_EXECUTION_DATE='2025-09-28T05:00:00+00:00' AIRFLOW_CTX_TRY_NUMBER='1' AIRFLOW_CTX_DAG_RUN_ID='scheduled__2025-09-28T05:00:00+00:00'
[2025-09-28T06:07:22.725+0000] {logging_mixin.py:151} INFO - Found 5 top songs. Fetching audio preview links from microservice.
[2025-09-28T06:07:27.766+0000] {logging_mixin.py:151} INFO - ✅ Saved 5 top song audio links to data/top_song_previews.csv
[2025-09-28T06:07:27.768+0000] {python.py:194} INFO - Done. Returned value was:                  track_id  ...   last_updated_datetime_utc
0  5kt5UfkL18qq7AxYOCyQlt  ...  2025-09-28T06:07:27.756396
1  5z2wFoVRqnuxYmauqrKxdP  ...  2025-09-28T06:07:27.756422
2  7e9TMRRYkj9JZgIkIGPTfl  ...  2025-09-28T06:07:27.756426
3  3LOTdehsLMCm3u0CNJwsL3  ...  2025-09-28T06:07:27.756427
4  7xAVLrbnud6OrU6f4FmxDr  ...  2025-09-28T06:07:27.756429

[5 rows x 3 columns]
[2025-09-28T06:07:27.840+0000] {taskinstance.py:1400} INFO - Marking task as SUCCESS. dag_id=spotify_etl_pipeline, task_id=fetch_audio_previews, execution_date=20250928T050000, start_date=20250928T060722, end_date=20250928T060727
[2025-09-28T06:07:27.889+0000] {local_task_job_runner.py:228} INFO - Task exited with return code 0
[2025-09-28T06:07:28.116+0000] {taskinstance.py:2784} INFO - 1 downstream tasks scheduled from follow-on schedule check
