[2025-09-15T06:34:41.266+0000] {taskinstance.py:1159} INFO - Dependencies all met for dep_context=non-requeueable deps ti=<TaskInstance: spotify_saved_tracks_etl_pipeline.extract_saved_tracks manual__2025-09-15T06:34:35.208642+00:00 [queued]>
[2025-09-15T06:34:41.274+0000] {taskinstance.py:1159} INFO - Dependencies all met for dep_context=requeueable deps ti=<TaskInstance: spotify_saved_tracks_etl_pipeline.extract_saved_tracks manual__2025-09-15T06:34:35.208642+00:00 [queued]>
[2025-09-15T06:34:41.275+0000] {taskinstance.py:1361} INFO - Starting attempt 1 of 6
[2025-09-15T06:34:41.375+0000] {taskinstance.py:1382} INFO - Executing <Task(PythonOperator): extract_saved_tracks> on 2025-09-15 06:34:35.208642+00:00
[2025-09-15T06:34:41.383+0000] {standard_task_runner.py:57} INFO - Started process 31613 to run task
[2025-09-15T06:34:41.387+0000] {standard_task_runner.py:84} INFO - Running: ['***', 'tasks', 'run', 'spotify_saved_tracks_etl_pipeline', 'extract_saved_tracks', 'manual__2025-09-15T06:34:35.208642+00:00', '--job-id', '789', '--raw', '--subdir', 'DAGS_FOLDER/spotify_saved_dag.py', '--cfg-path', '/tmp/tmp4_2oehwp']
[2025-09-15T06:34:41.390+0000] {standard_task_runner.py:85} INFO - Job 789: Subtask extract_saved_tracks
[2025-09-15T06:34:41.437+0000] {task_command.py:415} INFO - Running <TaskInstance: spotify_saved_tracks_etl_pipeline.extract_saved_tracks manual__2025-09-15T06:34:35.208642+00:00 [running]> on host 0d0cd054d690
[2025-09-15T06:34:41.518+0000] {taskinstance.py:1660} INFO - Exporting env vars: AIRFLOW_CTX_DAG_OWNER='***' AIRFLOW_CTX_DAG_ID='spotify_saved_tracks_etl_pipeline' AIRFLOW_CTX_TASK_ID='extract_saved_tracks' AIRFLOW_CTX_EXECUTION_DATE='2025-09-15T06:34:35.208642+00:00' AIRFLOW_CTX_TRY_NUMBER='1' AIRFLOW_CTX_DAG_RUN_ID='manual__2025-09-15T06:34:35.208642+00:00'
[2025-09-15T06:34:42.378+0000] {logging_mixin.py:151} INFO - Fetched 50 saved songs so far...
[2025-09-15T06:34:43.066+0000] {logging_mixin.py:151} INFO - Fetched 100 saved songs so far...
[2025-09-15T06:34:43.654+0000] {logging_mixin.py:151} INFO - Fetched 150 saved songs so far...
[2025-09-15T06:34:44.158+0000] {logging_mixin.py:151} INFO - Fetched 200 saved songs so far...
[2025-09-15T06:34:44.654+0000] {logging_mixin.py:151} INFO - Fetched 250 saved songs so far...
[2025-09-15T06:34:45.310+0000] {logging_mixin.py:151} INFO - Fetched 300 saved songs so far...
[2025-09-15T06:34:45.825+0000] {logging_mixin.py:151} INFO - Fetched 350 saved songs so far...
[2025-09-15T06:34:46.358+0000] {logging_mixin.py:151} INFO - Fetched 400 saved songs so far...
[2025-09-15T06:34:46.787+0000] {logging_mixin.py:151} INFO - Fetched 450 saved songs so far...
[2025-09-15T06:34:47.570+0000] {logging_mixin.py:151} INFO - Fetched 500 saved songs so far...
[2025-09-15T06:34:48.277+0000] {logging_mixin.py:151} INFO - Fetched 550 saved songs so far...
[2025-09-15T06:34:48.745+0000] {logging_mixin.py:151} INFO - Fetched 600 saved songs so far...
[2025-09-15T06:34:49.192+0000] {logging_mixin.py:151} INFO - Fetched 650 saved songs so far...
[2025-09-15T06:34:49.820+0000] {logging_mixin.py:151} INFO - Fetched 700 saved songs so far...
[2025-09-15T06:34:50.332+0000] {logging_mixin.py:151} INFO - Fetched 750 saved songs so far...
[2025-09-15T06:34:50.841+0000] {logging_mixin.py:151} INFO - Fetched 800 saved songs so far...
[2025-09-15T06:34:51.352+0000] {logging_mixin.py:151} INFO - Fetched 842 saved songs so far...
[2025-09-15T06:34:51.629+0000] {logging_mixin.py:151} INFO - ✅ Saved 842 tracks to data/saved_songs.csv
[2025-09-15T06:34:51.631+0000] {python.py:194} INFO - Done. Returned value was:                  added_at  ...   last_updated_datetime_utc
0    2025-09-13T06:33:51Z  ...  2025-09-15T06:34:42.377189
1    2025-09-13T06:30:51Z  ...  2025-09-15T06:34:42.377262
2    2025-09-13T05:57:39Z  ...  2025-09-15T06:34:42.377268
3    2025-09-13T04:59:17Z  ...  2025-09-15T06:34:42.377271
4    2025-09-13T04:54:03Z  ...  2025-09-15T06:34:42.377274
..                    ...  ...                         ...
837  2020-09-19T06:10:29Z  ...  2025-09-15T06:34:51.352332
838  2020-07-26T05:59:55Z  ...  2025-09-15T06:34:51.352334
839  2020-05-18T15:09:45Z  ...  2025-09-15T06:34:51.352336
840  2020-02-11T23:49:58Z  ...  2025-09-15T06:34:51.352338
841  2019-01-24T01:14:54Z  ...  2025-09-15T06:34:51.352340

[842 rows x 11 columns]
[2025-09-15T06:34:51.762+0000] {taskinstance.py:1400} INFO - Marking task as SUCCESS. dag_id=spotify_saved_tracks_etl_pipeline, task_id=extract_saved_tracks, execution_date=20250915T063435, start_date=20250915T063441, end_date=20250915T063451
[2025-09-15T06:34:51.806+0000] {local_task_job_runner.py:228} INFO - Task exited with return code 0
[2025-09-15T06:34:51.870+0000] {taskinstance.py:2784} INFO - 1 downstream tasks scheduled from follow-on schedule check
