[2025-09-29T05:18:22.651+0000] {taskinstance.py:1159} INFO - Dependencies all met for dep_context=non-requeueable deps ti=<TaskInstance: spotify_saved_tracks_etl_pipeline.extract_saved_tracks scheduled__2025-09-15T03:00:00+00:00 [queued]>
[2025-09-29T05:18:22.666+0000] {taskinstance.py:1159} INFO - Dependencies all met for dep_context=requeueable deps ti=<TaskInstance: spotify_saved_tracks_etl_pipeline.extract_saved_tracks scheduled__2025-09-15T03:00:00+00:00 [queued]>
[2025-09-29T05:18:22.667+0000] {taskinstance.py:1361} INFO - Starting attempt 2 of 6
[2025-09-29T05:18:22.803+0000] {taskinstance.py:1382} INFO - Executing <Task(PythonOperator): extract_saved_tracks> on 2025-09-15 03:00:00+00:00
[2025-09-29T05:18:22.811+0000] {standard_task_runner.py:57} INFO - Started process 93138 to run task
[2025-09-29T05:18:22.815+0000] {standard_task_runner.py:84} INFO - Running: ['***', 'tasks', 'run', 'spotify_saved_tracks_etl_pipeline', 'extract_saved_tracks', 'scheduled__2025-09-15T03:00:00+00:00', '--job-id', '2771', '--raw', '--subdir', 'DAGS_FOLDER/spotify_saved_dag.py', '--cfg-path', '/tmp/tmp9ppw1f_1']
[2025-09-29T05:18:22.819+0000] {standard_task_runner.py:85} INFO - Job 2771: Subtask extract_saved_tracks
[2025-09-29T05:18:22.921+0000] {task_command.py:415} INFO - Running <TaskInstance: spotify_saved_tracks_etl_pipeline.extract_saved_tracks scheduled__2025-09-15T03:00:00+00:00 [running]> on host 8522660cfb6a
[2025-09-29T05:18:23.098+0000] {taskinstance.py:1660} INFO - Exporting env vars: AIRFLOW_CTX_DAG_OWNER='***' AIRFLOW_CTX_DAG_ID='spotify_saved_tracks_etl_pipeline' AIRFLOW_CTX_TASK_ID='extract_saved_tracks' AIRFLOW_CTX_EXECUTION_DATE='2025-09-15T03:00:00+00:00' AIRFLOW_CTX_TRY_NUMBER='2' AIRFLOW_CTX_DAG_RUN_ID='scheduled__2025-09-15T03:00:00+00:00'
[2025-09-29T05:18:24.236+0000] {logging_mixin.py:151} INFO - Fetched 50 saved songs so far...
[2025-09-29T05:18:24.751+0000] {logging_mixin.py:151} INFO - Fetched 100 saved songs so far...
[2025-09-29T05:18:25.245+0000] {logging_mixin.py:151} INFO - Fetched 150 saved songs so far...
[2025-09-29T05:18:25.690+0000] {logging_mixin.py:151} INFO - Fetched 200 saved songs so far...
[2025-09-29T05:18:26.134+0000] {logging_mixin.py:151} INFO - Fetched 250 saved songs so far...
[2025-09-29T05:18:26.580+0000] {logging_mixin.py:151} INFO - Fetched 300 saved songs so far...
[2025-09-29T05:18:27.076+0000] {logging_mixin.py:151} INFO - Fetched 350 saved songs so far...
[2025-09-29T05:18:27.595+0000] {logging_mixin.py:151} INFO - Fetched 400 saved songs so far...
[2025-09-29T05:18:28.007+0000] {logging_mixin.py:151} INFO - Fetched 450 saved songs so far...
[2025-09-29T05:18:28.521+0000] {logging_mixin.py:151} INFO - Fetched 500 saved songs so far...
[2025-09-29T05:18:28.946+0000] {logging_mixin.py:151} INFO - Fetched 550 saved songs so far...
[2025-09-29T05:18:29.566+0000] {logging_mixin.py:151} INFO - Fetched 600 saved songs so far...
[2025-09-29T05:18:30.332+0000] {logging_mixin.py:151} INFO - Fetched 650 saved songs so far...
[2025-09-29T05:18:30.936+0000] {logging_mixin.py:151} INFO - Fetched 700 saved songs so far...
[2025-09-29T05:18:31.449+0000] {logging_mixin.py:151} INFO - Fetched 750 saved songs so far...
[2025-09-29T05:18:32.052+0000] {logging_mixin.py:151} INFO - Fetched 800 saved songs so far...
[2025-09-29T05:18:32.869+0000] {logging_mixin.py:151} INFO - Fetched 850 saved songs so far...
[2025-09-29T05:18:33.620+0000] {logging_mixin.py:151} INFO - Fetched 864 saved songs so far...
[2025-09-29T05:18:34.047+0000] {logging_mixin.py:151} INFO - ✅ Saved 864 tracks to data/saved_songs.csv
[2025-09-29T05:19:28.829+0000] {logging_mixin.py:151} INFO - ✅ Saved 260 artist images to data/artist_images.csv
[2025-09-29T05:19:28.841+0000] {python.py:194} INFO - Done. Returned value was: (                 added_at  ...   last_updated_datetime_utc
0    2025-09-28T07:43:05Z  ...  2025-09-29T05:18:24.235855
1    2025-09-25T07:12:46Z  ...  2025-09-29T05:18:24.235892
2    2025-09-25T04:24:08Z  ...  2025-09-29T05:18:24.235897
3    2025-09-24T11:48:44Z  ...  2025-09-29T05:18:24.235901
4    2025-09-24T06:06:31Z  ...  2025-09-29T05:18:24.235904
..                    ...  ...                         ...
859  2020-09-19T06:10:29Z  ...  2025-09-29T05:18:33.617330
860  2020-07-26T05:59:55Z  ...  2025-09-29T05:18:33.617362
861  2020-05-18T15:09:45Z  ...  2025-09-29T05:18:33.617377
862  2020-02-11T23:49:58Z  ...  2025-09-29T05:18:33.617393
863  2019-01-24T01:14:54Z  ...  2025-09-29T05:18:33.617411

[864 rows x 11 columns],                   artist_id  ...   last_updated_datetime_utc
0    7nzSoJISlVJsn7O0yTeMOB  ...  2025-09-29T05:18:34.513904
1    4rdSHzO4enUlVxdQeHPGTp  ...  2025-09-29T05:18:34.727824
2    4TGQEYGf6Pu4tpMNGQ4tOR  ...  2025-09-29T05:18:34.925724
3    4m0xrEWYU0yCUFMaga015T  ...  2025-09-29T05:18:35.155432
4    7aRC4L63dBn3CiLDuWaLSI  ...  2025-09-29T05:18:35.363216
..                      ...  ...                         ...
255  3AroL2oDPiAnMpTmIQv3KP  ...  2025-09-29T05:19:27.835053
256  60AQf9DIGAbGpewI33bayw  ...  2025-09-29T05:19:28.108518
257  1DgBVE3lCnC7Osg9zpAt6N  ...  2025-09-29T05:19:28.286027
258  69RwhKw37lY73bMGaSts7C  ...  2025-09-29T05:19:28.459932
259  1km0aro5NJuoX5dE0Mub5C  ...  2025-09-29T05:19:28.801324

[260 rows x 3 columns])
[2025-09-29T05:19:29.022+0000] {taskinstance.py:1400} INFO - Marking task as SUCCESS. dag_id=spotify_saved_tracks_etl_pipeline, task_id=extract_saved_tracks, execution_date=20250915T030000, start_date=20250929T051822, end_date=20250929T051929
[2025-09-29T05:19:29.079+0000] {local_task_job_runner.py:228} INFO - Task exited with return code 0
[2025-09-29T05:19:29.110+0000] {taskinstance.py:2784} INFO - 1 downstream tasks scheduled from follow-on schedule check
