[2025-09-29T05:16:03.803+0000] {taskinstance.py:1159} INFO - Dependencies all met for dep_context=non-requeueable deps ti=<TaskInstance: spotify_saved_tracks_etl_pipeline.extract_saved_tracks scheduled__2025-09-15T03:00:00+00:00 [queued]>
[2025-09-29T05:16:03.829+0000] {taskinstance.py:1159} INFO - Dependencies all met for dep_context=requeueable deps ti=<TaskInstance: spotify_saved_tracks_etl_pipeline.extract_saved_tracks scheduled__2025-09-15T03:00:00+00:00 [queued]>
[2025-09-29T05:16:03.830+0000] {taskinstance.py:1361} INFO - Starting attempt 1 of 6
[2025-09-29T05:16:04.661+0000] {taskinstance.py:1382} INFO - Executing <Task(PythonOperator): extract_saved_tracks> on 2025-09-15 03:00:00+00:00
[2025-09-29T05:16:04.724+0000] {standard_task_runner.py:57} INFO - Started process 93016 to run task
[2025-09-29T05:16:04.766+0000] {standard_task_runner.py:84} INFO - Running: ['***', 'tasks', 'run', 'spotify_saved_tracks_etl_pipeline', 'extract_saved_tracks', 'scheduled__2025-09-15T03:00:00+00:00', '--job-id', '2755', '--raw', '--subdir', 'DAGS_FOLDER/spotify_saved_dag.py', '--cfg-path', '/tmp/tmpf2i7emsl']
[2025-09-29T05:16:04.778+0000] {standard_task_runner.py:85} INFO - Job 2755: Subtask extract_saved_tracks
[2025-09-29T05:16:05.050+0000] {task_command.py:415} INFO - Running <TaskInstance: spotify_saved_tracks_etl_pipeline.extract_saved_tracks scheduled__2025-09-15T03:00:00+00:00 [running]> on host 8522660cfb6a
[2025-09-29T05:16:05.294+0000] {taskinstance.py:1660} INFO - Exporting env vars: AIRFLOW_CTX_DAG_OWNER='***' AIRFLOW_CTX_DAG_ID='spotify_saved_tracks_etl_pipeline' AIRFLOW_CTX_TASK_ID='extract_saved_tracks' AIRFLOW_CTX_EXECUTION_DATE='2025-09-15T03:00:00+00:00' AIRFLOW_CTX_TRY_NUMBER='1' AIRFLOW_CTX_DAG_RUN_ID='scheduled__2025-09-15T03:00:00+00:00'
[2025-09-29T05:16:06.253+0000] {logging_mixin.py:151} INFO - Fetched 50 saved songs so far...
[2025-09-29T05:16:06.989+0000] {logging_mixin.py:151} INFO - Fetched 100 saved songs so far...
[2025-09-29T05:16:07.613+0000] {logging_mixin.py:151} INFO - Fetched 150 saved songs so far...
[2025-09-29T05:16:08.194+0000] {logging_mixin.py:151} INFO - Fetched 200 saved songs so far...
[2025-09-29T05:16:08.805+0000] {logging_mixin.py:151} INFO - Fetched 250 saved songs so far...
[2025-09-29T05:16:09.407+0000] {logging_mixin.py:151} INFO - Fetched 300 saved songs so far...
[2025-09-29T05:16:10.471+0000] {logging_mixin.py:151} INFO - Fetched 350 saved songs so far...
[2025-09-29T05:16:11.058+0000] {logging_mixin.py:151} INFO - Fetched 400 saved songs so far...
[2025-09-29T05:16:11.476+0000] {logging_mixin.py:151} INFO - Fetched 450 saved songs so far...
[2025-09-29T05:16:12.027+0000] {logging_mixin.py:151} INFO - Fetched 500 saved songs so far...
[2025-09-29T05:16:12.533+0000] {logging_mixin.py:151} INFO - Fetched 550 saved songs so far...
[2025-09-29T05:16:12.999+0000] {logging_mixin.py:151} INFO - Fetched 600 saved songs so far...
[2025-09-29T05:16:13.510+0000] {logging_mixin.py:151} INFO - Fetched 650 saved songs so far...
[2025-09-29T05:16:14.139+0000] {logging_mixin.py:151} INFO - Fetched 700 saved songs so far...
[2025-09-29T05:16:14.698+0000] {logging_mixin.py:151} INFO - Fetched 750 saved songs so far...
[2025-09-29T05:16:15.262+0000] {logging_mixin.py:151} INFO - Fetched 800 saved songs so far...
[2025-09-29T05:16:15.793+0000] {logging_mixin.py:151} INFO - Fetched 850 saved songs so far...
[2025-09-29T05:16:16.249+0000] {logging_mixin.py:151} INFO - Fetched 864 saved songs so far...
[2025-09-29T05:16:16.518+0000] {logging_mixin.py:151} INFO - ✅ Saved 864 tracks to data/saved_songs.csv
[2025-09-29T05:16:20.988+0000] {taskinstance.py:1943} ERROR - Task failed with exception
Traceback (most recent call last):
  File "/home/airflow/.local/lib/python3.8/site-packages/airflow/operators/python.py", line 192, in execute
    return_value = self.execute_callable()
  File "/home/airflow/.local/lib/python3.8/site-packages/airflow/operators/python.py", line 209, in execute_callable
    return self.python_callable(*self.op_args, **self.op_kwargs)
  File "/opt/airflow/etl/extract.py", line 160, in fetch_saved_tracks
    artist_image_df = fetch_artist_images(list(artist_ids))
  File "/opt/airflow/etl/extract.py", line 28, in fetch_artist_images
    response.raise_for_status()
  File "/home/airflow/.local/lib/python3.8/site-packages/requests/models.py", line 1021, in raise_for_status
    raise HTTPError(http_error_msg, response=self)
requests.exceptions.HTTPError: 429 Client Error: Too Many Requests for url: https://api.spotify.com/v1/artists/3eCd0TZrBPm2n9cDG6yWfF
[2025-09-29T05:16:21.039+0000] {taskinstance.py:1400} INFO - Marking task as UP_FOR_RETRY. dag_id=spotify_saved_tracks_etl_pipeline, task_id=extract_saved_tracks, execution_date=20250915T030000, start_date=20250929T051603, end_date=20250929T051621
[2025-09-29T05:16:21.082+0000] {standard_task_runner.py:104} ERROR - Failed to execute job 2755 for task extract_saved_tracks (429 Client Error: Too Many Requests for url: https://api.spotify.com/v1/artists/3eCd0TZrBPm2n9cDG6yWfF; 93016)
[2025-09-29T05:16:21.119+0000] {local_task_job_runner.py:228} INFO - Task exited with return code 1
[2025-09-29T05:16:21.221+0000] {taskinstance.py:2784} INFO - 0 downstream tasks scheduled from follow-on schedule check
