[2025-09-24T14:00:26.911+0000] {taskinstance.py:1159} INFO - Dependencies all met for dep_context=non-requeueable deps ti=<TaskInstance: spotify_etl_pipeline.gold_view scheduled__2025-09-24T13:00:00+00:00 [queued]>
[2025-09-24T14:00:26.917+0000] {taskinstance.py:1159} INFO - Dependencies all met for dep_context=requeueable deps ti=<TaskInstance: spotify_etl_pipeline.gold_view scheduled__2025-09-24T13:00:00+00:00 [queued]>
[2025-09-24T14:00:26.917+0000] {taskinstance.py:1361} INFO - Starting attempt 1 of 6
[2025-09-24T14:00:26.925+0000] {taskinstance.py:1382} INFO - Executing <Task(PythonOperator): gold_view> on 2025-09-24 13:00:00+00:00
[2025-09-24T14:00:26.929+0000] {standard_task_runner.py:57} INFO - Started process 3623 to run task
[2025-09-24T14:00:26.931+0000] {standard_task_runner.py:84} INFO - Running: ['***', 'tasks', 'run', 'spotify_etl_pipeline', 'gold_view', 'scheduled__2025-09-24T13:00:00+00:00', '--job-id', '2095', '--raw', '--subdir', 'DAGS_FOLDER/spotify_dag.py', '--cfg-path', '/tmp/tmpzz66p7zq']
[2025-09-24T14:00:26.933+0000] {standard_task_runner.py:85} INFO - Job 2095: Subtask gold_view
[2025-09-24T14:00:27.080+0000] {task_command.py:415} INFO - Running <TaskInstance: spotify_etl_pipeline.gold_view scheduled__2025-09-24T13:00:00+00:00 [running]> on host 155c836243e5
[2025-09-24T14:00:27.143+0000] {taskinstance.py:1660} INFO - Exporting env vars: AIRFLOW_CTX_DAG_OWNER='***' AIRFLOW_CTX_DAG_ID='spotify_etl_pipeline' AIRFLOW_CTX_TASK_ID='gold_view' AIRFLOW_CTX_EXECUTION_DATE='2025-09-24T13:00:00+00:00' AIRFLOW_CTX_TRY_NUMBER='1' AIRFLOW_CTX_DAG_RUN_ID='scheduled__2025-09-24T13:00:00+00:00'
[2025-09-24T14:00:27.149+0000] {logging_mixin.py:151} INFO - Executed sql/views/listening_history/view_monthly_genre_distribution.sql
[2025-09-24T14:00:27.150+0000] {logging_mixin.py:151} INFO - Executed sql/views/listening_history/view_monthly_genre_top_artists.sql
[2025-09-24T14:00:27.152+0000] {logging_mixin.py:151} INFO - Executed sql/views/listening_history/view_top_artists.sql
[2025-09-24T14:00:27.154+0000] {logging_mixin.py:151} INFO - Executed sql/views/listening_history/view_top_songs.sql
[2025-09-24T14:00:27.155+0000] {logging_mixin.py:151} INFO - Executed sql/views/listening_history/view_total_listening_by_day.sql
[2025-09-24T14:00:27.156+0000] {logging_mixin.py:151} INFO - Executed sql/views/listening_history/view_total_listening_overall.sql
[2025-09-24T14:00:27.157+0000] {logging_mixin.py:151} INFO - Executed sql/views/listening_history/view_top_songs_with_preview.sql
[2025-09-24T14:00:27.159+0000] {logging_mixin.py:151} INFO - ✅ All SQL scripts executed successfully
[2025-09-24T14:00:27.159+0000] {python.py:194} INFO - Done. Returned value was: None
[2025-09-24T14:00:27.164+0000] {taskinstance.py:1400} INFO - Marking task as SUCCESS. dag_id=spotify_etl_pipeline, task_id=gold_view, execution_date=20250924T130000, start_date=20250924T140026, end_date=20250924T140027
[2025-09-24T14:00:27.198+0000] {local_task_job_runner.py:228} INFO - Task exited with return code 0
[2025-09-24T14:00:27.214+0000] {taskinstance.py:2784} INFO - 1 downstream tasks scheduled from follow-on schedule check
