[2025-09-15T07:00:46.725+0000] {taskinstance.py:1159} INFO - Dependencies all met for dep_context=non-requeueable deps ti=<TaskInstance: spotify_etl_pipeline.gold_view manual__2025-09-15T06:50:13.541524+00:00 [queued]>
[2025-09-15T07:00:46.740+0000] {taskinstance.py:1159} INFO - Dependencies all met for dep_context=requeueable deps ti=<TaskInstance: spotify_etl_pipeline.gold_view manual__2025-09-15T06:50:13.541524+00:00 [queued]>
[2025-09-15T07:00:46.741+0000] {taskinstance.py:1361} INFO - Starting attempt 3 of 6
[2025-09-15T07:00:46.761+0000] {taskinstance.py:1382} INFO - Executing <Task(PythonOperator): gold_view> on 2025-09-15 06:50:13.541524+00:00
[2025-09-15T07:00:46.793+0000] {standard_task_runner.py:57} INFO - Started process 32659 to run task
[2025-09-15T07:00:46.833+0000] {standard_task_runner.py:84} INFO - Running: ['***', 'tasks', 'run', 'spotify_etl_pipeline', 'gold_view', 'manual__2025-09-15T06:50:13.541524+00:00', '--job-id', '836', '--raw', '--subdir', 'DAGS_FOLDER/spotify_dag.py', '--cfg-path', '/tmp/tmpe2ujw2bm']
[2025-09-15T07:00:46.844+0000] {standard_task_runner.py:85} INFO - Job 836: Subtask gold_view
[2025-09-15T07:00:47.142+0000] {task_command.py:415} INFO - Running <TaskInstance: spotify_etl_pipeline.gold_view manual__2025-09-15T06:50:13.541524+00:00 [running]> on host 0d0cd054d690
[2025-09-15T07:00:47.893+0000] {taskinstance.py:1660} INFO - Exporting env vars: AIRFLOW_CTX_DAG_OWNER='***' AIRFLOW_CTX_DAG_ID='spotify_etl_pipeline' AIRFLOW_CTX_TASK_ID='gold_view' AIRFLOW_CTX_EXECUTION_DATE='2025-09-15T06:50:13.541524+00:00' AIRFLOW_CTX_TRY_NUMBER='3' AIRFLOW_CTX_DAG_RUN_ID='manual__2025-09-15T06:50:13.541524+00:00'
[2025-09-15T07:00:47.919+0000] {logging_mixin.py:151} INFO - Executed sql/views/listening_history/view_monthly_genre_distribution.sql
[2025-09-15T07:00:47.927+0000] {logging_mixin.py:151} INFO - Executed sql/views/listening_history/view_monthly_genre_top_artists.sql
[2025-09-15T07:00:47.936+0000] {logging_mixin.py:151} INFO - Executed sql/views/listening_history/view_top_artists.sql
[2025-09-15T07:00:47.948+0000] {logging_mixin.py:151} INFO - Executed sql/views/listening_history/view_top_songs.sql
[2025-09-15T07:00:47.956+0000] {logging_mixin.py:151} INFO - Executed sql/views/listening_history/view_total_listening_by_day.sql
[2025-09-15T07:00:47.959+0000] {logging_mixin.py:151} INFO - Executed sql/views/listening_history/view_total_listening_overall.sql
[2025-09-15T07:00:47.964+0000] {logging_mixin.py:151} INFO - ✅ All SQL scripts executed successfully
[2025-09-15T07:00:47.965+0000] {python.py:194} INFO - Done. Returned value was: None
[2025-09-15T07:00:47.998+0000] {taskinstance.py:1400} INFO - Marking task as SUCCESS. dag_id=spotify_etl_pipeline, task_id=gold_view, execution_date=20250915T065013, start_date=20250915T070046, end_date=20250915T070047
[2025-09-15T07:00:48.364+0000] {local_task_job_runner.py:228} INFO - Task exited with return code 0
[2025-09-15T07:00:48.703+0000] {taskinstance.py:2784} INFO - 0 downstream tasks scheduled from follow-on schedule check
