[2025-09-15T06:55:39.939+0000] {taskinstance.py:1159} INFO - Dependencies all met for dep_context=non-requeueable deps ti=<TaskInstance: spotify_etl_pipeline.gold_view manual__2025-09-15T06:50:13.541524+00:00 [queued]>
[2025-09-15T06:55:39.947+0000] {taskinstance.py:1159} INFO - Dependencies all met for dep_context=requeueable deps ti=<TaskInstance: spotify_etl_pipeline.gold_view manual__2025-09-15T06:50:13.541524+00:00 [queued]>
[2025-09-15T06:55:39.947+0000] {taskinstance.py:1361} INFO - Starting attempt 2 of 6
[2025-09-15T06:55:39.957+0000] {taskinstance.py:1382} INFO - Executing <Task(PythonOperator): gold_view> on 2025-09-15 06:50:13.541524+00:00
[2025-09-15T06:55:39.963+0000] {standard_task_runner.py:57} INFO - Started process 32446 to run task
[2025-09-15T06:55:39.969+0000] {standard_task_runner.py:84} INFO - Running: ['***', 'tasks', 'run', 'spotify_etl_pipeline', 'gold_view', 'manual__2025-09-15T06:50:13.541524+00:00', '--job-id', '825', '--raw', '--subdir', 'DAGS_FOLDER/spotify_dag.py', '--cfg-path', '/tmp/tmpn2npvmko']
[2025-09-15T06:55:39.973+0000] {standard_task_runner.py:85} INFO - Job 825: Subtask gold_view
[2025-09-15T06:55:40.021+0000] {task_command.py:415} INFO - Running <TaskInstance: spotify_etl_pipeline.gold_view manual__2025-09-15T06:50:13.541524+00:00 [running]> on host 0d0cd054d690
[2025-09-15T06:55:40.276+0000] {taskinstance.py:1660} INFO - Exporting env vars: AIRFLOW_CTX_DAG_OWNER='***' AIRFLOW_CTX_DAG_ID='spotify_etl_pipeline' AIRFLOW_CTX_TASK_ID='gold_view' AIRFLOW_CTX_EXECUTION_DATE='2025-09-15T06:50:13.541524+00:00' AIRFLOW_CTX_TRY_NUMBER='2' AIRFLOW_CTX_DAG_RUN_ID='manual__2025-09-15T06:50:13.541524+00:00'
[2025-09-15T06:55:40.287+0000] {logging_mixin.py:151} INFO - Executed sql/views/listening_history/view_monthly_genre_distribution.sql
[2025-09-15T06:55:40.288+0000] {logging_mixin.py:151} INFO - Executed sql/views/listening_history/view_monthly_genre_top_artists.sql
[2025-09-15T06:55:40.290+0000] {logging_mixin.py:151} INFO - Executed sql/views/listening_history/view_top_artists.sql
[2025-09-15T06:55:40.291+0000] {logging_mixin.py:151} INFO - Executed sql/views/listening_history/view_top_songs.sql
[2025-09-15T06:55:40.293+0000] {taskinstance.py:1943} ERROR - Task failed with exception
Traceback (most recent call last):
  File "/home/airflow/.local/lib/python3.8/site-packages/airflow/operators/python.py", line 192, in execute
    return_value = self.execute_callable()
  File "/home/airflow/.local/lib/python3.8/site-packages/airflow/operators/python.py", line 209, in execute_callable
    return self.python_callable(*self.op_args, **self.op_kwargs)
  File "/opt/airflow/etl/db_utils.py", line 11, in run_sql_scripts
    cur.execute(sql)
psycopg2.errors.UndefinedColumn: column "total_minutes" does not exist
LINE 9: ORDER BY total_minutes DESC;
                 ^

[2025-09-15T06:55:40.300+0000] {taskinstance.py:1400} INFO - Marking task as UP_FOR_RETRY. dag_id=spotify_etl_pipeline, task_id=gold_view, execution_date=20250915T065013, start_date=20250915T065539, end_date=20250915T065540
[2025-09-15T06:55:40.308+0000] {standard_task_runner.py:104} ERROR - Failed to execute job 825 for task gold_view (column "total_minutes" does not exist
LINE 9: ORDER BY total_minutes DESC;
                 ^
; 32446)
[2025-09-15T06:55:40.316+0000] {local_task_job_runner.py:228} INFO - Task exited with return code 1
[2025-09-15T06:55:40.329+0000] {taskinstance.py:2784} INFO - 0 downstream tasks scheduled from follow-on schedule check
