[2025-09-12T05:32:36.519+0000] {taskinstance.py:1159} INFO - Dependencies all met for dep_context=non-requeueable deps ti=<TaskInstance: spotify_saved_tracks_etl_pipeline.extract_saved_tracks manual__2025-09-12T05:25:38.314730+00:00 [queued]>
[2025-09-12T05:32:36.525+0000] {taskinstance.py:1159} INFO - Dependencies all met for dep_context=requeueable deps ti=<TaskInstance: spotify_saved_tracks_etl_pipeline.extract_saved_tracks manual__2025-09-12T05:25:38.314730+00:00 [queued]>
[2025-09-12T05:32:36.526+0000] {taskinstance.py:1361} INFO - Starting attempt 1 of 6
[2025-09-12T05:32:36.610+0000] {taskinstance.py:1382} INFO - Executing <Task(PythonOperator): extract_saved_tracks> on 2025-09-12 05:25:38.314730+00:00
[2025-09-12T05:32:36.614+0000] {standard_task_runner.py:57} INFO - Started process 24134 to run task
[2025-09-12T05:32:36.618+0000] {standard_task_runner.py:84} INFO - Running: ['***', 'tasks', 'run', 'spotify_saved_tracks_etl_pipeline', 'extract_saved_tracks', 'manual__2025-09-12T05:25:38.314730+00:00', '--job-id', '305', '--raw', '--subdir', 'DAGS_FOLDER/spotify_saved_dag.py', '--cfg-path', '/tmp/tmpu06fsmmo']
[2025-09-12T05:32:36.620+0000] {standard_task_runner.py:85} INFO - Job 305: Subtask extract_saved_tracks
[2025-09-12T05:32:36.712+0000] {task_command.py:415} INFO - Running <TaskInstance: spotify_saved_tracks_etl_pipeline.extract_saved_tracks manual__2025-09-12T05:25:38.314730+00:00 [running]> on host 0d0cd054d690
[2025-09-12T05:32:36.833+0000] {taskinstance.py:1660} INFO - Exporting env vars: AIRFLOW_CTX_DAG_OWNER='***' AIRFLOW_CTX_DAG_ID='spotify_saved_tracks_etl_pipeline' AIRFLOW_CTX_TASK_ID='extract_saved_tracks' AIRFLOW_CTX_EXECUTION_DATE='2025-09-12T05:25:38.314730+00:00' AIRFLOW_CTX_TRY_NUMBER='1' AIRFLOW_CTX_DAG_RUN_ID='manual__2025-09-12T05:25:38.314730+00:00'
[2025-09-12T05:32:37.652+0000] {logging_mixin.py:151} INFO - Fetched 50 saved songs so far...
[2025-09-12T05:32:38.350+0000] {logging_mixin.py:151} INFO - Fetched 100 saved songs so far...
[2025-09-12T05:32:38.957+0000] {logging_mixin.py:151} INFO - Fetched 150 saved songs so far...
[2025-09-12T05:32:39.684+0000] {logging_mixin.py:151} INFO - Fetched 200 saved songs so far...
[2025-09-12T05:32:40.311+0000] {logging_mixin.py:151} INFO - Fetched 250 saved songs so far...
[2025-09-12T05:32:41.018+0000] {logging_mixin.py:151} INFO - Fetched 300 saved songs so far...
[2025-09-12T05:32:41.726+0000] {logging_mixin.py:151} INFO - Fetched 350 saved songs so far...
[2025-09-12T05:32:42.300+0000] {logging_mixin.py:151} INFO - Fetched 400 saved songs so far...
[2025-09-12T05:32:42.743+0000] {logging_mixin.py:151} INFO - Fetched 450 saved songs so far...
[2025-09-12T05:32:43.473+0000] {logging_mixin.py:151} INFO - Fetched 500 saved songs so far...
[2025-09-12T05:32:44.118+0000] {logging_mixin.py:151} INFO - Fetched 550 saved songs so far...
[2025-09-12T05:32:44.636+0000] {logging_mixin.py:151} INFO - Fetched 600 saved songs so far...
[2025-09-12T05:32:45.224+0000] {logging_mixin.py:151} INFO - Fetched 650 saved songs so far...
[2025-09-12T05:32:45.922+0000] {logging_mixin.py:151} INFO - Fetched 700 saved songs so far...
[2025-09-12T05:32:46.537+0000] {logging_mixin.py:151} INFO - Fetched 750 saved songs so far...
[2025-09-12T05:32:47.160+0000] {logging_mixin.py:151} INFO - Fetched 800 saved songs so far...
[2025-09-12T05:32:47.662+0000] {logging_mixin.py:151} INFO - Fetched 835 saved songs so far...
[2025-09-12T05:32:47.923+0000] {logging_mixin.py:151} INFO - ✅ Saved 835 tracks to data/saved_songs.csv
[2025-09-12T05:32:47.924+0000] {python.py:194} INFO - Done. Returned value was:                  added_at  ...   last_updated_datetime_utc
0    2025-09-12T05:26:05Z  ...  2025-09-12T05:32:37.651600
1    2025-09-12T04:52:43Z  ...  2025-09-12T05:32:37.651664
2    2025-09-12T04:39:30Z  ...  2025-09-12T05:32:37.651672
3    2025-09-12T04:34:16Z  ...  2025-09-12T05:32:37.651676
4    2025-09-12T02:58:49Z  ...  2025-09-12T05:32:37.651680
..                    ...  ...                         ...
830  2020-09-19T06:10:29Z  ...  2025-09-12T05:32:47.662800
831  2020-07-26T05:59:55Z  ...  2025-09-12T05:32:47.662803
832  2020-05-18T15:09:45Z  ...  2025-09-12T05:32:47.662807
833  2020-02-11T23:49:58Z  ...  2025-09-12T05:32:47.662810
834  2019-01-24T01:14:54Z  ...  2025-09-12T05:32:47.662814

[835 rows x 11 columns]
[2025-09-12T05:32:48.087+0000] {taskinstance.py:1400} INFO - Marking task as SUCCESS. dag_id=spotify_saved_tracks_etl_pipeline, task_id=extract_saved_tracks, execution_date=20250912T052538, start_date=20250912T053236, end_date=20250912T053248
[2025-09-12T05:32:48.133+0000] {local_task_job_runner.py:228} INFO - Task exited with return code 0
[2025-09-12T05:32:48.165+0000] {taskinstance.py:2784} INFO - 1 downstream tasks scheduled from follow-on schedule check
