[2025-09-24T06:10:34.848+0000] {taskinstance.py:1159} INFO - Dependencies all met for dep_context=non-requeueable deps ti=<TaskInstance: spotify_etl_pipeline.fetch_audio_previews manual__2025-09-24T06:05:46.388350+00:00 [queued]>
[2025-09-24T06:10:34.854+0000] {taskinstance.py:1159} INFO - Dependencies all met for dep_context=requeueable deps ti=<TaskInstance: spotify_etl_pipeline.fetch_audio_previews manual__2025-09-24T06:05:46.388350+00:00 [queued]>
[2025-09-24T06:10:34.854+0000] {taskinstance.py:1361} INFO - Starting attempt 1 of 6
[2025-09-24T06:10:34.862+0000] {taskinstance.py:1382} INFO - Executing <Task(PythonOperator): fetch_audio_previews> on 2025-09-24 06:05:46.388350+00:00
[2025-09-24T06:10:34.866+0000] {standard_task_runner.py:57} INFO - Started process 45669 to run task
[2025-09-24T06:10:34.871+0000] {standard_task_runner.py:84} INFO - Running: ['***', 'tasks', 'run', 'spotify_etl_pipeline', 'fetch_audio_previews', 'manual__2025-09-24T06:05:46.388350+00:00', '--job-id', '1937', '--raw', '--subdir', 'DAGS_FOLDER/spotify_dag.py', '--cfg-path', '/tmp/tmplkdkf959']
[2025-09-24T06:10:34.876+0000] {standard_task_runner.py:85} INFO - Job 1937: Subtask fetch_audio_previews
[2025-09-24T06:10:34.950+0000] {task_command.py:415} INFO - Running <TaskInstance: spotify_etl_pipeline.fetch_audio_previews manual__2025-09-24T06:05:46.388350+00:00 [running]> on host 8a603698361b
[2025-09-24T06:10:35.174+0000] {taskinstance.py:1660} INFO - Exporting env vars: AIRFLOW_CTX_DAG_OWNER='***' AIRFLOW_CTX_DAG_ID='spotify_etl_pipeline' AIRFLOW_CTX_TASK_ID='fetch_audio_previews' AIRFLOW_CTX_EXECUTION_DATE='2025-09-24T06:05:46.388350+00:00' AIRFLOW_CTX_TRY_NUMBER='1' AIRFLOW_CTX_DAG_RUN_ID='manual__2025-09-24T06:05:46.388350+00:00'
[2025-09-24T06:10:35.183+0000] {logging_mixin.py:151} INFO - Found 5 top songs. Fetching audio preview links.
[2025-09-24T06:10:36.614+0000] {logging_mixin.py:151} INFO - ✅ Saved 5 top song audio links to data/top_song_previews.csv
[2025-09-24T06:10:36.618+0000] {python.py:194} INFO - Done. Returned value was:                  track_id audio_preview_url   last_updated_datetime_utc
0  5kt5UfkL18qq7AxYOCyQlt              None  2025-09-24T06:10:35.550610
1  7e9TMRRYkj9JZgIkIGPTfl              None  2025-09-24T06:10:35.760282
2  1edKrqk7YCriloCaIi7ooC              None  2025-09-24T06:10:36.003676
3  3LOTdehsLMCm3u0CNJwsL3              None  2025-09-24T06:10:36.358362
4  1Ukxccao1BlWrPhYkcXbwZ              None  2025-09-24T06:10:36.591488
[2025-09-24T06:10:36.750+0000] {taskinstance.py:1400} INFO - Marking task as SUCCESS. dag_id=spotify_etl_pipeline, task_id=fetch_audio_previews, execution_date=20250924T060546, start_date=20250924T061034, end_date=20250924T061036
[2025-09-24T06:10:36.821+0000] {local_task_job_runner.py:228} INFO - Task exited with return code 0
[2025-09-24T06:10:36.897+0000] {taskinstance.py:2784} INFO - 1 downstream tasks scheduled from follow-on schedule check
