[2025-09-28T12:00:03.304+0000] {taskinstance.py:1159} INFO - Dependencies all met for dep_context=non-requeueable deps ti=<TaskInstance: spotify_etl_pipeline.extract_songs scheduled__2025-09-28T11:00:00+00:00 [queued]>
[2025-09-28T12:00:03.309+0000] {taskinstance.py:1159} INFO - Dependencies all met for dep_context=requeueable deps ti=<TaskInstance: spotify_etl_pipeline.extract_songs scheduled__2025-09-28T11:00:00+00:00 [queued]>
[2025-09-28T12:00:03.310+0000] {taskinstance.py:1361} INFO - Starting attempt 1 of 6
[2025-09-28T12:00:03.319+0000] {taskinstance.py:1382} INFO - Executing <Task(PythonOperator): extract_songs> on 2025-09-28 11:00:00+00:00
[2025-09-28T12:00:03.324+0000] {standard_task_runner.py:57} INFO - Started process 91238 to run task
[2025-09-28T12:00:03.326+0000] {standard_task_runner.py:84} INFO - Running: ['***', 'tasks', 'run', 'spotify_etl_pipeline', 'extract_songs', 'scheduled__2025-09-28T11:00:00+00:00', '--job-id', '2696', '--raw', '--subdir', 'DAGS_FOLDER/spotify_dag.py', '--cfg-path', '/tmp/tmpsuw4qhps']
[2025-09-28T12:00:03.329+0000] {standard_task_runner.py:85} INFO - Job 2696: Subtask extract_songs
[2025-09-28T12:00:03.503+0000] {task_command.py:415} INFO - Running <TaskInstance: spotify_etl_pipeline.extract_songs scheduled__2025-09-28T11:00:00+00:00 [running]> on host 8522660cfb6a
[2025-09-28T12:00:03.570+0000] {taskinstance.py:1660} INFO - Exporting env vars: AIRFLOW_CTX_DAG_OWNER='***' AIRFLOW_CTX_DAG_ID='spotify_etl_pipeline' AIRFLOW_CTX_TASK_ID='extract_songs' AIRFLOW_CTX_EXECUTION_DATE='2025-09-28T11:00:00+00:00' AIRFLOW_CTX_TRY_NUMBER='1' AIRFLOW_CTX_DAG_RUN_ID='scheduled__2025-09-28T11:00:00+00:00'
[2025-09-28T12:00:15.425+0000] {logging_mixin.py:151} INFO - ✅ Saved 25 artist images to data/artist_images.csv
[2025-09-28T12:00:15.431+0000] {python.py:194} INFO - Done. Returned value was: (               played_at_utc  ...   last_updated_datetime_utc
0   2025-09-28T11:59:41.651Z  ...  2025-09-28T12:00:05.207845
1   2025-09-28T11:56:14.013Z  ...  2025-09-28T12:00:05.207883
2   2025-09-28T11:52:44.964Z  ...  2025-09-28T12:00:05.207897
3   2025-09-28T11:47:42.054Z  ...  2025-09-28T12:00:05.207903
4   2025-09-28T11:44:42.952Z  ...  2025-09-28T12:00:05.207912
5   2025-09-28T11:41:03.707Z  ...  2025-09-28T12:00:05.207918
6   2025-09-28T11:36:28.765Z  ...  2025-09-28T12:00:05.207929
7   2025-09-28T11:33:59.111Z  ...  2025-09-28T12:00:05.207935
8   2025-09-28T11:30:34.525Z  ...  2025-09-28T12:00:05.207948
9   2025-09-28T11:25:28.617Z  ...  2025-09-28T12:00:05.207953
10  2025-09-28T11:21:49.983Z  ...  2025-09-28T12:00:05.207959
11  2025-09-28T11:18:16.060Z  ...  2025-09-28T12:00:05.207964
12  2025-09-28T11:14:18.043Z  ...  2025-09-28T12:00:05.207972
13  2025-09-28T11:10:53.410Z  ...  2025-09-28T12:00:05.207978
14  2025-09-28T11:10:39.907Z  ...  2025-09-28T12:00:05.207990
15  2025-09-28T07:45:41.148Z  ...  2025-09-28T12:00:05.207995
16  2025-09-28T07:41:42.851Z  ...  2025-09-28T12:00:05.208005
17  2025-09-28T07:36:50.489Z  ...  2025-09-28T12:00:05.208010
18  2025-09-28T07:31:42.719Z  ...  2025-09-28T12:00:05.208019
19  2025-09-28T07:27:36.039Z  ...  2025-09-28T12:00:05.208024
20  2025-09-28T07:23:30.703Z  ...  2025-09-28T12:00:05.208029
21  2025-09-28T07:19:56.612Z  ...  2025-09-28T12:00:05.208038
22  2025-09-28T07:13:39.070Z  ...  2025-09-28T12:00:05.208043
23  2025-09-28T07:09:42.696Z  ...  2025-09-28T12:00:05.208053
24  2025-09-28T07:06:37.711Z  ...  2025-09-28T12:00:05.208059
25  2025-09-28T07:02:58.699Z  ...  2025-09-28T12:00:05.208063
26  2025-09-28T07:01:25.827Z  ...  2025-09-28T12:00:05.208071
27  2025-09-28T01:49:28.379Z  ...  2025-09-28T12:00:05.208076
28  2025-09-28T01:41:06.395Z  ...  2025-09-28T12:00:05.208087
29  2025-09-28T01:37:58.058Z  ...  2025-09-28T12:00:05.208092
30  2025-09-28T01:29:22.142Z  ...  2025-09-28T12:00:05.208098
31  2025-09-28T01:24:34.503Z  ...  2025-09-28T12:00:05.208102
32  2025-09-28T01:12:17.776Z  ...  2025-09-28T12:00:05.208107
33  2025-09-28T01:04:22.730Z  ...  2025-09-28T12:00:05.208116
34  2025-09-28T00:56:15.857Z  ...  2025-09-28T12:00:05.208121
35  2025-09-28T00:51:32.308Z  ...  2025-09-28T12:00:05.208130
36  2025-09-28T00:12:18.644Z  ...  2025-09-28T12:00:05.208134
37  2025-09-28T00:09:35.352Z  ...  2025-09-28T12:00:05.208138
38  2025-09-28T00:05:26.188Z  ...  2025-09-28T12:00:05.208142
39  2025-09-27T23:18:08.047Z  ...  2025-09-28T12:00:05.208146
40  2025-09-27T23:18:03.417Z  ...  2025-09-28T12:00:05.208164
41  2025-09-27T05:01:58.576Z  ...  2025-09-28T12:00:05.208174
42  2025-09-27T04:58:12.110Z  ...  2025-09-28T12:00:05.208179
43  2025-09-27T04:26:51.415Z  ...  2025-09-28T12:00:05.208183
44  2025-09-27T04:23:34.435Z  ...  2025-09-28T12:00:05.208187
45  2025-09-27T04:20:12.005Z  ...  2025-09-28T12:00:05.208191
46  2025-09-27T04:16:18.262Z  ...  2025-09-28T12:00:05.208195
47  2025-09-27T04:12:21.329Z  ...  2025-09-28T12:00:05.208199
48  2025-09-27T04:05:53.005Z  ...  2025-09-28T12:00:05.208203
49  2025-09-27T04:01:13.853Z  ...  2025-09-28T12:00:05.208207

[50 rows x 12 columns],                  artist_id  ...   last_updated_datetime_utc
0   76oIibS2wMO6znmOVWRTy2  ...  2025-09-28T12:00:05.635239
1   2snm3HmsnDUDxbIChdl2Oj  ...  2025-09-28T12:00:06.415295
2   24jrxG0tKcwgAzsLuPzyMi  ...  2025-09-28T12:00:06.935841
3   376pcuw4IgWBMOUwCr8kIm  ...  2025-09-28T12:00:07.334293
4   51ZbCFgOspWvhBjd1DUYEV  ...  2025-09-28T12:00:07.539648
5   3tvtGR8HzMHDbkLeZrFiBI  ...  2025-09-28T12:00:08.172097
6   2Sqr0DXoaYABbjBo9HaMkM  ...  2025-09-28T12:00:08.475444
7   7jXoGtR69J2iYCefc58MZX  ...  2025-09-28T12:00:08.719416
8   6Xy3W72s4bZ3aI5X6NTp3G  ...  2025-09-28T12:00:09.179968
9   5fEQLwq1BWWQNR8GzhOIvi  ...  2025-09-28T12:00:09.440158
10  66CXWjxzNUsdJxJ2JdwvnR  ...  2025-09-28T12:00:09.662279
11  06HL4z0CvFAxyc27GXpf02  ...  2025-09-28T12:00:09.910061
12  0MEchSWR9pJvw1S5CV3Kuk  ...  2025-09-28T12:00:10.836998
13  00FQb4jTyendYWaN8pK0wa  ...  2025-09-28T12:00:11.063922
14  2h93pZq0e7k5yf4dywlkpM  ...  2025-09-28T12:00:11.268812
15  1r9DuPTHiQ7hnRRZ99B8nL  ...  2025-09-28T12:00:11.527041
16  6KImCVD70vtIoJWnq6nGn3  ...  2025-09-28T12:00:12.044419
17  7tYKF4w9nC0nq9CsPZTHyP  ...  2025-09-28T12:00:12.231671
18  2SY6OktZyMLdOnscX3DCyS  ...  2025-09-28T12:00:12.403517
19  21QQNTzqULHjiaDKaZepRP  ...  2025-09-28T12:00:12.569489
20  3dI4Io8XE33J2o04ZwjR0Y  ...  2025-09-28T12:00:12.740776
21  2F5W6Rsxwzg0plQ0w8dSyt  ...  2025-09-28T12:00:13.383941
22  2JBUyLiFvpFPWdZGqIGYLD  ...  2025-09-28T12:00:14.693340
23  0hDjKSKjl1DC7ovYTDJHe8  ...  2025-09-28T12:00:14.923309
24  3twuAojvYNrlWZpMkxLm3P  ...  2025-09-28T12:00:15.419367

[25 rows x 3 columns])
[2025-09-28T12:00:15.548+0000] {taskinstance.py:1400} INFO - Marking task as SUCCESS. dag_id=spotify_etl_pipeline, task_id=extract_songs, execution_date=20250928T110000, start_date=20250928T120003, end_date=20250928T120015
[2025-09-28T12:00:15.601+0000] {local_task_job_runner.py:228} INFO - Task exited with return code 0
[2025-09-28T12:00:15.990+0000] {taskinstance.py:2784} INFO - 1 downstream tasks scheduled from follow-on schedule check
