[2025-09-29T11:01:41.255+0000] {taskinstance.py:1159} INFO - Dependencies all met for dep_context=non-requeueable deps ti=<TaskInstance: spotify_etl_pipeline.fetch_top_song_previews manual__2025-09-29T11:01:11.359412+00:00 [queued]>
[2025-09-29T11:01:41.274+0000] {taskinstance.py:1159} INFO - Dependencies all met for dep_context=requeueable deps ti=<TaskInstance: spotify_etl_pipeline.fetch_top_song_previews manual__2025-09-29T11:01:11.359412+00:00 [queued]>
[2025-09-29T11:01:41.276+0000] {taskinstance.py:1361} INFO - Starting attempt 1 of 6
[2025-09-29T11:01:41.295+0000] {taskinstance.py:1382} INFO - Executing <Task(PythonOperator): fetch_top_song_previews> on 2025-09-29 11:01:11.359412+00:00
[2025-09-29T11:01:41.328+0000] {standard_task_runner.py:57} INFO - Started process 4795 to run task
[2025-09-29T11:01:41.338+0000] {standard_task_runner.py:84} INFO - Running: ['***', 'tasks', 'run', 'spotify_etl_pipeline', 'fetch_top_song_previews', 'manual__2025-09-29T11:01:11.359412+00:00', '--job-id', '2903', '--raw', '--subdir', 'DAGS_FOLDER/spotify_dag.py', '--cfg-path', '/tmp/tmp6qraauei']
[2025-09-29T11:01:41.346+0000] {standard_task_runner.py:85} INFO - Job 2903: Subtask fetch_top_song_previews
[2025-09-29T11:01:42.853+0000] {task_command.py:415} INFO - Running <TaskInstance: spotify_etl_pipeline.fetch_top_song_previews manual__2025-09-29T11:01:11.359412+00:00 [running]> on host 8522660cfb6a
[2025-09-29T11:01:43.228+0000] {taskinstance.py:1660} INFO - Exporting env vars: AIRFLOW_CTX_DAG_OWNER='***' AIRFLOW_CTX_DAG_ID='spotify_etl_pipeline' AIRFLOW_CTX_TASK_ID='fetch_top_song_previews' AIRFLOW_CTX_EXECUTION_DATE='2025-09-29T11:01:11.359412+00:00' AIRFLOW_CTX_TRY_NUMBER='1' AIRFLOW_CTX_DAG_RUN_ID='manual__2025-09-29T11:01:11.359412+00:00'
[2025-09-29T11:01:43.246+0000] {logging_mixin.py:151} INFO - Found 5 top songs. Fetching audio preview links from microservice.
[2025-09-29T11:01:47.743+0000] {logging_mixin.py:151} INFO - ✅ Saved 5 top song audio links to data/top_song_previews.csv
[2025-09-29T11:01:47.749+0000] {python.py:194} INFO - Done. Returned value was:                  track_id  ...   last_updated_datetime_utc
0  5kt5UfkL18qq7AxYOCyQlt  ...  2025-09-29T11:01:47.693755
1  5z2wFoVRqnuxYmauqrKxdP  ...  2025-09-29T11:01:47.693834
2  3LOTdehsLMCm3u0CNJwsL3  ...  2025-09-29T11:01:47.693839
3  7e9TMRRYkj9JZgIkIGPTfl  ...  2025-09-29T11:01:47.693842
4  7xAVLrbnud6OrU6f4FmxDr  ...  2025-09-29T11:01:47.693843

[5 rows x 3 columns]
[2025-09-29T11:01:48.096+0000] {taskinstance.py:1400} INFO - Marking task as SUCCESS. dag_id=spotify_etl_pipeline, task_id=fetch_top_song_previews, execution_date=20250929T110111, start_date=20250929T110141, end_date=20250929T110148
[2025-09-29T11:01:48.799+0000] {local_task_job_runner.py:228} INFO - Task exited with return code 0
[2025-09-29T11:01:49.586+0000] {taskinstance.py:2784} INFO - 1 downstream tasks scheduled from follow-on schedule check
