[2025-09-16T05:00:05.450+0000] {taskinstance.py:1159} INFO - Dependencies all met for dep_context=non-requeueable deps ti=<TaskInstance: spotify_etl_pipeline.extract_songs scheduled__2025-09-16T04:00:00+00:00 [queued]>
[2025-09-16T05:00:05.456+0000] {taskinstance.py:1159} INFO - Dependencies all met for dep_context=requeueable deps ti=<TaskInstance: spotify_etl_pipeline.extract_songs scheduled__2025-09-16T04:00:00+00:00 [queued]>
[2025-09-16T05:00:05.457+0000] {taskinstance.py:1361} INFO - Starting attempt 1 of 6
[2025-09-16T05:00:05.466+0000] {taskinstance.py:1382} INFO - Executing <Task(PythonOperator): extract_songs> on 2025-09-16 04:00:00+00:00
[2025-09-16T05:00:05.472+0000] {standard_task_runner.py:57} INFO - Started process 32771 to run task
[2025-09-16T05:00:05.475+0000] {standard_task_runner.py:84} INFO - Running: ['***', 'tasks', 'run', 'spotify_etl_pipeline', 'extract_songs', 'scheduled__2025-09-16T04:00:00+00:00', '--job-id', '992', '--raw', '--subdir', 'DAGS_FOLDER/spotify_dag.py', '--cfg-path', '/tmp/tmpoxr8kiz_']
[2025-09-16T05:00:05.478+0000] {standard_task_runner.py:85} INFO - Job 992: Subtask extract_songs
[2025-09-16T05:00:05.568+0000] {task_command.py:415} INFO - Running <TaskInstance: spotify_etl_pipeline.extract_songs scheduled__2025-09-16T04:00:00+00:00 [running]> on host 537418afed42
[2025-09-16T05:00:05.988+0000] {taskinstance.py:1660} INFO - Exporting env vars: AIRFLOW_CTX_DAG_OWNER='***' AIRFLOW_CTX_DAG_ID='spotify_etl_pipeline' AIRFLOW_CTX_TASK_ID='extract_songs' AIRFLOW_CTX_EXECUTION_DATE='2025-09-16T04:00:00+00:00' AIRFLOW_CTX_TRY_NUMBER='1' AIRFLOW_CTX_DAG_RUN_ID='scheduled__2025-09-16T04:00:00+00:00'
[2025-09-16T05:00:07.559+0000] {python.py:194} INFO - Done. Returned value was:                played_at_utc  ...   last_updated_datetime_utc
0   2025-09-16T03:48:02.436Z  ...  2025-09-16T05:00:07.510158
1   2025-09-16T03:45:45.571Z  ...  2025-09-16T05:00:07.510177
2   2025-09-16T03:42:21.385Z  ...  2025-09-16T05:00:07.510181
3   2025-09-16T03:37:28.318Z  ...  2025-09-16T05:00:07.510184
4   2025-09-16T03:33:11.660Z  ...  2025-09-16T05:00:07.510187
5   2025-09-16T03:29:11.858Z  ...  2025-09-16T05:00:07.510189
6   2025-09-16T03:24:47.307Z  ...  2025-09-16T05:00:07.510192
7   2025-09-16T03:20:06.531Z  ...  2025-09-16T05:00:07.510198
8   2025-09-16T03:17:07.188Z  ...  2025-09-16T05:00:07.510201
9   2025-09-16T03:14:23.679Z  ...  2025-09-16T05:00:07.510204
10  2025-09-16T03:09:44.053Z  ...  2025-09-16T05:00:07.510207
11  2025-09-16T03:06:52.836Z  ...  2025-09-16T05:00:07.510209
12  2025-09-16T03:00:20.650Z  ...  2025-09-16T05:00:07.510212
13  2025-09-14T02:39:14.092Z  ...  2025-09-16T05:00:07.510214
14  2025-09-14T02:34:12.247Z  ...  2025-09-16T05:00:07.510217
15  2025-09-14T02:29:53.776Z  ...  2025-09-16T05:00:07.510219
16  2025-09-14T02:24:59.486Z  ...  2025-09-16T05:00:07.510222
17  2025-09-14T02:21:28.902Z  ...  2025-09-16T05:00:07.510225
18  2025-09-14T02:20:28.223Z  ...  2025-09-16T05:00:07.510227
19  2025-09-14T02:16:23.950Z  ...  2025-09-16T05:00:07.510230
20  2025-09-14T02:13:36.464Z  ...  2025-09-16T05:00:07.510233
21  2025-09-14T02:08:52.048Z  ...  2025-09-16T05:00:07.510235
22  2025-09-14T02:08:51.838Z  ...  2025-09-16T05:00:07.510238
23  2025-09-14T01:14:34.685Z  ...  2025-09-16T05:00:07.510240
24  2025-09-14T01:09:47.800Z  ...  2025-09-16T05:00:07.510243
25  2025-09-14T01:02:16.010Z  ...  2025-09-16T05:00:07.510246
26  2025-09-14T00:56:09.296Z  ...  2025-09-16T05:00:07.510248
27  2025-09-14T00:53:18.711Z  ...  2025-09-16T05:00:07.510251
28  2025-09-14T00:36:57.414Z  ...  2025-09-16T05:00:07.510253
29  2025-09-14T00:24:04.373Z  ...  2025-09-16T05:00:07.510256
30  2025-09-14T00:10:48.215Z  ...  2025-09-16T05:00:07.510259
31  2025-09-14T00:06:04.108Z  ...  2025-09-16T05:00:07.510261
32  2025-09-13T22:43:23.827Z  ...  2025-09-16T05:00:07.510264
33  2025-09-13T22:39:02.083Z  ...  2025-09-16T05:00:07.510266
34  2025-09-13T22:38:52.203Z  ...  2025-09-16T05:00:07.510269
35  2025-09-13T06:53:04.100Z  ...  2025-09-16T05:00:07.510272
36  2025-09-13T06:49:26.109Z  ...  2025-09-16T05:00:07.510275
37  2025-09-13T06:45:17.800Z  ...  2025-09-16T05:00:07.510278
38  2025-09-13T06:42:00.022Z  ...  2025-09-16T05:00:07.510280
39  2025-09-13T06:36:51.580Z  ...  2025-09-16T05:00:07.510283
40  2025-09-13T06:33:21.200Z  ...  2025-09-16T05:00:07.510285
41  2025-09-13T06:29:16.026Z  ...  2025-09-16T05:00:07.510288
42  2025-09-13T06:24:24.584Z  ...  2025-09-16T05:00:07.510290
43  2025-09-13T06:19:14.743Z  ...  2025-09-16T05:00:07.510293
44  2025-09-13T06:14:57.029Z  ...  2025-09-16T05:00:07.510296
45  2025-09-13T06:10:34.600Z  ...  2025-09-16T05:00:07.510298
46  2025-09-13T06:06:15.358Z  ...  2025-09-16T05:00:07.510301
47  2025-09-13T06:02:30.961Z  ...  2025-09-16T05:00:07.510303

[48 rows x 12 columns]
[2025-09-16T05:00:07.784+0000] {taskinstance.py:1400} INFO - Marking task as SUCCESS. dag_id=spotify_etl_pipeline, task_id=extract_songs, execution_date=20250916T040000, start_date=20250916T050005, end_date=20250916T050007
[2025-09-16T05:00:07.813+0000] {local_task_job_runner.py:228} INFO - Task exited with return code 0
[2025-09-16T05:00:07.856+0000] {taskinstance.py:2784} INFO - 1 downstream tasks scheduled from follow-on schedule check
