[2025-09-15T09:47:59.079+0000] {taskinstance.py:1159} INFO - Dependencies all met for dep_context=non-requeueable deps ti=<TaskInstance: spotify_saved_tracks_etl_pipeline.extract_saved_tracks manual__2025-09-15T09:47:50.933492+00:00 [queued]>
[2025-09-15T09:47:59.085+0000] {taskinstance.py:1159} INFO - Dependencies all met for dep_context=requeueable deps ti=<TaskInstance: spotify_saved_tracks_etl_pipeline.extract_saved_tracks manual__2025-09-15T09:47:50.933492+00:00 [queued]>
[2025-09-15T09:47:59.085+0000] {taskinstance.py:1361} INFO - Starting attempt 1 of 6
[2025-09-15T09:47:59.168+0000] {taskinstance.py:1382} INFO - Executing <Task(PythonOperator): extract_saved_tracks> on 2025-09-15 09:47:50.933492+00:00
[2025-09-15T09:47:59.178+0000] {standard_task_runner.py:57} INFO - Started process 208 to run task
[2025-09-15T09:47:59.185+0000] {standard_task_runner.py:84} INFO - Running: ['***', 'tasks', 'run', 'spotify_saved_tracks_etl_pipeline', 'extract_saved_tracks', 'manual__2025-09-15T09:47:50.933492+00:00', '--job-id', '857', '--raw', '--subdir', 'DAGS_FOLDER/spotify_saved_dag.py', '--cfg-path', '/tmp/tmp2mf169cn']
[2025-09-15T09:47:59.193+0000] {standard_task_runner.py:85} INFO - Job 857: Subtask extract_saved_tracks
[2025-09-15T09:47:59.244+0000] {task_command.py:415} INFO - Running <TaskInstance: spotify_saved_tracks_etl_pipeline.extract_saved_tracks manual__2025-09-15T09:47:50.933492+00:00 [running]> on host 537418afed42
[2025-09-15T09:47:59.308+0000] {taskinstance.py:1660} INFO - Exporting env vars: AIRFLOW_CTX_DAG_OWNER='***' AIRFLOW_CTX_DAG_ID='spotify_saved_tracks_etl_pipeline' AIRFLOW_CTX_TASK_ID='extract_saved_tracks' AIRFLOW_CTX_EXECUTION_DATE='2025-09-15T09:47:50.933492+00:00' AIRFLOW_CTX_TRY_NUMBER='1' AIRFLOW_CTX_DAG_RUN_ID='manual__2025-09-15T09:47:50.933492+00:00'
[2025-09-15T09:48:00.117+0000] {logging_mixin.py:151} INFO - Fetched 50 saved songs so far...
[2025-09-15T09:48:00.724+0000] {logging_mixin.py:151} INFO - Fetched 100 saved songs so far...
[2025-09-15T09:48:01.330+0000] {logging_mixin.py:151} INFO - Fetched 150 saved songs so far...
[2025-09-15T09:48:01.787+0000] {logging_mixin.py:151} INFO - Fetched 200 saved songs so far...
[2025-09-15T09:48:02.387+0000] {logging_mixin.py:151} INFO - Fetched 250 saved songs so far...
[2025-09-15T09:48:02.869+0000] {logging_mixin.py:151} INFO - Fetched 300 saved songs so far...
[2025-09-15T09:48:03.377+0000] {logging_mixin.py:151} INFO - Fetched 350 saved songs so far...
[2025-09-15T09:48:03.921+0000] {logging_mixin.py:151} INFO - Fetched 400 saved songs so far...
[2025-09-15T09:48:04.504+0000] {logging_mixin.py:151} INFO - Fetched 450 saved songs so far...
[2025-09-15T09:48:05.025+0000] {logging_mixin.py:151} INFO - Fetched 500 saved songs so far...
[2025-09-15T09:48:05.456+0000] {logging_mixin.py:151} INFO - Fetched 550 saved songs so far...
[2025-09-15T09:48:06.066+0000] {logging_mixin.py:151} INFO - Fetched 600 saved songs so far...
[2025-09-15T09:48:06.582+0000] {logging_mixin.py:151} INFO - Fetched 650 saved songs so far...
[2025-09-15T09:48:07.068+0000] {logging_mixin.py:151} INFO - Fetched 700 saved songs so far...
[2025-09-15T09:48:07.559+0000] {logging_mixin.py:151} INFO - Fetched 750 saved songs so far...
[2025-09-15T09:48:08.029+0000] {logging_mixin.py:151} INFO - Fetched 800 saved songs so far...
[2025-09-15T09:48:08.510+0000] {logging_mixin.py:151} INFO - Fetched 842 saved songs so far...
[2025-09-15T09:48:08.812+0000] {logging_mixin.py:151} INFO - ✅ Saved 842 tracks to data/saved_songs.csv
[2025-09-15T09:48:08.818+0000] {python.py:194} INFO - Done. Returned value was:                  added_at  ...   last_updated_datetime_utc
0    2025-09-13T06:33:51Z  ...  2025-09-15T09:48:00.117215
1    2025-09-13T06:30:51Z  ...  2025-09-15T09:48:00.117247
2    2025-09-13T05:57:39Z  ...  2025-09-15T09:48:00.117253
3    2025-09-13T04:59:17Z  ...  2025-09-15T09:48:00.117257
4    2025-09-13T04:54:03Z  ...  2025-09-15T09:48:00.117260
..                    ...  ...                         ...
837  2020-09-19T06:10:29Z  ...  2025-09-15T09:48:08.509977
838  2020-07-26T05:59:55Z  ...  2025-09-15T09:48:08.509979
839  2020-05-18T15:09:45Z  ...  2025-09-15T09:48:08.509981
840  2020-02-11T23:49:58Z  ...  2025-09-15T09:48:08.509983
841  2019-01-24T01:14:54Z  ...  2025-09-15T09:48:08.509985

[842 rows x 11 columns]
[2025-09-15T09:48:09.263+0000] {taskinstance.py:1400} INFO - Marking task as SUCCESS. dag_id=spotify_saved_tracks_etl_pipeline, task_id=extract_saved_tracks, execution_date=20250915T094750, start_date=20250915T094759, end_date=20250915T094809
[2025-09-15T09:48:09.327+0000] {local_task_job_runner.py:228} INFO - Task exited with return code 0
[2025-09-15T09:48:09.356+0000] {taskinstance.py:2784} INFO - 1 downstream tasks scheduled from follow-on schedule check
