[2025-09-30T12:00:05.436+0000] {taskinstance.py:1159} INFO - Dependencies all met for dep_context=non-requeueable deps ti=<TaskInstance: spotify_etl_pipeline.extract_songs scheduled__2025-09-30T11:00:00+00:00 [queued]>
[2025-09-30T12:00:05.444+0000] {taskinstance.py:1159} INFO - Dependencies all met for dep_context=requeueable deps ti=<TaskInstance: spotify_etl_pipeline.extract_songs scheduled__2025-09-30T11:00:00+00:00 [queued]>
[2025-09-30T12:00:05.444+0000] {taskinstance.py:1361} INFO - Starting attempt 1 of 6
[2025-09-30T12:00:05.455+0000] {taskinstance.py:1382} INFO - Executing <Task(PythonOperator): extract_songs> on 2025-09-30 11:00:00+00:00
[2025-09-30T12:00:05.460+0000] {standard_task_runner.py:57} INFO - Started process 29509 to run task
[2025-09-30T12:00:05.464+0000] {standard_task_runner.py:84} INFO - Running: ['***', 'tasks', 'run', 'spotify_etl_pipeline', 'extract_songs', 'scheduled__2025-09-30T11:00:00+00:00', '--job-id', '3096', '--raw', '--subdir', 'DAGS_FOLDER/spotify_dag.py', '--cfg-path', '/tmp/tmpf_2ebs8g']
[2025-09-30T12:00:05.466+0000] {standard_task_runner.py:85} INFO - Job 3096: Subtask extract_songs
[2025-09-30T12:00:05.695+0000] {task_command.py:415} INFO - Running <TaskInstance: spotify_etl_pipeline.extract_songs scheduled__2025-09-30T11:00:00+00:00 [running]> on host 8522660cfb6a
[2025-09-30T12:00:05.816+0000] {taskinstance.py:1660} INFO - Exporting env vars: AIRFLOW_CTX_DAG_OWNER='***' AIRFLOW_CTX_DAG_ID='spotify_etl_pipeline' AIRFLOW_CTX_TASK_ID='extract_songs' AIRFLOW_CTX_EXECUTION_DATE='2025-09-30T11:00:00+00:00' AIRFLOW_CTX_TRY_NUMBER='1' AIRFLOW_CTX_DAG_RUN_ID='scheduled__2025-09-30T11:00:00+00:00'
[2025-09-30T12:00:10.089+0000] {logging_mixin.py:151} INFO - ✅ Saved 17 artist images to data/artist_images.csv
[2025-09-30T12:00:10.100+0000] {python.py:194} INFO - Done. Returned value was: (               played_at_utc  ...   last_updated_datetime_utc
0   2025-09-30T07:45:46.749Z  ...  2025-09-30T12:00:06.497045
1   2025-09-30T07:41:40.191Z  ...  2025-09-30T12:00:06.497066
2   2025-09-30T07:39:32.587Z  ...  2025-09-30T12:00:06.497070
3   2025-09-30T07:34:34.064Z  ...  2025-09-30T12:00:06.497073
4   2025-09-30T07:31:33.151Z  ...  2025-09-30T12:00:06.497075
5   2025-09-30T07:27:39.564Z  ...  2025-09-30T12:00:06.497077
6   2025-09-30T07:26:10.238Z  ...  2025-09-30T12:00:06.497080
7   2025-09-30T07:20:39.862Z  ...  2025-09-30T12:00:06.497082
8   2025-09-30T05:38:34.654Z  ...  2025-09-30T12:00:06.497085
9   2025-09-30T05:35:14.893Z  ...  2025-09-30T12:00:06.497087
10  2025-09-30T05:31:03.079Z  ...  2025-09-30T12:00:06.497089
11  2025-09-30T05:25:03.714Z  ...  2025-09-30T12:00:06.497091
12  2025-09-30T05:23:56.403Z  ...  2025-09-30T12:00:06.497094
13  2025-09-30T05:16:24.532Z  ...  2025-09-30T12:00:06.497096
14  2025-09-30T04:04:14.369Z  ...  2025-09-30T12:00:06.497098
15  2025-09-30T04:00:54.440Z  ...  2025-09-30T12:00:06.497100
16  2025-09-30T03:55:47.791Z  ...  2025-09-30T12:00:06.497102
17  2025-09-30T03:55:12.924Z  ...  2025-09-30T12:00:06.497104
18  2025-09-30T03:49:12.432Z  ...  2025-09-30T12:00:06.497107
19  2025-09-30T03:45:59.030Z  ...  2025-09-30T12:00:06.497109
20  2025-09-30T03:42:06.302Z  ...  2025-09-30T12:00:06.497124
21  2025-09-30T03:39:05.900Z  ...  2025-09-30T12:00:06.497126
22  2025-09-30T03:36:06.050Z  ...  2025-09-30T12:00:06.497128
23  2025-09-30T03:30:26.265Z  ...  2025-09-30T12:00:06.497131
24  2025-09-30T03:26:12.720Z  ...  2025-09-30T12:00:06.497133
25  2025-09-30T03:18:19.391Z  ...  2025-09-30T12:00:06.497135
26  2025-09-30T03:06:25.428Z  ...  2025-09-30T12:00:06.497139
27  2025-09-30T02:59:41.428Z  ...  2025-09-30T12:00:06.497142
28  2025-09-30T02:47:08.558Z  ...  2025-09-30T12:00:06.497144
29  2025-09-30T02:43:30.164Z  ...  2025-09-30T12:00:06.497146
30  2025-09-30T02:41:31.342Z  ...  2025-09-30T12:00:06.497148
31  2025-09-30T02:35:56.875Z  ...  2025-09-30T12:00:06.497150
32  2025-09-30T02:32:28.626Z  ...  2025-09-30T12:00:06.497152
33  2025-09-30T02:08:02.313Z  ...  2025-09-30T12:00:06.497154
34  2025-09-30T02:03:51.616Z  ...  2025-09-30T12:00:06.497165
35  2025-09-30T02:00:02.326Z  ...  2025-09-30T12:00:06.497168
36  2025-09-29T16:15:02.971Z  ...  2025-09-30T12:00:06.497173
37  2025-09-29T14:17:35.433Z  ...  2025-09-30T12:00:06.497176
38  2025-09-29T13:00:55.782Z  ...  2025-09-30T12:00:06.497178
39  2025-09-29T12:39:55.030Z  ...  2025-09-30T12:00:06.497180
40  2025-09-29T10:20:30.642Z  ...  2025-09-30T12:00:06.497182
41  2025-09-29T10:20:02.593Z  ...  2025-09-30T12:00:06.497184
42  2025-09-29T06:09:16.476Z  ...  2025-09-30T12:00:06.497186
43  2025-09-29T05:26:07.884Z  ...  2025-09-30T12:00:06.497188
44  2025-09-28T12:08:22.737Z  ...  2025-09-30T12:00:06.497190
45  2025-09-28T11:59:41.651Z  ...  2025-09-30T12:00:06.497192
46  2025-09-28T11:56:14.013Z  ...  2025-09-30T12:00:06.497195
47  2025-09-28T11:52:44.964Z  ...  2025-09-30T12:00:06.497197
48  2025-09-28T11:47:42.054Z  ...  2025-09-30T12:00:06.497199
49  2025-09-28T11:44:42.952Z  ...  2025-09-30T12:00:06.497201

[50 rows x 12 columns],                  artist_id  ...   last_updated_datetime_utc
0   6HvZYsbFfjnjFrWF950C9d  ...  2025-09-30T12:00:06.813101
1   1Xyo4u8uXC1ZmMpatF05PJ  ...  2025-09-30T12:00:07.005772
2   06HL4z0CvFAxyc27GXpf02  ...  2025-09-30T12:00:07.185078
3   16s0YTFcyjP4kgFwt7ktrY  ...  2025-09-30T12:00:07.344775
4   2JBUyLiFvpFPWdZGqIGYLD  ...  2025-09-30T12:00:07.607347
5   2LJxr7Pt3JnP60eLxwbDOu  ...  2025-09-30T12:00:07.777566
6   2BUrzKAS9si1FCDjrTWNrl  ...  2025-09-30T12:00:08.019689
7   1z6xb7fWEynx9m92JVA8ZR  ...  2025-09-30T12:00:08.168736
8   2QcZxAgcs2I1q7CtCkl6MI  ...  2025-09-30T12:00:08.380636
9   3dI4Io8XE33J2o04ZwjR0Y  ...  2025-09-30T12:00:08.580814
10  2kHxkdiKCSnHMkhIgFBZaI  ...  2025-09-30T12:00:08.802554
11  3PhoLpVuITZKcymswpck5b  ...  2025-09-30T12:00:09.007842
12  0C0XlULifJtAgn6ZNCW2eu  ...  2025-09-30T12:00:09.176062
13  24jrxG0tKcwgAzsLuPzyMi  ...  2025-09-30T12:00:09.368265
14  1r9DuPTHiQ7hnRRZ99B8nL  ...  2025-09-30T12:00:09.577818
15  6Xy3W72s4bZ3aI5X6NTp3G  ...  2025-09-30T12:00:09.919730
16  51ZbCFgOspWvhBjd1DUYEV  ...  2025-09-30T12:00:10.080213

[17 rows x 3 columns])
[2025-09-30T12:00:10.260+0000] {taskinstance.py:1400} INFO - Marking task as SUCCESS. dag_id=spotify_etl_pipeline, task_id=extract_songs, execution_date=20250930T110000, start_date=20250930T120005, end_date=20250930T120010
[2025-09-30T12:00:10.335+0000] {local_task_job_runner.py:228} INFO - Task exited with return code 0
[2025-09-30T12:00:10.399+0000] {taskinstance.py:2784} INFO - 1 downstream tasks scheduled from follow-on schedule check
