[2025-09-15T06:56:39.028+0000] {taskinstance.py:1159} INFO - Dependencies all met for dep_context=non-requeueable deps ti=<TaskInstance: spotify_etl_pipeline.gold_view manual__2025-09-15T06:46:33.501635+00:00 [queued]>
[2025-09-15T06:56:39.036+0000] {taskinstance.py:1159} INFO - Dependencies all met for dep_context=requeueable deps ti=<TaskInstance: spotify_etl_pipeline.gold_view manual__2025-09-15T06:46:33.501635+00:00 [queued]>
[2025-09-15T06:56:39.036+0000] {taskinstance.py:1361} INFO - Starting attempt 3 of 6
[2025-09-15T06:56:39.046+0000] {taskinstance.py:1382} INFO - Executing <Task(PythonOperator): gold_view> on 2025-09-15 06:46:33.501635+00:00
[2025-09-15T06:56:39.055+0000] {standard_task_runner.py:57} INFO - Started process 32488 to run task
[2025-09-15T06:56:39.059+0000] {standard_task_runner.py:84} INFO - Running: ['***', 'tasks', 'run', 'spotify_etl_pipeline', 'gold_view', 'manual__2025-09-15T06:46:33.501635+00:00', '--job-id', '827', '--raw', '--subdir', 'DAGS_FOLDER/spotify_dag.py', '--cfg-path', '/tmp/tmplll_4grg']
[2025-09-15T06:56:39.061+0000] {standard_task_runner.py:85} INFO - Job 827: Subtask gold_view
[2025-09-15T06:56:39.118+0000] {task_command.py:415} INFO - Running <TaskInstance: spotify_etl_pipeline.gold_view manual__2025-09-15T06:46:33.501635+00:00 [running]> on host 0d0cd054d690
[2025-09-15T06:56:39.379+0000] {taskinstance.py:1660} INFO - Exporting env vars: AIRFLOW_CTX_DAG_OWNER='***' AIRFLOW_CTX_DAG_ID='spotify_etl_pipeline' AIRFLOW_CTX_TASK_ID='gold_view' AIRFLOW_CTX_EXECUTION_DATE='2025-09-15T06:46:33.501635+00:00' AIRFLOW_CTX_TRY_NUMBER='3' AIRFLOW_CTX_DAG_RUN_ID='manual__2025-09-15T06:46:33.501635+00:00'
[2025-09-15T06:56:39.393+0000] {logging_mixin.py:151} INFO - Executed sql/views/listening_history/view_monthly_genre_distribution.sql
[2025-09-15T06:56:39.395+0000] {logging_mixin.py:151} INFO - Executed sql/views/listening_history/view_monthly_genre_top_artists.sql
[2025-09-15T06:56:39.396+0000] {logging_mixin.py:151} INFO - Executed sql/views/listening_history/view_top_artists.sql
[2025-09-15T06:56:39.398+0000] {logging_mixin.py:151} INFO - Executed sql/views/listening_history/view_top_songs.sql
[2025-09-15T06:56:39.399+0000] {taskinstance.py:1943} ERROR - Task failed with exception
Traceback (most recent call last):
  File "/home/airflow/.local/lib/python3.8/site-packages/airflow/operators/python.py", line 192, in execute
    return_value = self.execute_callable()
  File "/home/airflow/.local/lib/python3.8/site-packages/airflow/operators/python.py", line 209, in execute_callable
    return self.python_callable(*self.op_args, **self.op_kwargs)
  File "/opt/airflow/etl/db_utils.py", line 11, in run_sql_scripts
    cur.execute(sql)
psycopg2.errors.UndefinedColumn: column "total_minutes" does not exist
LINE 9: ORDER BY total_minutes DESC;
                 ^

[2025-09-15T06:56:39.408+0000] {taskinstance.py:1400} INFO - Marking task as UP_FOR_RETRY. dag_id=spotify_etl_pipeline, task_id=gold_view, execution_date=20250915T064633, start_date=20250915T065639, end_date=20250915T065639
[2025-09-15T06:56:39.416+0000] {standard_task_runner.py:104} ERROR - Failed to execute job 827 for task gold_view (column "total_minutes" does not exist
LINE 9: ORDER BY total_minutes DESC;
                 ^
; 32488)
[2025-09-15T06:56:39.451+0000] {local_task_job_runner.py:228} INFO - Task exited with return code 1
[2025-09-15T06:56:39.479+0000] {taskinstance.py:2784} INFO - 0 downstream tasks scheduled from follow-on schedule check
