[2025-09-23T12:05:55.525+0000] {taskinstance.py:1159} INFO - Dependencies all met for dep_context=non-requeueable deps ti=<TaskInstance: spotify_etl_pipeline.gold_view scheduled__2025-09-23T11:00:00+00:00 [queued]>
[2025-09-23T12:05:55.531+0000] {taskinstance.py:1159} INFO - Dependencies all met for dep_context=requeueable deps ti=<TaskInstance: spotify_etl_pipeline.gold_view scheduled__2025-09-23T11:00:00+00:00 [queued]>
[2025-09-23T12:05:55.532+0000] {taskinstance.py:1361} INFO - Starting attempt 1 of 6
[2025-09-23T12:05:55.540+0000] {taskinstance.py:1382} INFO - Executing <Task(PythonOperator): gold_view> on 2025-09-23 11:00:00+00:00
[2025-09-23T12:05:55.545+0000] {standard_task_runner.py:57} INFO - Started process 33650 to run task
[2025-09-23T12:05:55.548+0000] {standard_task_runner.py:84} INFO - Running: ['***', 'tasks', 'run', 'spotify_etl_pipeline', 'gold_view', 'scheduled__2025-09-23T11:00:00+00:00', '--job-id', '1806', '--raw', '--subdir', 'DAGS_FOLDER/spotify_dag.py', '--cfg-path', '/tmp/tmpjin8kdhc']
[2025-09-23T12:05:55.551+0000] {standard_task_runner.py:85} INFO - Job 1806: Subtask gold_view
[2025-09-23T12:05:55.592+0000] {task_command.py:415} INFO - Running <TaskInstance: spotify_etl_pipeline.gold_view scheduled__2025-09-23T11:00:00+00:00 [running]> on host 8a603698361b
[2025-09-23T12:05:55.824+0000] {taskinstance.py:1660} INFO - Exporting env vars: AIRFLOW_CTX_DAG_OWNER='***' AIRFLOW_CTX_DAG_ID='spotify_etl_pipeline' AIRFLOW_CTX_TASK_ID='gold_view' AIRFLOW_CTX_EXECUTION_DATE='2025-09-23T11:00:00+00:00' AIRFLOW_CTX_TRY_NUMBER='1' AIRFLOW_CTX_DAG_RUN_ID='scheduled__2025-09-23T11:00:00+00:00'
[2025-09-23T12:05:55.832+0000] {logging_mixin.py:151} INFO - Executed sql/views/listening_history/view_monthly_genre_distribution.sql
[2025-09-23T12:05:55.834+0000] {logging_mixin.py:151} INFO - Executed sql/views/listening_history/view_monthly_genre_top_artists.sql
[2025-09-23T12:05:55.835+0000] {logging_mixin.py:151} INFO - Executed sql/views/listening_history/view_top_artists.sql
[2025-09-23T12:05:55.837+0000] {logging_mixin.py:151} INFO - Executed sql/views/listening_history/view_top_songs.sql
[2025-09-23T12:05:55.838+0000] {logging_mixin.py:151} INFO - Executed sql/views/listening_history/view_total_listening_by_day.sql
[2025-09-23T12:05:55.840+0000] {logging_mixin.py:151} INFO - Executed sql/views/listening_history/view_total_listening_overall.sql
[2025-09-23T12:05:55.841+0000] {logging_mixin.py:151} INFO - ✅ All SQL scripts executed successfully
[2025-09-23T12:05:55.841+0000] {python.py:194} INFO - Done. Returned value was: None
[2025-09-23T12:05:55.849+0000] {taskinstance.py:1400} INFO - Marking task as SUCCESS. dag_id=spotify_etl_pipeline, task_id=gold_view, execution_date=20250923T110000, start_date=20250923T120555, end_date=20250923T120555
[2025-09-23T12:05:55.871+0000] {local_task_job_runner.py:228} INFO - Task exited with return code 0
[2025-09-23T12:05:55.884+0000] {taskinstance.py:2784} INFO - 0 downstream tasks scheduled from follow-on schedule check
