[2025-09-16T05:00:24.605+0000] {taskinstance.py:1159} INFO - Dependencies all met for dep_context=non-requeueable deps ti=<TaskInstance: spotify_etl_pipeline.gold_view scheduled__2025-09-16T04:00:00+00:00 [queued]>
[2025-09-16T05:00:24.614+0000] {taskinstance.py:1159} INFO - Dependencies all met for dep_context=requeueable deps ti=<TaskInstance: spotify_etl_pipeline.gold_view scheduled__2025-09-16T04:00:00+00:00 [queued]>
[2025-09-16T05:00:24.614+0000] {taskinstance.py:1361} INFO - Starting attempt 1 of 6
[2025-09-16T05:00:24.631+0000] {taskinstance.py:1382} INFO - Executing <Task(PythonOperator): gold_view> on 2025-09-16 04:00:00+00:00
[2025-09-16T05:00:24.636+0000] {standard_task_runner.py:57} INFO - Started process 32807 to run task
[2025-09-16T05:00:24.640+0000] {standard_task_runner.py:84} INFO - Running: ['***', 'tasks', 'run', 'spotify_etl_pipeline', 'gold_view', 'scheduled__2025-09-16T04:00:00+00:00', '--job-id', '998', '--raw', '--subdir', 'DAGS_FOLDER/spotify_dag.py', '--cfg-path', '/tmp/tmpsd9xtdfn']
[2025-09-16T05:00:24.644+0000] {standard_task_runner.py:85} INFO - Job 998: Subtask gold_view
[2025-09-16T05:00:24.685+0000] {task_command.py:415} INFO - Running <TaskInstance: spotify_etl_pipeline.gold_view scheduled__2025-09-16T04:00:00+00:00 [running]> on host 537418afed42
[2025-09-16T05:00:24.968+0000] {taskinstance.py:1660} INFO - Exporting env vars: AIRFLOW_CTX_DAG_OWNER='***' AIRFLOW_CTX_DAG_ID='spotify_etl_pipeline' AIRFLOW_CTX_TASK_ID='gold_view' AIRFLOW_CTX_EXECUTION_DATE='2025-09-16T04:00:00+00:00' AIRFLOW_CTX_TRY_NUMBER='1' AIRFLOW_CTX_DAG_RUN_ID='scheduled__2025-09-16T04:00:00+00:00'
[2025-09-16T05:00:24.978+0000] {logging_mixin.py:151} INFO - Executed sql/views/listening_history/view_monthly_genre_distribution.sql
[2025-09-16T05:00:24.980+0000] {logging_mixin.py:151} INFO - Executed sql/views/listening_history/view_monthly_genre_top_artists.sql
[2025-09-16T05:00:24.981+0000] {logging_mixin.py:151} INFO - Executed sql/views/listening_history/view_top_artists.sql
[2025-09-16T05:00:24.983+0000] {logging_mixin.py:151} INFO - Executed sql/views/listening_history/view_top_songs.sql
[2025-09-16T05:00:24.984+0000] {logging_mixin.py:151} INFO - Executed sql/views/listening_history/view_total_listening_by_day.sql
[2025-09-16T05:00:24.985+0000] {logging_mixin.py:151} INFO - Executed sql/views/listening_history/view_total_listening_overall.sql
[2025-09-16T05:00:24.987+0000] {logging_mixin.py:151} INFO - ✅ All SQL scripts executed successfully
[2025-09-16T05:00:24.987+0000] {python.py:194} INFO - Done. Returned value was: None
[2025-09-16T05:00:24.993+0000] {taskinstance.py:1400} INFO - Marking task as SUCCESS. dag_id=spotify_etl_pipeline, task_id=gold_view, execution_date=20250916T040000, start_date=20250916T050024, end_date=20250916T050024
[2025-09-16T05:00:25.045+0000] {local_task_job_runner.py:228} INFO - Task exited with return code 0
[2025-09-16T05:00:25.058+0000] {taskinstance.py:2784} INFO - 0 downstream tasks scheduled from follow-on schedule check
