[2025-10-01T03:00:06.393+0000] {taskinstance.py:1159} INFO - Dependencies all met for dep_context=non-requeueable deps ti=<TaskInstance: spotify_saved_tracks_etl_pipeline.extract_saved_tracks scheduled__2025-09-29T03:00:00+00:00 [queued]>
[2025-10-01T03:00:06.413+0000] {taskinstance.py:1159} INFO - Dependencies all met for dep_context=requeueable deps ti=<TaskInstance: spotify_saved_tracks_etl_pipeline.extract_saved_tracks scheduled__2025-09-29T03:00:00+00:00 [queued]>
[2025-10-01T03:00:06.414+0000] {taskinstance.py:1361} INFO - Starting attempt 1 of 6
[2025-10-01T03:00:06.436+0000] {taskinstance.py:1382} INFO - Executing <Task(PythonOperator): extract_saved_tracks> on 2025-09-29 03:00:00+00:00
[2025-10-01T03:00:06.450+0000] {standard_task_runner.py:57} INFO - Started process 52023 to run task
[2025-10-01T03:00:06.467+0000] {standard_task_runner.py:84} INFO - Running: ['***', 'tasks', 'run', 'spotify_saved_tracks_etl_pipeline', 'extract_saved_tracks', 'scheduled__2025-09-29T03:00:00+00:00', '--job-id', '3162', '--raw', '--subdir', 'DAGS_FOLDER/spotify_saved_dag.py', '--cfg-path', '/tmp/tmpgmd1r_ae']
[2025-10-01T03:00:06.474+0000] {standard_task_runner.py:85} INFO - Job 3162: Subtask extract_saved_tracks
[2025-10-01T03:00:06.598+0000] {task_command.py:415} INFO - Running <TaskInstance: spotify_saved_tracks_etl_pipeline.extract_saved_tracks scheduled__2025-09-29T03:00:00+00:00 [running]> on host 8522660cfb6a
[2025-10-01T03:00:06.722+0000] {taskinstance.py:1660} INFO - Exporting env vars: AIRFLOW_CTX_DAG_OWNER='***' AIRFLOW_CTX_DAG_ID='spotify_saved_tracks_etl_pipeline' AIRFLOW_CTX_TASK_ID='extract_saved_tracks' AIRFLOW_CTX_EXECUTION_DATE='2025-09-29T03:00:00+00:00' AIRFLOW_CTX_TRY_NUMBER='1' AIRFLOW_CTX_DAG_RUN_ID='scheduled__2025-09-29T03:00:00+00:00'
[2025-10-01T03:00:08.067+0000] {logging_mixin.py:151} INFO - Fetched 50 saved songs so far...
[2025-10-01T03:00:08.689+0000] {logging_mixin.py:151} INFO - Fetched 100 saved songs so far...
[2025-10-01T03:00:09.369+0000] {logging_mixin.py:151} INFO - Fetched 150 saved songs so far...
[2025-10-01T03:00:09.977+0000] {logging_mixin.py:151} INFO - Fetched 200 saved songs so far...
[2025-10-01T03:00:10.613+0000] {logging_mixin.py:151} INFO - Fetched 250 saved songs so far...
[2025-10-01T03:00:11.158+0000] {logging_mixin.py:151} INFO - Fetched 300 saved songs so far...
[2025-10-01T03:00:11.714+0000] {logging_mixin.py:151} INFO - Fetched 350 saved songs so far...
[2025-10-01T03:00:12.196+0000] {logging_mixin.py:151} INFO - Fetched 400 saved songs so far...
[2025-10-01T03:00:12.853+0000] {logging_mixin.py:151} INFO - Fetched 450 saved songs so far...
[2025-10-01T03:00:13.463+0000] {logging_mixin.py:151} INFO - Fetched 500 saved songs so far...
[2025-10-01T03:00:14.046+0000] {logging_mixin.py:151} INFO - Fetched 550 saved songs so far...
[2025-10-01T03:00:14.715+0000] {logging_mixin.py:151} INFO - Fetched 600 saved songs so far...
[2025-10-01T03:00:15.631+0000] {logging_mixin.py:151} INFO - Fetched 650 saved songs so far...
[2025-10-01T03:00:16.345+0000] {logging_mixin.py:151} INFO - Fetched 700 saved songs so far...
[2025-10-01T03:00:16.806+0000] {logging_mixin.py:151} INFO - Fetched 750 saved songs so far...
[2025-10-01T03:00:17.297+0000] {logging_mixin.py:151} INFO - Fetched 800 saved songs so far...
[2025-10-01T03:00:17.810+0000] {logging_mixin.py:151} INFO - Fetched 850 saved songs so far...
[2025-10-01T03:00:18.179+0000] {logging_mixin.py:151} INFO - Fetched 867 saved songs so far...
[2025-10-01T03:00:18.605+0000] {logging_mixin.py:151} INFO - ✅ Saved 867 tracks to data/saved_songs.csv
[2025-10-01T03:01:12.684+0000] {logging_mixin.py:151} INFO - ✅ Saved 262 artist images to data/artist_images.csv
[2025-10-01T03:01:12.697+0000] {python.py:194} INFO - Done. Returned value was: (                 added_at  ...   last_updated_datetime_utc
0    2025-09-30T07:41:54Z  ...  2025-10-01T03:00:08.064776
1    2025-09-30T07:24:48Z  ...  2025-10-01T03:00:08.064844
2    2025-09-30T05:40:40Z  ...  2025-10-01T03:00:08.064867
3    2025-09-28T07:43:05Z  ...  2025-10-01T03:00:08.064879
4    2025-09-25T07:12:46Z  ...  2025-10-01T03:00:08.064888
..                    ...  ...                         ...
862  2020-09-19T06:10:29Z  ...  2025-10-01T03:00:18.179310
863  2020-07-26T05:59:55Z  ...  2025-10-01T03:00:18.179318
864  2020-05-18T15:09:45Z  ...  2025-10-01T03:00:18.179323
865  2020-02-11T23:49:58Z  ...  2025-10-01T03:00:18.179326
866  2019-01-24T01:14:54Z  ...  2025-10-01T03:00:18.179337

[867 rows x 11 columns],                   artist_id  ...   last_updated_datetime_utc
0    7nzSoJISlVJsn7O0yTeMOB  ...  2025-10-01T03:00:18.934390
1    4rdSHzO4enUlVxdQeHPGTp  ...  2025-10-01T03:00:19.100786
2    4TGQEYGf6Pu4tpMNGQ4tOR  ...  2025-10-01T03:00:19.259900
3    4m0xrEWYU0yCUFMaga015T  ...  2025-10-01T03:00:19.460955
4    7aRC4L63dBn3CiLDuWaLSI  ...  2025-10-01T03:00:19.626007
..                      ...  ...                         ...
257  3AroL2oDPiAnMpTmIQv3KP  ...  2025-10-01T03:01:11.948032
258  60AQf9DIGAbGpewI33bayw  ...  2025-10-01T03:01:12.126082
259  1DgBVE3lCnC7Osg9zpAt6N  ...  2025-10-01T03:01:12.305737
260  69RwhKw37lY73bMGaSts7C  ...  2025-10-01T03:01:12.483165
261  1km0aro5NJuoX5dE0Mub5C  ...  2025-10-01T03:01:12.660285

[262 rows x 3 columns])
[2025-10-01T03:01:12.848+0000] {taskinstance.py:1400} INFO - Marking task as SUCCESS. dag_id=spotify_saved_tracks_etl_pipeline, task_id=extract_saved_tracks, execution_date=20250929T030000, start_date=20251001T030006, end_date=20251001T030112
[2025-10-01T03:01:12.919+0000] {local_task_job_runner.py:228} INFO - Task exited with return code 0
[2025-10-01T03:01:12.952+0000] {taskinstance.py:2784} INFO - 1 downstream tasks scheduled from follow-on schedule check
